#
# There is insufficient memory for the Java Runtime Environment to continue.
# Native memory allocation (mmap) failed to map 652214272 bytes for G1 virtual space
# Possible reasons:
#   The system is out of physical RAM or swap space
#   The process is running with CompressedOops enabled, and the Java Heap may be blocking the growth of the native heap
# Possible solutions:
#   Reduce memory load on the system
#   Increase physical memory or swap space
#   Check if swap backing store is full
#   Decrease Java heap size (-Xmx/-Xms)
#   Decrease number of Java threads
#   Decrease Java thread stack sizes (-Xss)
#   Set larger code cache with -XX:ReservedCodeCacheSize=
#   JVM is running with Unscaled Compressed Oops mode in which the Java heap is
#     placed in the first 4GB address space. The Java Heap base address is the
#     maximum limit for the native heap growth. Please use -XX:HeapBaseMinAddress
#     to set the Java Heap base and to place the Java Heap above 4GB virtual address.
# This output file may be truncated or incomplete.
#
#  Out of Memory Error (os_windows.cpp:3548), pid=103116, tid=110136
#
# JRE version: OpenJDK Runtime Environment Temurin-17.0.5+8 (17.0.5+8) (build 17.0.5+8)
# Java VM: OpenJDK 64-Bit Server VM Temurin-17.0.5+8 (17.0.5+8, mixed mode, emulated-client, tiered, compressed oops, compressed class ptrs, g1 gc, windows-amd64)
# No core dump will be written. Minidumps are not enabled by default on client versions of Windows
#

---------------  S U M M A R Y ------------

Command Line: -Dsts.lsp.client=vscode -Dsts.log.file=/dev/null -XX:TieredStopAtLevel=1 -Xlog:jni+resolve=off -Dspring.config.location=file:c:\Users\yassi\.vscode\extensions\pivotal.vscode-spring-boot-1.43.0\language-server\BOOT-INF\classes\application.properties org.springframework.ide.vscode.boot.app.BootLanguageServerBootApp

Host: AMD Ryzen 5 4600H with Radeon Graphics         , 12 cores, 7G,  Windows 11 , 64 bit Build 22000 (10.0.22000.1335)
Time: Sat Jan 28 01:19:06 2023 Paris, Madrid elapsed time: 16.478246 seconds (0d 0h 0m 16s)

---------------  T H R E A D  ---------------

Current thread (0x00000270cf5a5310):  VMThread "VM Thread" [stack: 0x000000d1e7a00000,0x000000d1e7b00000] [id=110136]

Stack: [0x000000d1e7a00000,0x000000d1e7b00000]
Native frames: (J=compiled Java code, j=interpreted, Vv=VM code, C=native code)
V  [jvm.dll+0x676b3a]
V  [jvm.dll+0x831444]
V  [jvm.dll+0x832bee]
V  [jvm.dll+0x833253]
V  [jvm.dll+0x244ce5]
V  [jvm.dll+0x673a49]
V  [jvm.dll+0x66811a]
V  [jvm.dll+0x303ceb]
V  [jvm.dll+0x30b1e6]
V  [jvm.dll+0x35adbe]
V  [jvm.dll+0x35afef]
V  [jvm.dll+0x2dab88]
V  [jvm.dll+0x2d8e3c]
V  [jvm.dll+0x2d840c]
V  [jvm.dll+0x31c31b]
V  [jvm.dll+0x8376fb]
V  [jvm.dll+0x838434]
V  [jvm.dll+0x83894c]
V  [jvm.dll+0x838d24]
V  [jvm.dll+0x838df0]
V  [jvm.dll+0x7e17ea]
V  [jvm.dll+0x6759e5]
C  [ucrtbase.dll+0x26c0c]
C  [KERNEL32.DLL+0x155a0]
C  [ntdll.dll+0x485b]

VM_Operation (0x000000d1eb1fdf90): G1CollectForAllocation, mode: safepoint, requested by thread 0x00000270d17fe980


---------------  P R O C E S S  ---------------

Threads class SMR info:
_java_thread_list=0x00000270d00ce360, length=56, elements={
0x00000270cf5b9380, 0x00000270cf5b9850, 0x00000270cf5dda30, 0x00000270cf5ddf00,
0x00000270cf5de3d0, 0x00000270cf5de8a0, 0x00000270d0011590, 0x00000270d001bac0,
0x00000270d022ec60, 0x00000270d0234440, 0x00000270d09d9940, 0x00000270d1567030,
0x00000270d1546b40, 0x00000270c237cd40, 0x00000270d11ef3f0, 0x00000270d1732af0,
0x00000270d1783f80, 0x00000270d17982b0, 0x00000270d1785510, 0x00000270d17af080,
0x00000270d17aebb0, 0x00000270d17afa20, 0x00000270d17afef0, 0x00000270d17b03c0,
0x00000270d17af550, 0x00000270d17f8e10, 0x00000270d17f7130, 0x00000270d17fbe30,
0x00000270d17f7600, 0x00000270d17fc300, 0x00000270d17f9c80, 0x00000270d17fd170,
0x00000270d17f92e0, 0x00000270d17fdb10, 0x00000270d17fc7d0, 0x00000270d17fb960,
0x00000270d17fcca0, 0x00000270d17f97b0, 0x00000270d17fd640, 0x00000270d17fe4b0,
0x00000270d17faaf0, 0x00000270d17fdfe0, 0x00000270d17fe980, 0x00000270d17f7ad0,
0x00000270d17fafc0, 0x00000270d17f7fa0, 0x00000270d17f8470, 0x00000270d17f8940,
0x00000270d17fa150, 0x00000270d17fb490, 0x00000270d43b9af0, 0x00000270d43b9150,
0x00000270d43b5790, 0x00000270d43b4920, 0x00000270d43b9fc0, 0x00000270d43bb7d0
}

Java Threads: ( => current thread )
  0x00000270cf5b9380 JavaThread "Reference Handler" daemon [_thread_blocked, id=110088, stack(0x000000d1e7b00000,0x000000d1e7c00000)]
  0x00000270cf5b9850 JavaThread "Finalizer" daemon [_thread_blocked, id=14768, stack(0x000000d1e7c00000,0x000000d1e7d00000)]
  0x00000270cf5dda30 JavaThread "Signal Dispatcher" daemon [_thread_blocked, id=42156, stack(0x000000d1e7d00000,0x000000d1e7e00000)]
  0x00000270cf5ddf00 JavaThread "Attach Listener" daemon [_thread_blocked, id=98668, stack(0x000000d1e7e00000,0x000000d1e7f00000)]
  0x00000270cf5de3d0 JavaThread "Service Thread" daemon [_thread_blocked, id=8944, stack(0x000000d1e7f00000,0x000000d1e8000000)]
  0x00000270cf5de8a0 JavaThread "Monitor Deflation Thread" daemon [_thread_blocked, id=103592, stack(0x000000d1e8000000,0x000000d1e8100000)]
  0x00000270d0011590 JavaThread "C1 CompilerThread0" daemon [_thread_blocked, id=107172, stack(0x000000d1e8100000,0x000000d1e8200000)]
  0x00000270d001bac0 JavaThread "Sweeper thread" daemon [_thread_blocked, id=107656, stack(0x000000d1e8200000,0x000000d1e8300000)]
  0x00000270d022ec60 JavaThread "Notification Thread" daemon [_thread_blocked, id=7908, stack(0x000000d1e8400000,0x000000d1e8500000)]
  0x00000270d0234440 JavaThread "Common-Cleaner" daemon [_thread_blocked, id=102832, stack(0x000000d1e8600000,0x000000d1e8700000)]
  0x00000270d09d9940 JavaThread "boundedElastic-evictor-1" daemon [_thread_blocked, id=42128, stack(0x000000d1e9000000,0x000000d1e9100000)]
  0x00000270d1567030 JavaThread "pool-11-thread-1" [_thread_blocked, id=19328, stack(0x000000d1e9300000,0x000000d1e9400000)]
  0x00000270d1546b40 JavaThread "LanguageServerApp-lifecycle" [_thread_blocked, id=108464, stack(0x000000d1e9400000,0x000000d1e9500000)]
  0x00000270c237cd40 JavaThread "DestroyJavaVM" [_thread_blocked, id=94012, stack(0x000000d1e7400000,0x000000d1e7500000)]
  0x00000270d11ef3f0 JavaThread "pool-12-thread-1" [_thread_in_native, id=52072, stack(0x000000d1e9500000,0x000000d1e9600000)]
  0x00000270d1732af0 JavaThread "Simple-Language-Server main thread" daemon [_thread_blocked, id=20404, stack(0x000000d1e9600000,0x000000d1e9700000)]
  0x00000270d1783f80 JavaThread "pool-8-thread-1" [_thread_blocked, id=17776, stack(0x000000d1e9700000,0x000000d1e9800000)]
  0x00000270d17982b0 JavaThread "parallel-1" daemon [_thread_blocked, id=104740, stack(0x000000d1e9800000,0x000000d1e9900000)]
  0x00000270d1785510 JavaThread "parallel-2" daemon [_thread_blocked, id=101996, stack(0x000000d1e9900000,0x000000d1e9a00000)]
  0x00000270d17af080 JavaThread "parallel-3" daemon [_thread_blocked, id=64924, stack(0x000000d1e9a00000,0x000000d1e9b00000)]
  0x00000270d17aebb0 JavaThread "parallel-4" daemon [_thread_blocked, id=107752, stack(0x000000d1e9b00000,0x000000d1e9c00000)]
  0x00000270d17afa20 JavaThread "parallel-5" daemon [_thread_blocked, id=105340, stack(0x000000d1e9c00000,0x000000d1e9d00000)]
  0x00000270d17afef0 JavaThread "parallel-6" daemon [_thread_blocked, id=105192, stack(0x000000d1e9d00000,0x000000d1e9e00000)]
  0x00000270d17b03c0 JavaThread "parallel-7" daemon [_thread_blocked, id=102156, stack(0x000000d1e9e00000,0x000000d1e9f00000)]
  0x00000270d17af550 JavaThread "ForkJoinPool.commonPool-worker-1" daemon [_thread_blocked, id=103164, stack(0x000000d1e9f00000,0x000000d1ea000000)]
  0x00000270d17f8e10 JavaThread "pool-5-thread-1" [_thread_blocked, id=44560, stack(0x000000d1ea000000,0x000000d1ea100000)]
  0x00000270d17f7130 JavaThread "ForkJoinPool.commonPool-worker-2" daemon [_thread_blocked, id=1428, stack(0x000000d1ea100000,0x000000d1ea200000)]
  0x00000270d17fbe30 JavaThread "pool-5-thread-2" [_thread_blocked, id=33664, stack(0x000000d1ea200000,0x000000d1ea300000)]
  0x00000270d17f7600 JavaThread "parallel-8" daemon [_thread_blocked, id=104672, stack(0x000000d1ea300000,0x000000d1ea400000)]
  0x00000270d17fc300 JavaThread "ClassGraph-worker-0" daemon [_thread_blocked, id=108652, stack(0x000000d1ea400000,0x000000d1ea500000)]
  0x00000270d17f9c80 JavaThread "ClassGraph-worker-1" daemon [_thread_blocked, id=54528, stack(0x000000d1ea500000,0x000000d1ea600000)]
  0x00000270d17fd170 JavaThread "ClassGraph-worker-2" daemon [_thread_blocked, id=104172, stack(0x000000d1ea600000,0x000000d1ea700000)]
  0x00000270d17f92e0 JavaThread "ClassGraph-worker-3" daemon [_thread_blocked, id=102240, stack(0x000000d1ea700000,0x000000d1ea800000)]
  0x00000270d17fdb10 JavaThread "ClassGraph-worker-4" daemon [_thread_blocked, id=107836, stack(0x000000d1ea800000,0x000000d1ea900000)]
  0x00000270d17fc7d0 JavaThread "ClassGraph-worker-5" daemon [_thread_blocked, id=108988, stack(0x000000d1ea900000,0x000000d1eaa00000)]
  0x00000270d17fb960 JavaThread "ClassGraph-worker-6" daemon [_thread_blocked, id=14904, stack(0x000000d1eaa00000,0x000000d1eab00000)]
  0x00000270d17fcca0 JavaThread "ClassGraph-worker-7" daemon [_thread_blocked, id=109792, stack(0x000000d1eab00000,0x000000d1eac00000)]
  0x00000270d17f97b0 JavaThread "ClassGraph-worker-8" daemon [_thread_blocked, id=110072, stack(0x000000d1eac00000,0x000000d1ead00000)]
  0x00000270d17fd640 JavaThread "ClassGraph-worker-9" daemon [_thread_blocked, id=109988, stack(0x000000d1ead00000,0x000000d1eae00000)]
  0x00000270d17fe4b0 JavaThread "ClassGraph-worker-10" daemon [_thread_blocked, id=100736, stack(0x000000d1eae00000,0x000000d1eaf00000)]
  0x00000270d17faaf0 JavaThread "ClassGraph-worker-11" daemon [_thread_blocked, id=100528, stack(0x000000d1eaf00000,0x000000d1eb000000)]
  0x00000270d17fdfe0 JavaThread "ClassGraph-worker-12" daemon [_thread_blocked, id=108044, stack(0x000000d1eb000000,0x000000d1eb100000)]
  0x00000270d17fe980 JavaThread "ClassGraph-worker-13" daemon [_thread_blocked, id=96580, stack(0x000000d1eb100000,0x000000d1eb200000)]
  0x00000270d17f7ad0 JavaThread "ClassGraph-worker-14" daemon [_thread_blocked, id=103344, stack(0x000000d1eb200000,0x000000d1eb300000)]
  0x00000270d17fafc0 JavaThread "ClassGraph-worker-15" daemon [_thread_blocked, id=23332, stack(0x000000d1eb300000,0x000000d1eb400000)]
  0x00000270d17f7fa0 JavaThread "ClassGraph-worker-16" daemon [_thread_blocked, id=108404, stack(0x000000d1eb400000,0x000000d1eb500000)]
  0x00000270d17f8470 JavaThread "ClassGraph-worker-17" daemon [_thread_blocked, id=21372, stack(0x000000d1eb500000,0x000000d1eb600000)]
  0x00000270d17f8940 JavaThread "ClassGraph-worker-18" daemon [_thread_blocked, id=107808, stack(0x000000d1eb600000,0x000000d1eb700000)]
  0x00000270d17fa150 JavaThread "Reconciler-1" daemon [_thread_blocked, id=103644, stack(0x000000d1eb700000,0x000000d1eb800000)]
  0x00000270d17fb490 JavaThread "pool-6-thread-1" [_thread_blocked, id=34792, stack(0x000000d1eb900000,0x000000d1eba00000)]
  0x00000270d43b9af0 JavaThread "pool-10-thread-1" [_thread_blocked, id=109976, stack(0x000000d1eba00000,0x000000d1ebb00000)]
  0x00000270d43b9150 JavaThread "parallel-9" daemon [_thread_blocked, id=103412, stack(0x000000d1ebb00000,0x000000d1ebc00000)]
  0x00000270d43b5790 JavaThread "parallel-10" daemon [_thread_blocked, id=5508, stack(0x000000d1ebc00000,0x000000d1ebd00000)]
  0x00000270d43b4920 JavaThread "parallel-11" daemon [_thread_blocked, id=106172, stack(0x000000d1ebd00000,0x000000d1ebe00000)]
  0x00000270d43b9fc0 JavaThread "parallel-12" daemon [_thread_blocked, id=5668, stack(0x000000d1ebe00000,0x000000d1ebf00000)]
  0x00000270d43bb7d0 JavaThread "Project-Reconciler-1" daemon [_thread_blocked, id=16284, stack(0x000000d1ebf00000,0x000000d1ec000000)]

Other Threads:
=>0x00000270cf5a5310 VMThread "VM Thread" [stack: 0x000000d1e7a00000,0x000000d1e7b00000] [id=110136]
  0x00000270c23f3190 WatcherThread [stack: 0x000000d1e8500000,0x000000d1e8600000] [id=98408]
  0x00000270c23d3e00 GCTaskThread "GC Thread#0" [stack: 0x000000d1e7500000,0x000000d1e7600000] [id=15540]
  0x00000270d0bebc10 GCTaskThread "GC Thread#1" [stack: 0x000000d1e8700000,0x000000d1e8800000] [id=27892]
  0x00000270d0def0a0 GCTaskThread "GC Thread#2" [stack: 0x000000d1e8800000,0x000000d1e8900000] [id=98888]
  0x00000270d0def970 GCTaskThread "GC Thread#3" [stack: 0x000000d1e8900000,0x000000d1e8a00000] [id=107860]
  0x00000270d0df0440 GCTaskThread "GC Thread#4" [stack: 0x000000d1e8a00000,0x000000d1e8b00000] [id=95556]
  0x00000270d1055960 GCTaskThread "GC Thread#5" [stack: 0x000000d1e8b00000,0x000000d1e8c00000] [id=103904]
  0x00000270d1056830 GCTaskThread "GC Thread#6" [stack: 0x000000d1e8c00000,0x000000d1e8d00000] [id=106424]
  0x00000270d1056ae0 GCTaskThread "GC Thread#7" [stack: 0x000000d1e8d00000,0x000000d1e8e00000] [id=23944]
  0x00000270d1056d90 GCTaskThread "GC Thread#8" [stack: 0x000000d1e8e00000,0x000000d1e8f00000] [id=99580]
  0x00000270d1057650 GCTaskThread "GC Thread#9" [stack: 0x000000d1e8f00000,0x000000d1e9000000] [id=15036]
  0x00000270c23e3970 ConcurrentGCThread "G1 Main Marker" [stack: 0x000000d1e7600000,0x000000d1e7700000] [id=100592]
  0x00000270c23e5a40 ConcurrentGCThread "G1 Conc#0" [stack: 0x000000d1e7700000,0x000000d1e7800000] [id=7276]
  0x00000270d1145d40 ConcurrentGCThread "G1 Conc#1" [stack: 0x000000d1e9100000,0x000000d1e9200000] [id=107480]
  0x00000270d124f650 ConcurrentGCThread "G1 Conc#2" [stack: 0x000000d1e9200000,0x000000d1e9300000] [id=109276]
  0x00000270cf4080e0 ConcurrentGCThread "G1 Refine#0" [stack: 0x000000d1e7800000,0x000000d1e7900000] [id=103296]
  0x00000270d3e53b70 ConcurrentGCThread "G1 Refine#1" [stack: 0x000000d1eb800000,0x000000d1eb900000] [id=14024]
  0x00000270cf40b3e0 ConcurrentGCThread "G1 Service" [stack: 0x000000d1e7900000,0x000000d1e7a00000] [id=104200]

Threads with active compile tasks:
C1 CompilerThread0    16558 4382       1       jdk.internal.jimage.ImageStringsReader::stringFromByteBufferMatches (138 bytes)

VM state: at safepoint (normal execution)

VM Mutex/Monitor currently owned by a thread:  ([mutex/lock_event])
[0x00000270c009ea40] Threads_lock - owner thread: 0x00000270cf5a5310
[0x00000270c015bd70] Heap_lock - owner thread: 0x00000270d17fe980

Heap address: 0x000000008a200000, size: 1886 MB, Compressed Oops mode: 32-bit

CDS archive(s) not mapped
Compressed class space mapped at: 0x0000000100000000-0x0000000140000000, reserved size: 1073741824
Narrow klass base: 0x0000000000000000, Narrow klass shift: 3, Narrow klass range: 0x140000000

GC Precious Log:
 CPUs: 12 total, 12 available
 Memory: 7541M
 Large Page Support: Disabled
 NUMA Support: Disabled
 Compressed Oops: Enabled (32-bit)
 Heap Region Size: 1M
 Heap Min Capacity: 8M
 Heap Initial Capacity: 118M
 Heap Max Capacity: 1886M
 Pre-touch: Disabled
 Parallel Workers: 10
 Concurrent Workers: 3
 Concurrent Refinement Workers: 10
 Periodic GC: Disabled

Heap:
 garbage-first heap   total 339968K, used 106377K [0x000000008a200000, 0x0000000100000000)
  region size 1024K, 15 young (15360K), 15 survivors (15360K)
 Metaspace       used 41847K, committed 42304K, reserved 1089536K
  class space    used 5357K, committed 5568K, reserved 1048576K

Heap Regions: E=young(eden), S=young(survivor), O=old, HS=humongous(starts), HC=humongous(continues), CS=collection set, F=free, OA=open archive, CA=closed archive, TAMS=top-at-mark-start (previous, next)
|   0|0x000000008a200000, 0x000000008a300000, 0x000000008a300000|100%| O|  |TAMS 0x000000008a300000, 0x000000008a200000| Untracked 
|   1|0x000000008a300000, 0x000000008a400000, 0x000000008a400000|100%| O|  |TAMS 0x000000008a400000, 0x000000008a300000| Untracked 
|   2|0x000000008a400000, 0x000000008a500000, 0x000000008a500000|100%| O|  |TAMS 0x000000008a500000, 0x000000008a400000| Untracked 
|   3|0x000000008a500000, 0x000000008a600000, 0x000000008a600000|100%| O|  |TAMS 0x000000008a600000, 0x000000008a500000| Untracked 
|   4|0x000000008a600000, 0x000000008a700000, 0x000000008a700000|100%| O|  |TAMS 0x000000008a700000, 0x000000008a600000| Untracked 
|   5|0x000000008a700000, 0x000000008a800000, 0x000000008a800000|100%| O|  |TAMS 0x000000008a800000, 0x000000008a700000| Untracked 
|   6|0x000000008a800000, 0x000000008a900000, 0x000000008a900000|100%| O|  |TAMS 0x000000008a900000, 0x000000008a800000| Untracked 
|   7|0x000000008a900000, 0x000000008aa00000, 0x000000008aa00000|100%| O|  |TAMS 0x000000008aa00000, 0x000000008a900000| Untracked 
|   8|0x000000008aa00000, 0x000000008ab00000, 0x000000008ab00000|100%| O|  |TAMS 0x000000008ab00000, 0x000000008aa00000| Untracked 
|   9|0x000000008ab00000, 0x000000008ac00000, 0x000000008ac00000|100%| O|  |TAMS 0x000000008ac00000, 0x000000008ab00000| Untracked 
|  10|0x000000008ac00000, 0x000000008ad00000, 0x000000008ad00000|100%| O|  |TAMS 0x000000008ad00000, 0x000000008ac00000| Untracked 
|  11|0x000000008ad00000, 0x000000008ae00000, 0x000000008ae00000|100%| O|  |TAMS 0x000000008ae00000, 0x000000008ad00000| Untracked 
|  12|0x000000008ae00000, 0x000000008af00000, 0x000000008af00000|100%| O|  |TAMS 0x000000008af00000, 0x000000008ae00000| Untracked 
|  13|0x000000008af00000, 0x000000008b000000, 0x000000008b000000|100%| O|  |TAMS 0x000000008b000000, 0x000000008af00000| Untracked 
|  14|0x000000008b000000, 0x000000008b100000, 0x000000008b100000|100%| O|  |TAMS 0x000000008b100000, 0x000000008b000000| Untracked 
|  15|0x000000008b100000, 0x000000008b200000, 0x000000008b200000|100%| O|  |TAMS 0x000000008b200000, 0x000000008b100000| Untracked 
|  16|0x000000008b200000, 0x000000008b300000, 0x000000008b300000|100%| O|  |TAMS 0x000000008b300000, 0x000000008b200000| Untracked 
|  17|0x000000008b300000, 0x000000008b400000, 0x000000008b400000|100%| O|  |TAMS 0x000000008b400000, 0x000000008b300000| Untracked 
|  18|0x000000008b400000, 0x000000008b500000, 0x000000008b500000|100%| O|  |TAMS 0x000000008b500000, 0x000000008b400000| Untracked 
|  19|0x000000008b500000, 0x000000008b600000, 0x000000008b600000|100%| O|  |TAMS 0x000000008b600000, 0x000000008b500000| Untracked 
|  20|0x000000008b600000, 0x000000008b700000, 0x000000008b700000|100%| O|  |TAMS 0x000000008b700000, 0x000000008b600000| Untracked 
|  21|0x000000008b700000, 0x000000008b800000, 0x000000008b800000|100%| O|  |TAMS 0x000000008b800000, 0x000000008b700000| Untracked 
|  22|0x000000008b800000, 0x000000008b900000, 0x000000008b900000|100%| O|  |TAMS 0x000000008b900000, 0x000000008b800000| Untracked 
|  23|0x000000008b900000, 0x000000008ba00000, 0x000000008ba00000|100%| O|  |TAMS 0x000000008ba00000, 0x000000008b900000| Untracked 
|  24|0x000000008ba00000, 0x000000008bb00000, 0x000000008bb00000|100%| O|  |TAMS 0x000000008bb00000, 0x000000008ba00000| Untracked 
|  25|0x000000008bb00000, 0x000000008bc00000, 0x000000008bc00000|100%| O|  |TAMS 0x000000008bc00000, 0x000000008bb00000| Untracked 
|  26|0x000000008bc00000, 0x000000008bd00000, 0x000000008bd00000|100%| O|  |TAMS 0x000000008bd00000, 0x000000008bc00000| Untracked 
|  27|0x000000008bd00000, 0x000000008be00000, 0x000000008be00000|100%| O|  |TAMS 0x000000008be00000, 0x000000008bd00000| Untracked 
|  28|0x000000008be00000, 0x000000008bf00000, 0x000000008bf00000|100%| O|  |TAMS 0x000000008bf00000, 0x000000008be00000| Untracked 
|  29|0x000000008bf00000, 0x000000008bfe3000, 0x000000008c000000| 88%| O|  |TAMS 0x000000008bfe3000, 0x000000008bf00000| Untracked 
|  30|0x000000008c000000, 0x000000008c100000, 0x000000008c100000|100%| O|  |TAMS 0x000000008c100000, 0x000000008c000000| Untracked 
|  31|0x000000008c100000, 0x000000008c200000, 0x000000008c200000|100%| O|  |TAMS 0x000000008c200000, 0x000000008c100000| Untracked 
|  32|0x000000008c200000, 0x000000008c300000, 0x000000008c300000|100%| O|  |TAMS 0x000000008c300000, 0x000000008c200000| Untracked 
|  33|0x000000008c300000, 0x000000008c400000, 0x000000008c400000|100%| O|  |TAMS 0x000000008c400000, 0x000000008c300000| Untracked 
|  34|0x000000008c400000, 0x000000008c500000, 0x000000008c500000|100%| O|  |TAMS 0x000000008c500000, 0x000000008c400000| Untracked 
|  35|0x000000008c500000, 0x000000008c600000, 0x000000008c600000|100%| O|  |TAMS 0x000000008c600000, 0x000000008c500000| Untracked 
|  36|0x000000008c600000, 0x000000008c700000, 0x000000008c700000|100%| O|  |TAMS 0x000000008c700000, 0x000000008c600000| Untracked 
|  37|0x000000008c700000, 0x000000008c800000, 0x000000008c800000|100%| O|  |TAMS 0x000000008c800000, 0x000000008c700000| Untracked 
|  38|0x000000008c800000, 0x000000008c900000, 0x000000008c900000|100%| O|  |TAMS 0x000000008c900000, 0x000000008c800000| Untracked 
|  39|0x000000008c900000, 0x000000008ca00000, 0x000000008ca00000|100%| O|  |TAMS 0x000000008ca00000, 0x000000008c900000| Untracked 
|  40|0x000000008ca00000, 0x000000008cb00000, 0x000000008cb00000|100%| O|  |TAMS 0x000000008cb00000, 0x000000008ca00000| Untracked 
|  41|0x000000008cb00000, 0x000000008cc00000, 0x000000008cc00000|100%| O|  |TAMS 0x000000008cc00000, 0x000000008cb00000| Untracked 
|  42|0x000000008cc00000, 0x000000008cd00000, 0x000000008cd00000|100%| O|  |TAMS 0x000000008cd00000, 0x000000008cc00000| Untracked 
|  43|0x000000008cd00000, 0x000000008ce00000, 0x000000008ce00000|100%| O|  |TAMS 0x000000008ce00000, 0x000000008cd00000| Untracked 
|  44|0x000000008ce00000, 0x000000008cf00000, 0x000000008cf00000|100%| O|  |TAMS 0x000000008cf00000, 0x000000008ce00000| Untracked 
|  45|0x000000008cf00000, 0x000000008d000000, 0x000000008d000000|100%| O|  |TAMS 0x000000008d000000, 0x000000008cf00000| Untracked 
|  46|0x000000008d000000, 0x000000008d100000, 0x000000008d100000|100%| O|  |TAMS 0x000000008d100000, 0x000000008d000000| Untracked 
|  47|0x000000008d100000, 0x000000008d100000, 0x000000008d200000|  0%| F|  |TAMS 0x000000008d100000, 0x000000008d100000| Untracked 
|  48|0x000000008d200000, 0x000000008d300000, 0x000000008d300000|100%| O|  |TAMS 0x000000008d300000, 0x000000008d200000| Untracked 
|  49|0x000000008d300000, 0x000000008d400000, 0x000000008d400000|100%|HS|  |TAMS 0x000000008d400000, 0x000000008d300000| Complete 
|  50|0x000000008d400000, 0x000000008d500000, 0x000000008d500000|100%| O|  |TAMS 0x000000008d500000, 0x000000008d400000| Untracked 
|  51|0x000000008d500000, 0x000000008d600000, 0x000000008d600000|100%| O|  |TAMS 0x000000008d600000, 0x000000008d500000| Untracked 
|  52|0x000000008d600000, 0x000000008d700000, 0x000000008d700000|100%| O|  |TAMS 0x000000008d700000, 0x000000008d600000| Untracked 
|  53|0x000000008d700000, 0x000000008d800000, 0x000000008d800000|100%| O|  |TAMS 0x000000008d800000, 0x000000008d700000| Untracked 
|  54|0x000000008d800000, 0x000000008d900000, 0x000000008d900000|100%|HS|  |TAMS 0x000000008d800000, 0x000000008d800000| Complete 
|  55|0x000000008d900000, 0x000000008da00000, 0x000000008da00000|100%| O|  |TAMS 0x000000008da00000, 0x000000008d900000| Untracked 
|  56|0x000000008da00000, 0x000000008db00000, 0x000000008db00000|100%| O|  |TAMS 0x000000008db00000, 0x000000008da00000| Untracked 
|  57|0x000000008db00000, 0x000000008dc00000, 0x000000008dc00000|100%| O|  |TAMS 0x000000008dc00000, 0x000000008db00000| Untracked 
|  58|0x000000008dc00000, 0x000000008dd00000, 0x000000008dd00000|100%| O|  |TAMS 0x000000008dd00000, 0x000000008dc00000| Untracked 
|  59|0x000000008dd00000, 0x000000008de00000, 0x000000008de00000|100%| O|  |TAMS 0x000000008de00000, 0x000000008dd00000| Untracked 
|  60|0x000000008de00000, 0x000000008df00000, 0x000000008df00000|100%| O|  |TAMS 0x000000008df00000, 0x000000008de00000| Untracked 
|  61|0x000000008df00000, 0x000000008df00000, 0x000000008e000000|  0%| F|  |TAMS 0x000000008df00000, 0x000000008df00000| Untracked 
|  62|0x000000008e000000, 0x000000008e100000, 0x000000008e100000|100%| O|  |TAMS 0x000000008e100000, 0x000000008e000000| Untracked 
|  63|0x000000008e100000, 0x000000008e200000, 0x000000008e200000|100%| O|  |TAMS 0x000000008e200000, 0x000000008e100000| Untracked 
|  64|0x000000008e200000, 0x000000008e300000, 0x000000008e300000|100%| O|  |TAMS 0x000000008e300000, 0x000000008e200000| Untracked 
|  65|0x000000008e300000, 0x000000008e400000, 0x000000008e400000|100%| O|  |TAMS 0x000000008e400000, 0x000000008e300000| Untracked 
|  66|0x000000008e400000, 0x000000008e500000, 0x000000008e500000|100%| O|  |TAMS 0x000000008e500000, 0x000000008e400000| Untracked 
|  67|0x000000008e500000, 0x000000008e600000, 0x000000008e600000|100%| O|  |TAMS 0x000000008e600000, 0x000000008e500000| Untracked 
|  68|0x000000008e600000, 0x000000008e700000, 0x000000008e700000|100%| O|  |TAMS 0x000000008e700000, 0x000000008e600000| Untracked 
|  69|0x000000008e700000, 0x000000008e800000, 0x000000008e800000|100%| O|  |TAMS 0x000000008e800000, 0x000000008e700000| Untracked 
|  70|0x000000008e800000, 0x000000008e900000, 0x000000008e900000|100%| O|  |TAMS 0x000000008e900000, 0x000000008e800000| Untracked 
|  71|0x000000008e900000, 0x000000008ea00000, 0x000000008ea00000|100%| O|  |TAMS 0x000000008ea00000, 0x000000008e900000| Untracked 
|  72|0x000000008ea00000, 0x000000008eb00000, 0x000000008eb00000|100%| O|  |TAMS 0x000000008eb00000, 0x000000008ea00000| Untracked 
|  73|0x000000008eb00000, 0x000000008ec00000, 0x000000008ec00000|100%| O|  |TAMS 0x000000008ebfb800, 0x000000008eb00000| Untracked 
|  74|0x000000008ec00000, 0x000000008ed00000, 0x000000008ed00000|100%| O|  |TAMS 0x000000008ec00000, 0x000000008ec00000| Untracked 
|  75|0x000000008ed00000, 0x000000008ee00000, 0x000000008ee00000|100%| O|  |TAMS 0x000000008ed00000, 0x000000008ed00000| Untracked 
|  76|0x000000008ee00000, 0x000000008ef00000, 0x000000008ef00000|100%| O|  |TAMS 0x000000008ee00000, 0x000000008ee00000| Untracked 
|  77|0x000000008ef00000, 0x000000008f000000, 0x000000008f000000|100%| O|  |TAMS 0x000000008ef00000, 0x000000008ef00000| Untracked 
|  78|0x000000008f000000, 0x000000008f100000, 0x000000008f100000|100%| O|  |TAMS 0x000000008f000000, 0x000000008f000000| Untracked 
|  79|0x000000008f100000, 0x000000008f200000, 0x000000008f200000|100%| O|  |TAMS 0x000000008f100000, 0x000000008f100000| Untracked 
|  80|0x000000008f200000, 0x000000008f300000, 0x000000008f300000|100%| O|  |TAMS 0x000000008f200000, 0x000000008f200000| Untracked 
|  81|0x000000008f300000, 0x000000008f400000, 0x000000008f400000|100%| O|  |TAMS 0x000000008f300000, 0x000000008f300000| Untracked 
|  82|0x000000008f400000, 0x000000008f500000, 0x000000008f500000|100%| O|  |TAMS 0x000000008f400000, 0x000000008f400000| Untracked 
|  83|0x000000008f500000, 0x000000008f600000, 0x000000008f600000|100%| O|  |TAMS 0x000000008f500000, 0x000000008f500000| Untracked 
|  84|0x000000008f600000, 0x000000008f700000, 0x000000008f700000|100%| O|  |TAMS 0x000000008f600000, 0x000000008f600000| Untracked 
|  85|0x000000008f700000, 0x000000008f800000, 0x000000008f800000|100%| O|  |TAMS 0x000000008f700000, 0x000000008f700000| Untracked 
|  86|0x000000008f800000, 0x000000008f900000, 0x000000008f900000|100%| O|  |TAMS 0x000000008f800000, 0x000000008f800000| Untracked 
|  87|0x000000008f900000, 0x000000008fa00000, 0x000000008fa00000|100%| O|  |TAMS 0x000000008f900000, 0x000000008f900000| Untracked 
|  88|0x000000008fa00000, 0x000000008fb00000, 0x000000008fb00000|100%| O|  |TAMS 0x000000008fa00000, 0x000000008fa00000| Untracked 
|  89|0x000000008fb00000, 0x000000008fc00000, 0x000000008fc00000|100%| O|  |TAMS 0x000000008fb00000, 0x000000008fb00000| Untracked 
|  90|0x000000008fc00000, 0x000000008fd00000, 0x000000008fd00000|100%| O|  |TAMS 0x000000008fc00000, 0x000000008fc00000| Untracked 
|  91|0x000000008fd00000, 0x000000008fd00a00, 0x000000008fe00000|  0%| O|  |TAMS 0x000000008fd00000, 0x000000008fd00000| Untracked 
|  92|0x000000008fe00000, 0x000000008fe00000, 0x000000008ff00000|  0%| F|  |TAMS 0x000000008fe00000, 0x000000008fe00000| Untracked 
|  93|0x000000008ff00000, 0x000000008ff00000, 0x0000000090000000|  0%| F|  |TAMS 0x000000008ff00000, 0x000000008ff00000| Untracked 
|  94|0x0000000090000000, 0x0000000090000000, 0x0000000090100000|  0%| F|  |TAMS 0x0000000090000000, 0x0000000090000000| Untracked 
|  95|0x0000000090100000, 0x0000000090100000, 0x0000000090200000|  0%| F|  |TAMS 0x0000000090100000, 0x0000000090100000| Untracked 
|  96|0x0000000090200000, 0x0000000090200000, 0x0000000090300000|  0%| F|  |TAMS 0x0000000090200000, 0x0000000090200000| Untracked 
|  97|0x0000000090300000, 0x0000000090300000, 0x0000000090400000|  0%| F|  |TAMS 0x0000000090300000, 0x0000000090300000| Untracked 
|  98|0x0000000090400000, 0x0000000090400000, 0x0000000090500000|  0%| F|  |TAMS 0x0000000090400000, 0x0000000090400000| Untracked 
|  99|0x0000000090500000, 0x0000000090500000, 0x0000000090600000|  0%| F|  |TAMS 0x0000000090500000, 0x0000000090500000| Untracked 
| 100|0x0000000090600000, 0x0000000090600000, 0x0000000090700000|  0%| F|  |TAMS 0x0000000090600000, 0x0000000090600000| Untracked 
| 101|0x0000000090700000, 0x0000000090700000, 0x0000000090800000|  0%| F|  |TAMS 0x0000000090700000, 0x0000000090700000| Untracked 
| 102|0x0000000090800000, 0x0000000090800000, 0x0000000090900000|  0%| F|  |TAMS 0x0000000090800000, 0x0000000090800000| Untracked 
| 103|0x0000000090900000, 0x0000000090900000, 0x0000000090a00000|  0%| F|  |TAMS 0x0000000090900000, 0x0000000090900000| Untracked 
| 104|0x0000000090a00000, 0x0000000090a00000, 0x0000000090b00000|  0%| F|  |TAMS 0x0000000090a00000, 0x0000000090a00000| Untracked 
| 105|0x0000000090b00000, 0x0000000090b00000, 0x0000000090c00000|  0%| F|  |TAMS 0x0000000090b00000, 0x0000000090b00000| Untracked 
| 106|0x0000000090c00000, 0x0000000090c00000, 0x0000000090d00000|  0%| F|  |TAMS 0x0000000090c00000, 0x0000000090c00000| Untracked 
| 107|0x0000000090d00000, 0x0000000090d00000, 0x0000000090e00000|  0%| F|  |TAMS 0x0000000090d00000, 0x0000000090d00000| Untracked 
| 108|0x0000000090e00000, 0x0000000090e00000, 0x0000000090f00000|  0%| F|  |TAMS 0x0000000090e00000, 0x0000000090e00000| Untracked 
| 109|0x0000000090f00000, 0x0000000090f00000, 0x0000000091000000|  0%| F|  |TAMS 0x0000000090f00000, 0x0000000090f00000| Untracked 
| 110|0x0000000091000000, 0x0000000091000000, 0x0000000091100000|  0%| F|  |TAMS 0x0000000091000000, 0x0000000091000000| Untracked 
| 111|0x0000000091100000, 0x0000000091100000, 0x0000000091200000|  0%| F|  |TAMS 0x0000000091100000, 0x0000000091100000| Untracked 
| 112|0x0000000091200000, 0x0000000091200000, 0x0000000091300000|  0%| F|  |TAMS 0x0000000091200000, 0x0000000091200000| Untracked 
| 113|0x0000000091300000, 0x0000000091300000, 0x0000000091400000|  0%| F|  |TAMS 0x0000000091300000, 0x0000000091300000| Untracked 
| 114|0x0000000091400000, 0x0000000091400000, 0x0000000091500000|  0%| F|  |TAMS 0x0000000091400000, 0x0000000091400000| Untracked 
| 115|0x0000000091500000, 0x0000000091500000, 0x0000000091600000|  0%| F|  |TAMS 0x0000000091500000, 0x0000000091500000| Untracked 
| 116|0x0000000091600000, 0x0000000091600000, 0x0000000091700000|  0%| F|  |TAMS 0x0000000091600000, 0x0000000091600000| Untracked 
| 117|0x0000000091700000, 0x0000000091700000, 0x0000000091800000|  0%| F|  |TAMS 0x0000000091700000, 0x0000000091700000| Untracked 
| 118|0x0000000091800000, 0x0000000091800000, 0x0000000091900000|  0%| F|  |TAMS 0x0000000091800000, 0x0000000091800000| Untracked 
| 119|0x0000000091900000, 0x0000000091900000, 0x0000000091a00000|  0%| F|  |TAMS 0x0000000091900000, 0x0000000091900000| Untracked 
| 120|0x0000000091a00000, 0x0000000091a00000, 0x0000000091b00000|  0%| F|  |TAMS 0x0000000091a00000, 0x0000000091a00000| Untracked 
| 121|0x0000000091b00000, 0x0000000091b00000, 0x0000000091c00000|  0%| F|  |TAMS 0x0000000091b00000, 0x0000000091b00000| Untracked 
| 122|0x0000000091c00000, 0x0000000091c00000, 0x0000000091d00000|  0%| F|  |TAMS 0x0000000091c00000, 0x0000000091c00000| Untracked 
| 123|0x0000000091d00000, 0x0000000091d00000, 0x0000000091e00000|  0%| F|  |TAMS 0x0000000091d00000, 0x0000000091d00000| Untracked 
| 124|0x0000000091e00000, 0x0000000091e00000, 0x0000000091f00000|  0%| F|  |TAMS 0x0000000091e00000, 0x0000000091e00000| Untracked 
| 125|0x0000000091f00000, 0x0000000091f00000, 0x0000000092000000|  0%| F|  |TAMS 0x0000000091f00000, 0x0000000091f00000| Untracked 
| 126|0x0000000092000000, 0x0000000092000000, 0x0000000092100000|  0%| F|  |TAMS 0x0000000092000000, 0x0000000092000000| Untracked 
| 127|0x0000000092100000, 0x0000000092100000, 0x0000000092200000|  0%| F|  |TAMS 0x0000000092100000, 0x0000000092100000| Untracked 
| 128|0x0000000092200000, 0x0000000092200000, 0x0000000092300000|  0%| F|  |TAMS 0x0000000092200000, 0x0000000092200000| Untracked 
| 129|0x0000000092300000, 0x0000000092300000, 0x0000000092400000|  0%| F|  |TAMS 0x0000000092300000, 0x0000000092300000| Untracked 
| 130|0x0000000092400000, 0x0000000092400000, 0x0000000092500000|  0%| F|  |TAMS 0x0000000092400000, 0x0000000092400000| Untracked 
| 131|0x0000000092500000, 0x0000000092500000, 0x0000000092600000|  0%| F|  |TAMS 0x0000000092500000, 0x0000000092500000| Untracked 
| 132|0x0000000092600000, 0x0000000092600000, 0x0000000092700000|  0%| F|  |TAMS 0x0000000092600000, 0x0000000092600000| Untracked 
| 133|0x0000000092700000, 0x0000000092700000, 0x0000000092800000|  0%| F|  |TAMS 0x0000000092700000, 0x0000000092700000| Untracked 
| 134|0x0000000092800000, 0x0000000092800000, 0x0000000092900000|  0%| F|  |TAMS 0x0000000092800000, 0x0000000092800000| Untracked 
| 135|0x0000000092900000, 0x0000000092900000, 0x0000000092a00000|  0%| F|  |TAMS 0x0000000092900000, 0x0000000092900000| Untracked 
| 136|0x0000000092a00000, 0x0000000092a00000, 0x0000000092b00000|  0%| F|  |TAMS 0x0000000092a00000, 0x0000000092a00000| Untracked 
| 137|0x0000000092b00000, 0x0000000092b00000, 0x0000000092c00000|  0%| F|  |TAMS 0x0000000092b00000, 0x0000000092b00000| Untracked 
| 138|0x0000000092c00000, 0x0000000092c00000, 0x0000000092d00000|  0%| F|  |TAMS 0x0000000092c00000, 0x0000000092c00000| Untracked 
| 139|0x0000000092d00000, 0x0000000092d00000, 0x0000000092e00000|  0%| F|  |TAMS 0x0000000092d00000, 0x0000000092d00000| Untracked 
| 140|0x0000000092e00000, 0x0000000092e00000, 0x0000000092f00000|  0%| F|  |TAMS 0x0000000092e00000, 0x0000000092e00000| Untracked 
| 141|0x0000000092f00000, 0x0000000092ffea40, 0x0000000093000000| 99%| S|CS|TAMS 0x0000000092f00000, 0x0000000092f00000| Complete 
| 142|0x0000000093000000, 0x0000000093100000, 0x0000000093100000|100%| S|CS|TAMS 0x0000000093000000, 0x0000000093000000| Complete 
| 143|0x0000000093100000, 0x0000000093200000, 0x0000000093200000|100%| S|CS|TAMS 0x0000000093100000, 0x0000000093100000| Complete 
| 144|0x0000000093200000, 0x0000000093300000, 0x0000000093300000|100%| S|CS|TAMS 0x0000000093200000, 0x0000000093200000| Complete 
| 145|0x0000000093300000, 0x0000000093400000, 0x0000000093400000|100%| S|CS|TAMS 0x0000000093300000, 0x0000000093300000| Complete 
| 146|0x0000000093400000, 0x0000000093500000, 0x0000000093500000|100%| S|CS|TAMS 0x0000000093400000, 0x0000000093400000| Complete 
| 147|0x0000000093500000, 0x0000000093600000, 0x0000000093600000|100%| S|CS|TAMS 0x0000000093500000, 0x0000000093500000| Complete 
| 148|0x0000000093600000, 0x0000000093700000, 0x0000000093700000|100%| S|CS|TAMS 0x0000000093600000, 0x0000000093600000| Complete 
| 149|0x0000000093700000, 0x0000000093800000, 0x0000000093800000|100%| S|CS|TAMS 0x0000000093700000, 0x0000000093700000| Complete 
| 150|0x0000000093800000, 0x0000000093900000, 0x0000000093900000|100%| S|CS|TAMS 0x0000000093800000, 0x0000000093800000| Complete 
| 151|0x0000000093900000, 0x0000000093a00000, 0x0000000093a00000|100%| S|CS|TAMS 0x0000000093900000, 0x0000000093900000| Complete 
| 152|0x0000000093a00000, 0x0000000093a00000, 0x0000000093b00000|  0%| F|  |TAMS 0x0000000093a00000, 0x0000000093a00000| Untracked 
| 153|0x0000000093b00000, 0x0000000093b00000, 0x0000000093c00000|  0%| F|  |TAMS 0x0000000093b00000, 0x0000000093b00000| Untracked 
| 154|0x0000000093c00000, 0x0000000093c00000, 0x0000000093d00000|  0%| F|  |TAMS 0x0000000093c00000, 0x0000000093c00000| Untracked 
| 155|0x0000000093d00000, 0x0000000093d00000, 0x0000000093e00000|  0%| F|  |TAMS 0x0000000093d00000, 0x0000000093d00000| Untracked 
| 156|0x0000000093e00000, 0x0000000093e00000, 0x0000000093f00000|  0%| F|  |TAMS 0x0000000093e00000, 0x0000000093e00000| Untracked 
| 157|0x0000000093f00000, 0x0000000093f00000, 0x0000000094000000|  0%| F|  |TAMS 0x0000000093f00000, 0x0000000093f00000| Untracked 
| 158|0x0000000094000000, 0x0000000094000000, 0x0000000094100000|  0%| F|  |TAMS 0x0000000094000000, 0x0000000094000000| Untracked 
| 159|0x0000000094100000, 0x0000000094100000, 0x0000000094200000|  0%| F|  |TAMS 0x0000000094100000, 0x0000000094100000| Untracked 
| 160|0x0000000094200000, 0x0000000094200000, 0x0000000094300000|  0%| F|  |TAMS 0x0000000094200000, 0x0000000094200000| Untracked 
| 161|0x0000000094300000, 0x0000000094400000, 0x0000000094400000|100%| S|CS|TAMS 0x0000000094300000, 0x0000000094300000| Complete 
| 162|0x0000000094400000, 0x0000000094500000, 0x0000000094500000|100%| S|CS|TAMS 0x0000000094400000, 0x0000000094400000| Complete 
| 163|0x0000000094500000, 0x0000000094600000, 0x0000000094600000|100%| S|CS|TAMS 0x0000000094500000, 0x0000000094500000| Complete 
| 164|0x0000000094600000, 0x0000000094700000, 0x0000000094700000|100%| S|CS|TAMS 0x0000000094600000, 0x0000000094600000| Complete 
| 165|0x0000000094700000, 0x0000000094700000, 0x0000000094800000|  0%| F|  |TAMS 0x0000000094700000, 0x0000000094700000| Untracked 
| 166|0x0000000094800000, 0x0000000094800000, 0x0000000094900000|  0%| F|  |TAMS 0x0000000094800000, 0x0000000094800000| Untracked 
| 167|0x0000000094900000, 0x0000000094900000, 0x0000000094a00000|  0%| F|  |TAMS 0x0000000094900000, 0x0000000094900000| Untracked 
| 168|0x0000000094a00000, 0x0000000094a00000, 0x0000000094b00000|  0%| F|  |TAMS 0x0000000094a00000, 0x0000000094a00000| Untracked 
| 169|0x0000000094b00000, 0x0000000094b00000, 0x0000000094c00000|  0%| F|  |TAMS 0x0000000094b00000, 0x0000000094b00000| Untracked 
| 170|0x0000000094c00000, 0x0000000094c00000, 0x0000000094d00000|  0%| F|  |TAMS 0x0000000094c00000, 0x0000000094c00000| Untracked 
| 171|0x0000000094d00000, 0x0000000094d00000, 0x0000000094e00000|  0%| F|  |TAMS 0x0000000094d00000, 0x0000000094d00000| Untracked 
| 172|0x0000000094e00000, 0x0000000094e00000, 0x0000000094f00000|  0%| F|  |TAMS 0x0000000094e00000, 0x0000000094e00000| Untracked 
| 173|0x0000000094f00000, 0x0000000094f00000, 0x0000000095000000|  0%| F|  |TAMS 0x0000000094f00000, 0x0000000094f00000| Untracked 
| 174|0x0000000095000000, 0x0000000095000000, 0x0000000095100000|  0%| F|  |TAMS 0x0000000095000000, 0x0000000095000000| Untracked 
| 175|0x0000000095100000, 0x0000000095100000, 0x0000000095200000|  0%| F|  |TAMS 0x0000000095100000, 0x0000000095100000| Untracked 
| 176|0x0000000095200000, 0x0000000095200000, 0x0000000095300000|  0%| F|  |TAMS 0x0000000095200000, 0x0000000095200000| Untracked 
| 177|0x0000000095300000, 0x0000000095300000, 0x0000000095400000|  0%| F|  |TAMS 0x0000000095300000, 0x0000000095300000| Untracked 
| 178|0x0000000095400000, 0x0000000095400000, 0x0000000095500000|  0%| F|  |TAMS 0x0000000095400000, 0x0000000095400000| Untracked 
| 179|0x0000000095500000, 0x0000000095500000, 0x0000000095600000|  0%| F|  |TAMS 0x0000000095500000, 0x0000000095500000| Untracked 
| 180|0x0000000095600000, 0x0000000095600000, 0x0000000095700000|  0%| F|  |TAMS 0x0000000095600000, 0x0000000095600000| Untracked 
| 181|0x0000000095700000, 0x0000000095700000, 0x0000000095800000|  0%| F|  |TAMS 0x0000000095700000, 0x0000000095700000| Untracked 
| 182|0x0000000095800000, 0x0000000095800000, 0x0000000095900000|  0%| F|  |TAMS 0x0000000095800000, 0x0000000095800000| Untracked 
| 183|0x0000000095900000, 0x0000000095900000, 0x0000000095a00000|  0%| F|  |TAMS 0x0000000095900000, 0x0000000095900000| Untracked 
| 184|0x0000000095a00000, 0x0000000095a00000, 0x0000000095b00000|  0%| F|  |TAMS 0x0000000095a00000, 0x0000000095a00000| Untracked 
| 185|0x0000000095b00000, 0x0000000095b00000, 0x0000000095c00000|  0%| F|  |TAMS 0x0000000095b00000, 0x0000000095b00000| Untracked 
| 186|0x0000000095c00000, 0x0000000095c00000, 0x0000000095d00000|  0%| F|  |TAMS 0x0000000095c00000, 0x0000000095c00000| Untracked 
| 187|0x0000000095d00000, 0x0000000095d00000, 0x0000000095e00000|  0%| F|  |TAMS 0x0000000095d00000, 0x0000000095d00000| Untracked 
| 188|0x0000000095e00000, 0x0000000095e00000, 0x0000000095f00000|  0%| F|  |TAMS 0x0000000095e00000, 0x0000000095e00000| Untracked 
| 189|0x0000000095f00000, 0x0000000095f00000, 0x0000000096000000|  0%| F|  |TAMS 0x0000000095f00000, 0x0000000095f00000| Untracked 
| 190|0x0000000096000000, 0x0000000096000000, 0x0000000096100000|  0%| F|  |TAMS 0x0000000096000000, 0x0000000096000000| Untracked 
| 191|0x0000000096100000, 0x0000000096100000, 0x0000000096200000|  0%| F|  |TAMS 0x0000000096100000, 0x0000000096100000| Untracked 
| 192|0x0000000096200000, 0x0000000096200000, 0x0000000096300000|  0%| F|  |TAMS 0x0000000096200000, 0x0000000096200000| Untracked 
| 193|0x0000000096300000, 0x0000000096300000, 0x0000000096400000|  0%| F|  |TAMS 0x0000000096300000, 0x0000000096300000| Untracked 
| 194|0x0000000096400000, 0x0000000096400000, 0x0000000096500000|  0%| F|  |TAMS 0x0000000096400000, 0x0000000096400000| Untracked 
| 195|0x0000000096500000, 0x0000000096500000, 0x0000000096600000|  0%| F|  |TAMS 0x0000000096500000, 0x0000000096500000| Untracked 
| 196|0x0000000096600000, 0x0000000096600000, 0x0000000096700000|  0%| F|  |TAMS 0x0000000096600000, 0x0000000096600000| Untracked 
| 197|0x0000000096700000, 0x0000000096700000, 0x0000000096800000|  0%| F|  |TAMS 0x0000000096700000, 0x0000000096700000| Untracked 
| 198|0x0000000096800000, 0x0000000096800000, 0x0000000096900000|  0%| F|  |TAMS 0x0000000096800000, 0x0000000096800000| Untracked 
| 199|0x0000000096900000, 0x0000000096900000, 0x0000000096a00000|  0%| F|  |TAMS 0x0000000096900000, 0x0000000096900000| Untracked 
| 200|0x0000000096a00000, 0x0000000096a00000, 0x0000000096b00000|  0%| F|  |TAMS 0x0000000096a00000, 0x0000000096a00000| Untracked 
| 201|0x0000000096b00000, 0x0000000096b00000, 0x0000000096c00000|  0%| F|  |TAMS 0x0000000096b00000, 0x0000000096b00000| Untracked 
| 202|0x0000000096c00000, 0x0000000096c00000, 0x0000000096d00000|  0%| F|  |TAMS 0x0000000096c00000, 0x0000000096c00000| Untracked 
| 203|0x0000000096d00000, 0x0000000096d00000, 0x0000000096e00000|  0%| F|  |TAMS 0x0000000096d00000, 0x0000000096d00000| Untracked 
| 204|0x0000000096e00000, 0x0000000096e00000, 0x0000000096f00000|  0%| F|  |TAMS 0x0000000096e00000, 0x0000000096e00000| Untracked 
| 205|0x0000000096f00000, 0x0000000096f00000, 0x0000000097000000|  0%| F|  |TAMS 0x0000000096f00000, 0x0000000096f00000| Untracked 
| 206|0x0000000097000000, 0x0000000097000000, 0x0000000097100000|  0%| F|  |TAMS 0x0000000097000000, 0x0000000097000000| Untracked 
| 207|0x0000000097100000, 0x0000000097100000, 0x0000000097200000|  0%| F|  |TAMS 0x0000000097100000, 0x0000000097100000| Untracked 
| 208|0x0000000097200000, 0x0000000097200000, 0x0000000097300000|  0%| F|  |TAMS 0x0000000097200000, 0x0000000097200000| Untracked 
| 209|0x0000000097300000, 0x0000000097300000, 0x0000000097400000|  0%| F|  |TAMS 0x0000000097300000, 0x0000000097300000| Untracked 
| 210|0x0000000097400000, 0x0000000097400000, 0x0000000097500000|  0%| F|  |TAMS 0x0000000097400000, 0x0000000097400000| Untracked 
| 211|0x0000000097500000, 0x0000000097500000, 0x0000000097600000|  0%| F|  |TAMS 0x0000000097500000, 0x0000000097500000| Untracked 
| 212|0x0000000097600000, 0x0000000097600000, 0x0000000097700000|  0%| F|  |TAMS 0x0000000097600000, 0x0000000097600000| Untracked 
| 213|0x0000000097700000, 0x0000000097700000, 0x0000000097800000|  0%| F|  |TAMS 0x0000000097700000, 0x0000000097700000| Untracked 
| 214|0x0000000097800000, 0x0000000097800000, 0x0000000097900000|  0%| F|  |TAMS 0x0000000097800000, 0x0000000097800000| Untracked 
| 215|0x0000000097900000, 0x0000000097900000, 0x0000000097a00000|  0%| F|  |TAMS 0x0000000097900000, 0x0000000097900000| Untracked 
| 216|0x0000000097a00000, 0x0000000097a00000, 0x0000000097b00000|  0%| F|  |TAMS 0x0000000097a00000, 0x0000000097a00000| Untracked 
| 217|0x0000000097b00000, 0x0000000097b00000, 0x0000000097c00000|  0%| F|  |TAMS 0x0000000097b00000, 0x0000000097b00000| Untracked 
| 218|0x0000000097c00000, 0x0000000097c00000, 0x0000000097d00000|  0%| F|  |TAMS 0x0000000097c00000, 0x0000000097c00000| Untracked 
| 219|0x0000000097d00000, 0x0000000097d00000, 0x0000000097e00000|  0%| F|  |TAMS 0x0000000097d00000, 0x0000000097d00000| Untracked 
| 220|0x0000000097e00000, 0x0000000097e00000, 0x0000000097f00000|  0%| F|  |TAMS 0x0000000097e00000, 0x0000000097e00000| Untracked 
| 221|0x0000000097f00000, 0x0000000097f00000, 0x0000000098000000|  0%| F|  |TAMS 0x0000000097f00000, 0x0000000097f00000| Untracked 
| 222|0x0000000098000000, 0x0000000098000000, 0x0000000098100000|  0%| F|  |TAMS 0x0000000098000000, 0x0000000098000000| Untracked 
| 223|0x0000000098100000, 0x0000000098100000, 0x0000000098200000|  0%| F|  |TAMS 0x0000000098100000, 0x0000000098100000| Untracked 
| 224|0x0000000098200000, 0x0000000098200000, 0x0000000098300000|  0%| F|  |TAMS 0x0000000098200000, 0x0000000098200000| Untracked 
| 225|0x0000000098300000, 0x0000000098300000, 0x0000000098400000|  0%| F|  |TAMS 0x0000000098300000, 0x0000000098300000| Untracked 
| 226|0x0000000098400000, 0x0000000098400000, 0x0000000098500000|  0%| F|  |TAMS 0x0000000098400000, 0x0000000098400000| Untracked 
| 227|0x0000000098500000, 0x0000000098500000, 0x0000000098600000|  0%| F|  |TAMS 0x0000000098500000, 0x0000000098500000| Untracked 
| 228|0x0000000098600000, 0x0000000098600000, 0x0000000098700000|  0%| F|  |TAMS 0x0000000098600000, 0x0000000098600000| Untracked 
| 229|0x0000000098700000, 0x0000000098700000, 0x0000000098800000|  0%| F|  |TAMS 0x0000000098700000, 0x0000000098700000| Untracked 
| 230|0x0000000098800000, 0x0000000098800000, 0x0000000098900000|  0%| F|  |TAMS 0x0000000098800000, 0x0000000098800000| Untracked 
| 231|0x0000000098900000, 0x0000000098900000, 0x0000000098a00000|  0%| F|  |TAMS 0x0000000098900000, 0x0000000098900000| Untracked 
| 232|0x0000000098a00000, 0x0000000098a00000, 0x0000000098b00000|  0%| F|  |TAMS 0x0000000098a00000, 0x0000000098a00000| Untracked 
| 233|0x0000000098b00000, 0x0000000098b00000, 0x0000000098c00000|  0%| F|  |TAMS 0x0000000098b00000, 0x0000000098b00000| Untracked 
| 234|0x0000000098c00000, 0x0000000098c00000, 0x0000000098d00000|  0%| F|  |TAMS 0x0000000098c00000, 0x0000000098c00000| Untracked 
| 235|0x0000000098d00000, 0x0000000098d00000, 0x0000000098e00000|  0%| F|  |TAMS 0x0000000098d00000, 0x0000000098d00000| Untracked 
| 236|0x0000000098e00000, 0x0000000098e00000, 0x0000000098f00000|  0%| F|  |TAMS 0x0000000098e00000, 0x0000000098e00000| Untracked 
| 237|0x0000000098f00000, 0x0000000098f00000, 0x0000000099000000|  0%| F|  |TAMS 0x0000000098f00000, 0x0000000098f00000| Untracked 
| 238|0x0000000099000000, 0x0000000099000000, 0x0000000099100000|  0%| F|  |TAMS 0x0000000099000000, 0x0000000099000000| Untracked 
| 239|0x0000000099100000, 0x0000000099100000, 0x0000000099200000|  0%| F|  |TAMS 0x0000000099100000, 0x0000000099100000| Untracked 
| 240|0x0000000099200000, 0x0000000099200000, 0x0000000099300000|  0%| F|  |TAMS 0x0000000099200000, 0x0000000099200000| Untracked 
| 241|0x0000000099300000, 0x0000000099300000, 0x0000000099400000|  0%| F|  |TAMS 0x0000000099300000, 0x0000000099300000| Untracked 
| 242|0x0000000099400000, 0x0000000099400000, 0x0000000099500000|  0%| F|  |TAMS 0x0000000099400000, 0x0000000099400000| Untracked 
| 243|0x0000000099500000, 0x0000000099500000, 0x0000000099600000|  0%| F|  |TAMS 0x0000000099500000, 0x0000000099500000| Untracked 
| 244|0x0000000099600000, 0x0000000099600000, 0x0000000099700000|  0%| F|  |TAMS 0x0000000099600000, 0x0000000099600000| Untracked 
| 245|0x0000000099700000, 0x0000000099700000, 0x0000000099800000|  0%| F|  |TAMS 0x0000000099700000, 0x0000000099700000| Untracked 
| 246|0x0000000099800000, 0x0000000099800000, 0x0000000099900000|  0%| F|  |TAMS 0x0000000099800000, 0x0000000099800000| Untracked 
| 247|0x0000000099900000, 0x0000000099900000, 0x0000000099a00000|  0%| F|  |TAMS 0x0000000099900000, 0x0000000099900000| Untracked 
| 248|0x0000000099a00000, 0x0000000099a00000, 0x0000000099b00000|  0%| F|  |TAMS 0x0000000099a00000, 0x0000000099a00000| Untracked 
| 249|0x0000000099b00000, 0x0000000099b00000, 0x0000000099c00000|  0%| F|  |TAMS 0x0000000099b00000, 0x0000000099b00000| Untracked 
| 250|0x0000000099c00000, 0x0000000099c00000, 0x0000000099d00000|  0%| F|  |TAMS 0x0000000099c00000, 0x0000000099c00000| Untracked 
| 251|0x0000000099d00000, 0x0000000099d00000, 0x0000000099e00000|  0%| F|  |TAMS 0x0000000099d00000, 0x0000000099d00000| Untracked 
| 252|0x0000000099e00000, 0x0000000099e00000, 0x0000000099f00000|  0%| F|  |TAMS 0x0000000099e00000, 0x0000000099e00000| Untracked 
| 253|0x0000000099f00000, 0x0000000099f00000, 0x000000009a000000|  0%| F|  |TAMS 0x0000000099f00000, 0x0000000099f00000| Untracked 
| 254|0x000000009a000000, 0x000000009a000000, 0x000000009a100000|  0%| F|  |TAMS 0x000000009a000000, 0x000000009a000000| Untracked 
| 255|0x000000009a100000, 0x000000009a100000, 0x000000009a200000|  0%| F|  |TAMS 0x000000009a100000, 0x000000009a100000| Untracked 
| 256|0x000000009a200000, 0x000000009a200000, 0x000000009a300000|  0%| F|  |TAMS 0x000000009a200000, 0x000000009a200000| Untracked 
| 257|0x000000009a300000, 0x000000009a300000, 0x000000009a400000|  0%| F|  |TAMS 0x000000009a300000, 0x000000009a300000| Untracked 
| 258|0x000000009a400000, 0x000000009a400000, 0x000000009a500000|  0%| F|  |TAMS 0x000000009a400000, 0x000000009a400000| Untracked 
| 259|0x000000009a500000, 0x000000009a500000, 0x000000009a600000|  0%| F|  |TAMS 0x000000009a500000, 0x000000009a500000| Untracked 
| 260|0x000000009a600000, 0x000000009a600000, 0x000000009a700000|  0%| F|  |TAMS 0x000000009a600000, 0x000000009a600000| Untracked 
| 261|0x000000009a700000, 0x000000009a700000, 0x000000009a800000|  0%| F|  |TAMS 0x000000009a700000, 0x000000009a700000| Untracked 
| 262|0x000000009a800000, 0x000000009a800000, 0x000000009a900000|  0%| F|  |TAMS 0x000000009a800000, 0x000000009a800000| Untracked 
| 263|0x000000009a900000, 0x000000009a900000, 0x000000009aa00000|  0%| F|  |TAMS 0x000000009a900000, 0x000000009a900000| Untracked 
| 264|0x000000009aa00000, 0x000000009aa00000, 0x000000009ab00000|  0%| F|  |TAMS 0x000000009aa00000, 0x000000009aa00000| Untracked 
| 265|0x000000009ab00000, 0x000000009ab00000, 0x000000009ac00000|  0%| F|  |TAMS 0x000000009ab00000, 0x000000009ab00000| Untracked 
| 266|0x000000009ac00000, 0x000000009ac00000, 0x000000009ad00000|  0%| F|  |TAMS 0x000000009ac00000, 0x000000009ac00000| Untracked 
| 267|0x000000009ad00000, 0x000000009ad00000, 0x000000009ae00000|  0%| F|  |TAMS 0x000000009ad00000, 0x000000009ad00000| Untracked 
| 268|0x000000009ae00000, 0x000000009ae00000, 0x000000009af00000|  0%| F|  |TAMS 0x000000009ae00000, 0x000000009ae00000| Untracked 
| 269|0x000000009af00000, 0x000000009af00000, 0x000000009b000000|  0%| F|  |TAMS 0x000000009af00000, 0x000000009af00000| Untracked 
| 270|0x000000009b000000, 0x000000009b000000, 0x000000009b100000|  0%| F|  |TAMS 0x000000009b000000, 0x000000009b000000| Untracked 
| 271|0x000000009b100000, 0x000000009b100000, 0x000000009b200000|  0%| F|  |TAMS 0x000000009b100000, 0x000000009b100000| Untracked 
| 272|0x000000009b200000, 0x000000009b200000, 0x000000009b300000|  0%| F|  |TAMS 0x000000009b200000, 0x000000009b200000| Untracked 
| 273|0x000000009b300000, 0x000000009b300000, 0x000000009b400000|  0%| F|  |TAMS 0x000000009b300000, 0x000000009b300000| Untracked 
| 274|0x000000009b400000, 0x000000009b400000, 0x000000009b500000|  0%| F|  |TAMS 0x000000009b400000, 0x000000009b400000| Untracked 
| 275|0x000000009b500000, 0x000000009b500000, 0x000000009b600000|  0%| F|  |TAMS 0x000000009b500000, 0x000000009b500000| Untracked 
| 276|0x000000009b600000, 0x000000009b600000, 0x000000009b700000|  0%| F|  |TAMS 0x000000009b600000, 0x000000009b600000| Untracked 
| 277|0x000000009b700000, 0x000000009b700000, 0x000000009b800000|  0%| F|  |TAMS 0x000000009b700000, 0x000000009b700000| Untracked 
| 278|0x000000009b800000, 0x000000009b800000, 0x000000009b900000|  0%| F|  |TAMS 0x000000009b800000, 0x000000009b800000| Untracked 
| 279|0x000000009b900000, 0x000000009b900000, 0x000000009ba00000|  0%| F|  |TAMS 0x000000009b900000, 0x000000009b900000| Untracked 
| 280|0x000000009ba00000, 0x000000009ba00000, 0x000000009bb00000|  0%| F|  |TAMS 0x000000009ba00000, 0x000000009ba00000| Untracked 
| 281|0x000000009bb00000, 0x000000009bb00000, 0x000000009bc00000|  0%| F|  |TAMS 0x000000009bb00000, 0x000000009bb00000| Untracked 
| 282|0x000000009bc00000, 0x000000009bc00000, 0x000000009bd00000|  0%| F|  |TAMS 0x000000009bc00000, 0x000000009bc00000| Untracked 
| 283|0x000000009bd00000, 0x000000009bd00000, 0x000000009be00000|  0%| F|  |TAMS 0x000000009bd00000, 0x000000009bd00000| Untracked 
| 284|0x000000009be00000, 0x000000009be00000, 0x000000009bf00000|  0%| F|  |TAMS 0x000000009be00000, 0x000000009be00000| Untracked 
| 285|0x000000009bf00000, 0x000000009bf00000, 0x000000009c000000|  0%| F|  |TAMS 0x000000009bf00000, 0x000000009bf00000| Untracked 
| 286|0x000000009c000000, 0x000000009c000000, 0x000000009c100000|  0%| F|  |TAMS 0x000000009c000000, 0x000000009c000000| Untracked 
| 287|0x000000009c100000, 0x000000009c100000, 0x000000009c200000|  0%| F|  |TAMS 0x000000009c100000, 0x000000009c100000| Untracked 
| 288|0x000000009c200000, 0x000000009c200000, 0x000000009c300000|  0%| F|  |TAMS 0x000000009c200000, 0x000000009c200000| Untracked 
| 289|0x000000009c300000, 0x000000009c300000, 0x000000009c400000|  0%| F|  |TAMS 0x000000009c300000, 0x000000009c300000| Untracked 
| 290|0x000000009c400000, 0x000000009c400000, 0x000000009c500000|  0%| F|  |TAMS 0x000000009c400000, 0x000000009c400000| Untracked 
| 291|0x000000009c500000, 0x000000009c500000, 0x000000009c600000|  0%| F|  |TAMS 0x000000009c500000, 0x000000009c500000| Untracked 
| 292|0x000000009c600000, 0x000000009c600000, 0x000000009c700000|  0%| F|  |TAMS 0x000000009c600000, 0x000000009c600000| Untracked 
| 293|0x000000009c700000, 0x000000009c700000, 0x000000009c800000|  0%| F|  |TAMS 0x000000009c700000, 0x000000009c700000| Untracked 
| 294|0x000000009c800000, 0x000000009c800000, 0x000000009c900000|  0%| F|  |TAMS 0x000000009c800000, 0x000000009c800000| Untracked 
| 295|0x000000009c900000, 0x000000009c900000, 0x000000009ca00000|  0%| F|  |TAMS 0x000000009c900000, 0x000000009c900000| Untracked 
| 296|0x000000009ca00000, 0x000000009ca00000, 0x000000009cb00000|  0%| F|  |TAMS 0x000000009ca00000, 0x000000009ca00000| Untracked 
| 297|0x000000009cb00000, 0x000000009cb00000, 0x000000009cc00000|  0%| F|  |TAMS 0x000000009cb00000, 0x000000009cb00000| Untracked 
| 298|0x000000009cc00000, 0x000000009cc00000, 0x000000009cd00000|  0%| F|  |TAMS 0x000000009cc00000, 0x000000009cc00000| Untracked 
| 299|0x000000009cd00000, 0x000000009cd00000, 0x000000009ce00000|  0%| F|  |TAMS 0x000000009cd00000, 0x000000009cd00000| Untracked 
| 300|0x000000009ce00000, 0x000000009ce00000, 0x000000009cf00000|  0%| F|  |TAMS 0x000000009ce00000, 0x000000009ce00000| Untracked 
| 301|0x000000009cf00000, 0x000000009cf00000, 0x000000009d000000|  0%| F|  |TAMS 0x000000009cf00000, 0x000000009cf00000| Untracked 
| 302|0x000000009d000000, 0x000000009d000000, 0x000000009d100000|  0%| F|  |TAMS 0x000000009d000000, 0x000000009d000000| Untracked 
| 303|0x000000009d100000, 0x000000009d100000, 0x000000009d200000|  0%| F|  |TAMS 0x000000009d100000, 0x000000009d100000| Untracked 
| 304|0x000000009d200000, 0x000000009d200000, 0x000000009d300000|  0%| F|  |TAMS 0x000000009d200000, 0x000000009d200000| Untracked 
| 305|0x000000009d300000, 0x000000009d300000, 0x000000009d400000|  0%| F|  |TAMS 0x000000009d300000, 0x000000009d300000| Untracked 
| 306|0x000000009d400000, 0x000000009d400000, 0x000000009d500000|  0%| F|  |TAMS 0x000000009d400000, 0x000000009d400000| Untracked 
| 307|0x000000009d500000, 0x000000009d500000, 0x000000009d600000|  0%| F|  |TAMS 0x000000009d500000, 0x000000009d500000| Untracked 
| 308|0x000000009d600000, 0x000000009d600000, 0x000000009d700000|  0%| F|  |TAMS 0x000000009d600000, 0x000000009d600000| Untracked 
| 309|0x000000009d700000, 0x000000009d700000, 0x000000009d800000|  0%| F|  |TAMS 0x000000009d700000, 0x000000009d700000| Untracked 
| 310|0x000000009d800000, 0x000000009d800000, 0x000000009d900000|  0%| F|  |TAMS 0x000000009d800000, 0x000000009d800000| Untracked 
| 311|0x000000009d900000, 0x000000009d900000, 0x000000009da00000|  0%| F|  |TAMS 0x000000009d900000, 0x000000009d900000| Untracked 
| 312|0x000000009da00000, 0x000000009da00000, 0x000000009db00000|  0%| F|  |TAMS 0x000000009da00000, 0x000000009da00000| Untracked 
| 313|0x000000009db00000, 0x000000009db00000, 0x000000009dc00000|  0%| F|  |TAMS 0x000000009db00000, 0x000000009db00000| Untracked 
| 314|0x000000009dc00000, 0x000000009dc00000, 0x000000009dd00000|  0%| F|  |TAMS 0x000000009dc00000, 0x000000009dc00000| Untracked 
| 315|0x000000009dd00000, 0x000000009dd00000, 0x000000009de00000|  0%| F|  |TAMS 0x000000009dd00000, 0x000000009dd00000| Untracked 
| 316|0x000000009de00000, 0x000000009de00000, 0x000000009df00000|  0%| F|  |TAMS 0x000000009de00000, 0x000000009de00000| Untracked 
| 317|0x000000009df00000, 0x000000009df00000, 0x000000009e000000|  0%| F|  |TAMS 0x000000009df00000, 0x000000009df00000| Untracked 
| 318|0x000000009e000000, 0x000000009e000000, 0x000000009e100000|  0%| F|  |TAMS 0x000000009e000000, 0x000000009e000000| Untracked 
| 319|0x000000009e100000, 0x000000009e100000, 0x000000009e200000|  0%| F|  |TAMS 0x000000009e100000, 0x000000009e100000| Untracked 
| 320|0x000000009e200000, 0x000000009e200000, 0x000000009e300000|  0%| F|  |TAMS 0x000000009e200000, 0x000000009e200000| Untracked 
| 321|0x000000009e300000, 0x000000009e300000, 0x000000009e400000|  0%| F|  |TAMS 0x000000009e300000, 0x000000009e300000| Untracked 
| 322|0x000000009e400000, 0x000000009e400000, 0x000000009e500000|  0%| F|  |TAMS 0x000000009e400000, 0x000000009e400000| Untracked 
| 323|0x000000009e500000, 0x000000009e500000, 0x000000009e600000|  0%| F|  |TAMS 0x000000009e500000, 0x000000009e500000| Untracked 
| 324|0x000000009e600000, 0x000000009e600000, 0x000000009e700000|  0%| F|  |TAMS 0x000000009e600000, 0x000000009e600000| Untracked 
| 325|0x000000009e700000, 0x000000009e700000, 0x000000009e800000|  0%| F|  |TAMS 0x000000009e700000, 0x000000009e700000| Untracked 
| 326|0x000000009e800000, 0x000000009e800000, 0x000000009e900000|  0%| F|  |TAMS 0x000000009e800000, 0x000000009e800000| Untracked 
| 327|0x000000009e900000, 0x000000009e900000, 0x000000009ea00000|  0%| F|  |TAMS 0x000000009e900000, 0x000000009e900000| Untracked 
| 328|0x000000009ea00000, 0x000000009ea00000, 0x000000009eb00000|  0%| F|  |TAMS 0x000000009ea00000, 0x000000009ea00000| Untracked 
| 329|0x000000009eb00000, 0x000000009eb00000, 0x000000009ec00000|  0%| F|  |TAMS 0x000000009eb00000, 0x000000009eb00000| Untracked 
| 330|0x000000009ec00000, 0x000000009ec00000, 0x000000009ed00000|  0%| F|  |TAMS 0x000000009ec00000, 0x000000009ec00000| Untracked 
| 331|0x000000009ed00000, 0x000000009ed00000, 0x000000009ee00000|  0%| F|  |TAMS 0x000000009ed00000, 0x000000009ed00000| Untracked 

Card table byte_map: [0x00000270c86e0000,0x00000270c8a90000] _byte_map_base: 0x00000270c828f000

Marking Bits (Prev, Next): (CMBitMap*) 0x00000270c23d4360, (CMBitMap*) 0x00000270c23d4320
 Prev Bits: [0x00000270cabc0000, 0x00000270cc938000)
 Next Bits: [0x00000270c8e40000, 0x00000270cabb8000)

Polling page: 0x00000270c0050000

Metaspace:

Usage:
  Non-class:     35.63 MB used.
      Class:      5.23 MB used.
       Both:     40.87 MB used.

Virtual space:
  Non-class space:       40.00 MB reserved,      35.88 MB ( 90%) committed,  5 nodes.
      Class space:        1.00 GB reserved,       5.44 MB ( <1%) committed,  1 nodes.
             Both:        1.04 GB reserved,      41.31 MB (  4%) committed. 

Chunk freelists:
   Non-Class:  3.53 MB
       Class:  2.48 MB
        Both:  6.01 MB

MaxMetaspaceSize: unlimited
CompressedClassSpaceSize: 1.00 GB
Initial GC threshold: 21.00 MB
Current GC threshold: 66.56 MB
CDS: off
MetaspaceReclaimPolicy: balanced
 - commit_granule_bytes: 65536.
 - commit_granule_words: 8192.
 - virtual_space_node_default_size: 1048576.
 - enlarge_chunks_in_place: 1.
 - new_chunks_are_fully_committed: 0.
 - uncommit_free_chunks: 1.
 - use_allocation_guard: 0.
 - handle_deallocations: 1.


Internal statistics:

num_allocs_failed_limit: 8.
num_arena_births: 514.
num_arena_deaths: 0.
num_vsnodes_births: 6.
num_vsnodes_deaths: 0.
num_space_committed: 661.
num_space_uncommitted: 0.
num_chunks_returned_to_freelist: 8.
num_chunks_taken_from_freelist: 1813.
num_chunk_merges: 8.
num_chunk_splits: 1249.
num_chunks_enlarged: 925.
num_purges: 0.
num_inconsistent_stats: 0.

CodeCache: size=49152Kb used=8368Kb max_used=8860Kb free=40783Kb
 bounds [0x00000270c5000000, 0x00000270c58b0000, 0x00000270c8000000]
 total_blobs=4939 nmethods=4374 adapters=492
 compilation: enabled
              stopped_count=0, restarted_count=0
 full_count=0

Compilation events (20 events):
Event: 16.433 Thread 0x00000270d0011590 nmethod 4365 0x00000270c5585a10 code [0x00000270c5585bc0, 0x00000270c5585dc8]
Event: 16.433 Thread 0x00000270d0011590 4363       1       com.google.gson.internal.LinkedTreeMap$EntrySet::iterator (9 bytes)
Event: 16.433 Thread 0x00000270d0011590 nmethod 4363 0x00000270c5585610 code [0x00000270c55857a0, 0x00000270c5585928]
Event: 16.433 Thread 0x00000270d0011590 4368       1       java.util.ArrayDeque::removeLast (19 bytes)
Event: 16.433 Thread 0x00000270d0011590 nmethod 4368 0x00000270c5585210 code [0x00000270c55853c0, 0x00000270c5585538]
Event: 16.433 Thread 0x00000270d0011590 4367       1       java.nio.CharBuffer::arrayOffset (35 bytes)
Event: 16.433 Thread 0x00000270d0011590 nmethod 4367 0x00000270c5584d10 code [0x00000270c5584ec0, 0x00000270c55850d8]
Event: 16.433 Thread 0x00000270d0011590 4369       1       com.google.gson.stream.JsonReader::isLenient (5 bytes)
Event: 16.433 Thread 0x00000270d0011590 nmethod 4369 0x00000270c5584a10 code [0x00000270c5584ba0, 0x00000270c5584c78]
Event: 16.433 Thread 0x00000270d0011590 4370       1       jdk.internal.jimage.BasicImageReader::getString (35 bytes)
Event: 16.434 Thread 0x00000270d0011590 nmethod 4370 0x00000270c5584590 code [0x00000270c5584740, 0x00000270c55848d8]
Event: 16.434 Thread 0x00000270d0011590 4371       1       jdk.internal.jimage.ImageLocation::getAttributeString (54 bytes)
Event: 16.434 Thread 0x00000270d0011590 nmethod 4371 0x00000270c5583c90 code [0x00000270c5583ea0, 0x00000270c55842e8]
Event: 16.435 Thread 0x00000270d0011590 4372       1       jdk.internal.jimage.ImageStringsReader::get (9 bytes)
Event: 16.435 Thread 0x00000270d0011590 nmethod 4372 0x00000270c5582610 code [0x00000270c55827c0, 0x00000270c5582958]
Event: 16.435 Thread 0x00000270d0011590 4373       1       jdk.internal.jimage.ImageReader$Node::getName (5 bytes)
Event: 16.435 Thread 0x00000270d0011590 nmethod 4373 0x00000270c5582010 code [0x00000270c55821a0, 0x00000270c5582278]
Event: 16.437 Thread 0x00000270d0011590 4380       1       jdk.internal.jimage.ImageStringsReader::unmaskedHashCode (166 bytes)
Event: 16.445 Thread 0x00000270d0011590 nmethod 4380 0x00000270c5581590 code [0x00000270c5581760, 0x00000270c5581c38]
Event: 16.445 Thread 0x00000270d0011590 4382       1       jdk.internal.jimage.ImageStringsReader::stringFromByteBufferMatches (138 bytes)

GC Heap History (20 events):
Event: 9.304 GC heap after
{Heap after GC invocations=20 (full 0):
 garbage-first heap   total 133120K, used 69126K [0x000000008a200000, 0x0000000100000000)
  region size 1024K, 6 young (6144K), 6 survivors (6144K)
 Metaspace       used 40396K, committed 40832K, reserved 1089536K
  class space    used 5180K, committed 5376K, reserved 1048576K
}
Event: 9.326 GC heap before
{Heap before GC invocations=20 (full 0):
 garbage-first heap   total 133120K, used 96774K [0x000000008a200000, 0x0000000100000000)
  region size 1024K, 34 young (34816K), 6 survivors (6144K)
 Metaspace       used 40447K, committed 40832K, reserved 1089536K
  class space    used 5194K, committed 5376K, reserved 1048576K
}
Event: 9.330 GC heap after
{Heap after GC invocations=21 (full 0):
 garbage-first heap   total 133120K, used 71947K [0x000000008a200000, 0x0000000100000000)
  region size 1024K, 2 young (2048K), 2 survivors (2048K)
 Metaspace       used 40447K, committed 40832K, reserved 1089536K
  class space    used 5194K, committed 5376K, reserved 1048576K
}
Event: 9.341 GC heap before
{Heap before GC invocations=21 (full 0):
 garbage-first heap   total 133120K, used 100619K [0x000000008a200000, 0x0000000100000000)
  region size 1024K, 31 young (31744K), 2 survivors (2048K)
 Metaspace       used 40490K, committed 40896K, reserved 1089536K
  class space    used 5198K, committed 5376K, reserved 1048576K
}
Event: 9.343 GC heap after
{Heap after GC invocations=22 (full 0):
 garbage-first heap   total 266240K, used 72696K [0x000000008a200000, 0x0000000100000000)
  region size 1024K, 3 young (3072K), 3 survivors (3072K)
 Metaspace       used 40490K, committed 40896K, reserved 1089536K
  class space    used 5198K, committed 5376K, reserved 1048576K
}
Event: 9.401 GC heap before
{Heap before GC invocations=23 (full 0):
 garbage-first heap   total 266240K, used 172024K [0x000000008a200000, 0x0000000100000000)
  region size 1024K, 102 young (104448K), 3 survivors (3072K)
 Metaspace       used 40550K, committed 40960K, reserved 1089536K
  class space    used 5207K, committed 5376K, reserved 1048576K
}
Event: 9.405 GC heap after
{Heap after GC invocations=24 (full 0):
 garbage-first heap   total 266240K, used 75720K [0x000000008a200000, 0x0000000100000000)
  region size 1024K, 7 young (7168K), 7 survivors (7168K)
 Metaspace       used 40550K, committed 40960K, reserved 1089536K
  class space    used 5207K, committed 5376K, reserved 1048576K
}
Event: 9.407 GC heap before
{Heap before GC invocations=24 (full 0):
 garbage-first heap   total 266240K, used 80840K [0x000000008a200000, 0x0000000100000000)
  region size 1024K, 13 young (13312K), 7 survivors (7168K)
 Metaspace       used 40550K, committed 40960K, reserved 1089536K
  class space    used 5207K, committed 5376K, reserved 1048576K
}
Event: 9.411 GC heap after
{Heap after GC invocations=25 (full 0):
 garbage-first heap   total 266240K, used 75642K [0x000000008a200000, 0x0000000100000000)
  region size 1024K, 1 young (1024K), 1 survivors (1024K)
 Metaspace       used 40550K, committed 40960K, reserved 1089536K
  class space    used 5207K, committed 5376K, reserved 1048576K
}
Event: 9.424 GC heap before
{Heap before GC invocations=25 (full 0):
 garbage-first heap   total 266240K, used 127866K [0x000000008a200000, 0x0000000100000000)
  region size 1024K, 54 young (55296K), 1 survivors (1024K)
 Metaspace       used 40550K, committed 40960K, reserved 1089536K
  class space    used 5207K, committed 5376K, reserved 1048576K
}
Event: 9.426 GC heap after
{Heap after GC invocations=26 (full 0):
 garbage-first heap   total 266240K, used 77332K [0x000000008a200000, 0x0000000100000000)
  region size 1024K, 3 young (3072K), 3 survivors (3072K)
 Metaspace       used 40550K, committed 40960K, reserved 1089536K
  class space    used 5207K, committed 5376K, reserved 1048576K
}
Event: 9.860 GC heap before
{Heap before GC invocations=26 (full 0):
 garbage-first heap   total 339968K, used 203284K [0x000000008a200000, 0x0000000100000000)
  region size 1024K, 126 young (129024K), 3 survivors (3072K)
 Metaspace       used 40550K, committed 40960K, reserved 1089536K
  class space    used 5207K, committed 5376K, reserved 1048576K
}
Event: 9.864 GC heap after
{Heap after GC invocations=27 (full 0):
 garbage-first heap   total 339968K, used 84217K [0x000000008a200000, 0x0000000100000000)
  region size 1024K, 9 young (9216K), 9 survivors (9216K)
 Metaspace       used 40550K, committed 40960K, reserved 1089536K
  class space    used 5207K, committed 5376K, reserved 1048576K
}
Event: 14.760 GC heap before
{Heap before GC invocations=28 (full 0):
 garbage-first heap   total 339968K, used 264441K [0x000000008a200000, 0x0000000100000000)
  region size 1024K, 186 young (190464K), 9 survivors (9216K)
 Metaspace       used 40550K, committed 40960K, reserved 1089536K
  class space    used 5207K, committed 5376K, reserved 1048576K
}
Event: 14.767 GC heap after
{Heap after GC invocations=29 (full 0):
 garbage-first heap   total 339968K, used 93164K [0x000000008a200000, 0x0000000100000000)
  region size 1024K, 18 young (18432K), 18 survivors (18432K)
 Metaspace       used 40550K, committed 40960K, reserved 1089536K
  class space    used 5207K, committed 5376K, reserved 1048576K
}
Event: 14.769 GC heap before
{Heap before GC invocations=29 (full 0):
 garbage-first heap   total 339968K, used 95212K [0x000000008a200000, 0x0000000100000000)
  region size 1024K, 21 young (21504K), 18 survivors (18432K)
 Metaspace       used 40550K, committed 40960K, reserved 1089536K
  class space    used 5207K, committed 5376K, reserved 1048576K
}
Event: 14.777 GC heap after
{Heap after GC invocations=30 (full 0):
 garbage-first heap   total 339968K, used 93070K [0x000000008a200000, 0x0000000100000000)
  region size 1024K, 2 young (2048K), 2 survivors (2048K)
 Metaspace       used 40550K, committed 40960K, reserved 1089536K
  class space    used 5207K, committed 5376K, reserved 1048576K
}
Event: 14.926 GC heap before
{Heap before GC invocations=30 (full 0):
 garbage-first heap   total 339968K, used 265102K [0x000000008a200000, 0x0000000100000000)
  region size 1024K, 171 young (175104K), 2 survivors (2048K)
 Metaspace       used 40706K, committed 41152K, reserved 1089536K
  class space    used 5243K, committed 5440K, reserved 1048576K
}
Event: 14.930 GC heap after
{Heap after GC invocations=31 (full 0):
 garbage-first heap   total 339968K, used 99346K [0x000000008a200000, 0x0000000100000000)
  region size 1024K, 9 young (9216K), 9 survivors (9216K)
 Metaspace       used 40706K, committed 41152K, reserved 1089536K
  class space    used 5243K, committed 5440K, reserved 1048576K
}
Event: 16.445 GC heap before
{Heap before GC invocations=31 (full 0):
 garbage-first heap   total 339968K, used 269330K [0x000000008a200000, 0x0000000100000000)
  region size 1024K, 176 young (180224K), 9 survivors (9216K)
 Metaspace       used 41847K, committed 42304K, reserved 1089536K
  class space    used 5357K, committed 5568K, reserved 1048576K
}

Dll operation events (8 events):
Event: 0.034 Loaded shared library c:\Users\yassi\.vscode\extensions\redhat.java-1.14.0-win32-x64\jre\17.0.5-win32-x86_64\bin\java.dll
Event: 0.476 Loaded shared library C:\Users\yassi\.vscode\extensions\redhat.java-1.14.0-win32-x64\jre\17.0.5-win32-x86_64\bin\net.dll
Event: 0.482 Loaded shared library C:\Users\yassi\.vscode\extensions\redhat.java-1.14.0-win32-x64\jre\17.0.5-win32-x86_64\bin\nio.dll
Event: 0.495 Loaded shared library C:\Users\yassi\.vscode\extensions\redhat.java-1.14.0-win32-x64\jre\17.0.5-win32-x86_64\bin\zip.dll
Event: 1.011 Loaded shared library C:\Users\yassi\.vscode\extensions\redhat.java-1.14.0-win32-x64\jre\17.0.5-win32-x86_64\bin\jimage.dll
Event: 1.270 Loaded shared library c:\Users\yassi\.vscode\extensions\redhat.java-1.14.0-win32-x64\jre\17.0.5-win32-x86_64\bin\verify.dll
Event: 7.091 Loaded shared library C:\Users\yassi\.vscode\extensions\redhat.java-1.14.0-win32-x64\jre\17.0.5-win32-x86_64\bin\management.dll
Event: 7.096 Loaded shared library C:\Users\yassi\.vscode\extensions\redhat.java-1.14.0-win32-x64\jre\17.0.5-win32-x86_64\bin\management_ext.dll

Deoptimization events (10 events):
Event: 3.309 Thread 0x00000270c237cd40 DEOPT PACKING pc=0x00000270c547ae99 sp=0x000000d1e74fd2c0
Event: 3.310 Thread 0x00000270c237cd40 DEOPT UNPACKING pc=0x00000270c5052b43 sp=0x000000d1e74fc7a0 mode 3
Event: 7.470 Thread 0x00000270d1732af0 DEOPT PACKING pc=0x00000270c567eb35 sp=0x000000d1e96fd280
Event: 7.470 Thread 0x00000270d1732af0 DEOPT UNPACKING pc=0x00000270c5052b43 sp=0x000000d1e96fc798 mode 3
Event: 7.742 Thread 0x00000270d17af550 DEOPT PACKING pc=0x00000270c56a9c2b sp=0x000000d1e9ffe700
Event: 7.742 Thread 0x00000270d17af550 DEOPT UNPACKING pc=0x00000270c5052b43 sp=0x000000d1e9ffdc48 mode 3
Event: 8.013 Thread 0x00000270d17fd170 DEOPT PACKING pc=0x00000270c547f201 sp=0x000000d1ea6fefa0
Event: 8.013 Thread 0x00000270d17fd170 DEOPT UNPACKING pc=0x00000270c5052b43 sp=0x000000d1ea6fe430 mode 3
Event: 8.090 Thread 0x00000270d17f7ad0 DEOPT PACKING pc=0x00000270c5479c97 sp=0x000000d1eb2ff010
Event: 8.090 Thread 0x00000270d17f7ad0 DEOPT UNPACKING pc=0x00000270c5052b43 sp=0x000000d1eb2fe468 mode 3

Classes unloaded (0 events):
No events

Classes redefined (0 events):
No events

Internal exceptions (20 events):
Event: 7.952 Thread 0x00000270d17f9c80 Exception <a 'sun/nio/fs/WindowsException'{0x000000008d62fe38}> (0x000000008d62fe38) 
thrown [s\src\hotspot\share\prims\jni.cpp, line 516]
Event: 7.953 Thread 0x00000270d17f9c80 Exception <a 'sun/nio/fs/WindowsException'{0x000000008d630860}> (0x000000008d630860) 
thrown [s\src\hotspot\share\prims\jni.cpp, line 516]
Event: 7.953 Thread 0x00000270d17f9c80 Exception <a 'sun/nio/fs/WindowsException'{0x000000008d41c2f0}> (0x000000008d41c2f0) 
thrown [s\src\hotspot\share\prims\jni.cpp, line 516]
Event: 7.953 Thread 0x00000270d17f9c80 Exception <a 'sun/nio/fs/WindowsException'{0x000000008d41cce0}> (0x000000008d41cce0) 
thrown [s\src\hotspot\share\prims\jni.cpp, line 516]
Event: 7.953 Thread 0x00000270d17f9c80 Exception <a 'sun/nio/fs/WindowsException'{0x000000008d41d088}> (0x000000008d41d088) 
thrown [s\src\hotspot\share\prims\jni.cpp, line 516]
Event: 7.953 Thread 0x00000270d17f9c80 Exception <a 'sun/nio/fs/WindowsException'{0x000000008d41da88}> (0x000000008d41da88) 
thrown [s\src\hotspot\share\prims\jni.cpp, line 516]
Event: 7.954 Thread 0x00000270d17f9c80 Exception <a 'sun/nio/fs/WindowsException'{0x000000008d41de48}> (0x000000008d41de48) 
thrown [s\src\hotspot\share\prims\jni.cpp, line 516]
Event: 7.954 Thread 0x00000270d17f9c80 Exception <a 'sun/nio/fs/WindowsException'{0x000000008d41e848}> (0x000000008d41e848) 
thrown [s\src\hotspot\share\prims\jni.cpp, line 516]
Event: 7.954 Thread 0x00000270d17f9c80 Exception <a 'sun/nio/fs/WindowsException'{0x000000008d41ebf8}> (0x000000008d41ebf8) 
thrown [s\src\hotspot\share\prims\jni.cpp, line 516]
Event: 7.954 Thread 0x00000270d17f9c80 Exception <a 'sun/nio/fs/WindowsException'{0x000000008d41f5f8}> (0x000000008d41f5f8) 
thrown [s\src\hotspot\share\prims\jni.cpp, line 516]
Event: 7.954 Thread 0x00000270d17f9c80 Exception <a 'sun/nio/fs/WindowsException'{0x000000008d41f9b8}> (0x000000008d41f9b8) 
thrown [s\src\hotspot\share\prims\jni.cpp, line 516]
Event: 7.955 Thread 0x00000270d17f9c80 Exception <a 'sun/nio/fs/WindowsException'{0x000000008d4203e0}> (0x000000008d4203e0) 
thrown [s\src\hotspot\share\prims\jni.cpp, line 516]
Event: 7.955 Thread 0x00000270d17f9c80 Exception <a 'sun/nio/fs/WindowsException'{0x000000008d4207c0}> (0x000000008d4207c0) 
thrown [s\src\hotspot\share\prims\jni.cpp, line 516]
Event: 7.955 Thread 0x00000270d17f9c80 Exception <a 'sun/nio/fs/WindowsException'{0x000000008d4211f8}> (0x000000008d4211f8) 
thrown [s\src\hotspot\share\prims\jni.cpp, line 516]
Event: 7.955 Thread 0x00000270d17f9c80 Exception <a 'sun/nio/fs/WindowsException'{0x000000008d4215e8}> (0x000000008d4215e8) 
thrown [s\src\hotspot\share\prims\jni.cpp, line 516]
Event: 7.955 Thread 0x00000270d17f9c80 Exception <a 'sun/nio/fs/WindowsException'{0x000000008d422010}> (0x000000008d422010) 
thrown [s\src\hotspot\share\prims\jni.cpp, line 516]
Event: 7.955 Thread 0x00000270d17f9c80 Exception <a 'sun/nio/fs/WindowsException'{0x000000008d422400}> (0x000000008d422400) 
thrown [s\src\hotspot\share\prims\jni.cpp, line 516]
Event: 9.169 Thread 0x00000270d1732af0 Exception <a 'java/lang/NoSuchMethodError'{0x00000000902815e8}: 'java.lang.Object java.lang.invoke.Invokers$Holder.invoke_MT(java.lang.Object, java.lang.Object, java.lang.Object)'> (0x00000000902815e8) 
thrown [s\src\hotspot\share\interpreter\linkResolver.cpp, line 759]
Event: 14.844 Thread 0x00000270d1732af0 Exception <a 'java/lang/NoSuchMethodError'{0x000000009928e1a0}: 'java.lang.Object java.lang.invoke.DirectMethodHandle$Holder.newInvokeSpecial(java.lang.Object, java.lang.Object, int)'> (0x000000009928e1a0) 
thrown [s\src\hotspot\share\interpreter\linkResolver.cpp, line 759]
Event: 15.022 Thread 0x00000270d43b9af0 Exception <a 'java/lang/NoSuchMethodError'{0x000000009ab8a938}: 'void java.lang.invoke.DirectMethodHandle$Holder.invokeVirtual(java.lang.Object, java.lang.Object, java.lang.Object, java.lang.Object)'> (0x000000009ab8a938) 
thrown [s\src\hotspot\share\interpreter\linkResolver.cpp, line 759]

VM Operations (20 events):
Event: 9.864 Executing VM operation: G1CollectForAllocation done
Event: 9.875 Executing VM operation: G1Concurrent
Event: 9.984 Executing VM operation: G1Concurrent done
Event: 11.984 Executing VM operation: Cleanup
Event: 12.031 Executing VM operation: Cleanup done
Event: 14.759 Executing VM operation: G1CollectForAllocation
Event: 14.768 Executing VM operation: G1CollectForAllocation done
Event: 14.769 Executing VM operation: G1CollectForAllocation
Event: 14.769 Executing VM operation: G1CollectForAllocation done
Event: 14.769 Executing VM operation: G1CollectForAllocation
Event: 14.777 Executing VM operation: G1CollectForAllocation done
Event: 14.920 Executing VM operation: G1CollectForAllocation
Event: 14.931 Executing VM operation: G1CollectForAllocation done
Event: 14.982 Executing VM operation: HandshakeAllThreads
Event: 15.019 Executing VM operation: HandshakeAllThreads done
Event: 16.026 Executing VM operation: Cleanup
Event: 16.319 Executing VM operation: Cleanup done
Event: 16.441 Executing VM operation: G1CollectForAllocation
Event: 16.444 Executing VM operation: G1CollectForAllocation done
Event: 16.445 Executing VM operation: G1CollectForAllocation

Events (20 events):
Event: 14.849 loading class java/util/concurrent/CompletableFuture$CoCompletion done
Event: 14.854 Thread 0x00000270d43b9af0 Thread added: 0x00000270d43b9af0
Event: 14.861 Thread 0x00000270d43b9150 Thread added: 0x00000270d43b9150
Event: 14.863 Thread 0x00000270d43b5790 Thread added: 0x00000270d43b5790
Event: 14.870 Thread 0x00000270d43b4920 Thread added: 0x00000270d43b4920
Event: 14.873 Thread 0x00000270d43b9fc0 Thread added: 0x00000270d43b9fc0
Event: 14.962 loading class java/time/format/DateTimeFormatterBuilder$ZoneTextPrinterParser
Event: 14.962 loading class java/time/format/DateTimeFormatterBuilder$ZoneTextPrinterParser done
Event: 14.963 loading class java/time/format/DateTimeFormatterBuilder$ReducedPrinterParser
Event: 14.963 loading class java/time/format/DateTimeFormatterBuilder$ReducedPrinterParser done
Event: 15.044 loading class sun/security/provider/MD5
Event: 15.044 loading class sun/security/provider/MD5 done
Event: 15.044 loading class sun/security/provider/ByteArrayAccess$LE
Event: 15.045 loading class sun/security/provider/ByteArrayAccess$LE done
Event: 15.985 Thread 0x00000270d43bb7d0 Thread added: 0x00000270d43bb7d0
Event: 16.381 Thread 0x00000270d14975b0 Thread exited: 0x00000270d14975b0
Event: 16.404 loading class jdk/internal/reflect/UnsafeQualifiedObjectFieldAccessorImpl
Event: 16.404 loading class jdk/internal/reflect/UnsafeQualifiedObjectFieldAccessorImpl done
Event: 16.405 loading class jdk/internal/reflect/UnsafeQualifiedLongFieldAccessorImpl
Event: 16.405 loading class jdk/internal/reflect/UnsafeQualifiedLongFieldAccessorImpl done


Dynamic libraries:
0x00007ff7ce470000 - 0x00007ff7ce47e000 	c:\Users\yassi\.vscode\extensions\redhat.java-1.14.0-win32-x64\jre\17.0.5-win32-x86_64\bin\java.exe
0x00007ffcdf820000 - 0x00007ffcdfa29000 	C:\WINDOWS\SYSTEM32\ntdll.dll
0x00007ffcdd7a0000 - 0x00007ffcdd85e000 	C:\WINDOWS\System32\KERNEL32.DLL
0x00007ffcdd180000 - 0x00007ffcdd4fb000 	C:\WINDOWS\System32\KERNELBASE.dll
0x00007ffcdd500000 - 0x00007ffcdd611000 	C:\WINDOWS\System32\ucrtbase.dll
0x00007ffcd44f0000 - 0x00007ffcd4507000 	c:\Users\yassi\.vscode\extensions\redhat.java-1.14.0-win32-x64\jre\17.0.5-win32-x86_64\bin\jli.dll
0x00007ffcd8620000 - 0x00007ffcd8639000 	c:\Users\yassi\.vscode\extensions\redhat.java-1.14.0-win32-x64\jre\17.0.5-win32-x86_64\bin\VCRUNTIME140.dll
0x00007ffcde350000 - 0x00007ffcde4fd000 	C:\WINDOWS\System32\USER32.dll
0x00007ffcdd150000 - 0x00007ffcdd176000 	C:\WINDOWS\System32\win32u.dll
0x00007ffcc7c10000 - 0x00007ffcc7eb5000 	C:\WINDOWS\WinSxS\amd64_microsoft.windows.common-controls_6595b64144ccf1df_6.0.22000.120_none_9d947278b86cc467\COMCTL32.dll
0x00007ffcdedb0000 - 0x00007ffcdedd9000 	C:\WINDOWS\System32\GDI32.dll
0x00007ffcdccf0000 - 0x00007ffcdce08000 	C:\WINDOWS\System32\gdi32full.dll
0x00007ffcde0a0000 - 0x00007ffcde143000 	C:\WINDOWS\System32\msvcrt.dll
0x00007ffcdcf40000 - 0x00007ffcdcfdd000 	C:\WINDOWS\System32\msvcp_win.dll
0x00007ffcde500000 - 0x00007ffcde532000 	C:\WINDOWS\System32\IMM32.DLL
0x00007ffcd86a0000 - 0x00007ffcd86ac000 	c:\Users\yassi\.vscode\extensions\redhat.java-1.14.0-win32-x64\jre\17.0.5-win32-x86_64\bin\vcruntime140_1.dll
0x00007ffcaca10000 - 0x00007ffcacaa1000 	c:\Users\yassi\.vscode\extensions\redhat.java-1.14.0-win32-x64\jre\17.0.5-win32-x86_64\bin\msvcp140.dll
0x00007ffc5c5b0000 - 0x00007ffc5d1f4000 	c:\Users\yassi\.vscode\extensions\redhat.java-1.14.0-win32-x64\jre\17.0.5-win32-x86_64\bin\server\jvm.dll
0x00007ffcded00000 - 0x00007ffcdedae000 	C:\WINDOWS\System32\ADVAPI32.dll
0x00007ffcdd700000 - 0x00007ffcdd79e000 	C:\WINDOWS\System32\sechost.dll
0x00007ffcde150000 - 0x00007ffcde270000 	C:\WINDOWS\System32\RPCRT4.dll
0x00007ffcbc760000 - 0x00007ffcbc769000 	C:\WINDOWS\SYSTEM32\WSOCK32.dll
0x00007ffcd8010000 - 0x00007ffcd801a000 	C:\WINDOWS\SYSTEM32\VERSION.dll
0x00007ffcd8510000 - 0x00007ffcd8543000 	C:\WINDOWS\SYSTEM32\WINMM.dll
0x00007ffcde9c0000 - 0x00007ffcdea2f000 	C:\WINDOWS\System32\WS2_32.dll
0x00007ffcdbd50000 - 0x00007ffcdbd68000 	C:\WINDOWS\SYSTEM32\kernel.appcore.dll
0x00007ffccff00000 - 0x00007ffccff0a000 	c:\Users\yassi\.vscode\extensions\redhat.java-1.14.0-win32-x64\jre\17.0.5-win32-x86_64\bin\jimage.dll
0x00007ffcda9e0000 - 0x00007ffcdac01000 	C:\WINDOWS\SYSTEM32\DBGHELP.DLL
0x00007ffcceb80000 - 0x00007ffccebb1000 	C:\WINDOWS\SYSTEM32\dbgcore.DLL
0x00007ffcdd620000 - 0x00007ffcdd69f000 	C:\WINDOWS\System32\bcryptPrimitives.dll
0x00007ffcbd640000 - 0x00007ffcbd665000 	c:\Users\yassi\.vscode\extensions\redhat.java-1.14.0-win32-x64\jre\17.0.5-win32-x86_64\bin\java.dll
0x00007ffcbe350000 - 0x00007ffcbe368000 	c:\Users\yassi\.vscode\extensions\redhat.java-1.14.0-win32-x64\jre\17.0.5-win32-x86_64\bin\zip.dll
0x00007ffcdeed0000 - 0x00007ffcdf687000 	C:\WINDOWS\System32\SHELL32.dll
0x00007ffcdada0000 - 0x00007ffcdb605000 	C:\WINDOWS\SYSTEM32\windows.storage.dll
0x00007ffcddbf0000 - 0x00007ffcddf68000 	C:\WINDOWS\System32\combase.dll
0x00007ffcdac30000 - 0x00007ffcdad96000 	C:\WINDOWS\SYSTEM32\wintypes.dll
0x00007ffcddfa0000 - 0x00007ffcde08a000 	C:\WINDOWS\System32\SHCORE.dll
0x00007ffcdea60000 - 0x00007ffcdeabd000 	C:\WINDOWS\System32\shlwapi.dll
0x00007ffcdcc20000 - 0x00007ffcdcc41000 	C:\WINDOWS\SYSTEM32\profapi.dll
0x00007ffcad800000 - 0x00007ffcad819000 	C:\Users\yassi\.vscode\extensions\redhat.java-1.14.0-win32-x64\jre\17.0.5-win32-x86_64\bin\net.dll
0x00007ffcd8330000 - 0x00007ffcd8444000 	C:\WINDOWS\SYSTEM32\WINHTTP.dll
0x00007ffcdc210000 - 0x00007ffcdc277000 	C:\WINDOWS\system32\mswsock.dll
0x00007ffcaae20000 - 0x00007ffcaae35000 	C:\Users\yassi\.vscode\extensions\redhat.java-1.14.0-win32-x64\jre\17.0.5-win32-x86_64\bin\nio.dll
0x00007ffcce810000 - 0x00007ffcce820000 	c:\Users\yassi\.vscode\extensions\redhat.java-1.14.0-win32-x64\jre\17.0.5-win32-x86_64\bin\verify.dll
0x00007ffcdc460000 - 0x00007ffcdc478000 	C:\WINDOWS\SYSTEM32\CRYPTSP.dll
0x00007ffcdbca0000 - 0x00007ffcdbcd5000 	C:\WINDOWS\system32\rsaenh.dll
0x00007ffcdc300000 - 0x00007ffcdc329000 	C:\WINDOWS\SYSTEM32\USERENV.dll
0x00007ffcdc650000 - 0x00007ffcdc677000 	C:\WINDOWS\SYSTEM32\bcrypt.dll
0x00007ffcdc450000 - 0x00007ffcdc45c000 	C:\WINDOWS\SYSTEM32\CRYPTBASE.dll
0x00007ffcdb870000 - 0x00007ffcdb89d000 	C:\WINDOWS\SYSTEM32\IPHLPAPI.DLL
0x00007ffcde9b0000 - 0x00007ffcde9b9000 	C:\WINDOWS\System32\NSI.dll
0x00007ffcd8550000 - 0x00007ffcd8569000 	C:\WINDOWS\SYSTEM32\dhcpcsvc6.DLL
0x00007ffcd8920000 - 0x00007ffcd893e000 	C:\WINDOWS\SYSTEM32\dhcpcsvc.DLL
0x00007ffcdb8a0000 - 0x00007ffcdb988000 	C:\WINDOWS\SYSTEM32\DNSAPI.dll
0x00007ffcd8680000 - 0x00007ffcd8689000 	C:\Users\yassi\.vscode\extensions\redhat.java-1.14.0-win32-x64\jre\17.0.5-win32-x86_64\bin\management.dll
0x00007ffcd4570000 - 0x00007ffcd457b000 	C:\Users\yassi\.vscode\extensions\redhat.java-1.14.0-win32-x64\jre\17.0.5-win32-x86_64\bin\management_ext.dll
0x00007ffcddf90000 - 0x00007ffcddf98000 	C:\WINDOWS\System32\PSAPI.DLL

dbghelp: loaded successfully - version: 4.0.5 - missing functions: none
symbol engine: initialized successfully - sym options: 0x614 - pdb path: .;c:\Users\yassi\.vscode\extensions\redhat.java-1.14.0-win32-x64\jre\17.0.5-win32-x86_64\bin;C:\WINDOWS\SYSTEM32;C:\WINDOWS\WinSxS\amd64_microsoft.windows.common-controls_6595b64144ccf1df_6.0.22000.120_none_9d947278b86cc467;c:\Users\yassi\.vscode\extensions\redhat.java-1.14.0-win32-x64\jre\17.0.5-win32-x86_64\bin\server

VM Arguments:
jvm_args: -Dsts.lsp.client=vscode -Dsts.log.file=/dev/null -XX:TieredStopAtLevel=1 -Xlog:jni+resolve=off -Dspring.config.location=file:c:\Users\yassi\.vscode\extensions\pivotal.vscode-spring-boot-1.43.0\language-server\BOOT-INF\classes\application.properties 
java_command: org.springframework.ide.vscode.boot.app.BootLanguageServerBootApp
java_class_path (initial): c:\Users\yassi\.vscode\extensions\pivotal.vscode-spring-boot-1.43.0\language-server\BOOT-INF\classes;c:\Users\yassi\.vscode\extensions\pivotal.vscode-spring-boot-1.43.0\language-server\BOOT-INF\lib\annotations-23.1.0.jar;c:\Users\yassi\.vscode\extensions\pivotal.vscode-spring-boot-1.43.0\language-server\BOOT-INF\lib\ant-1.10.12.jar;c:\Users\yassi\.vscode\extensions\pivotal.vscode-spring-boot-1.43.0\language-server\BOOT-INF\lib\ant-launcher-1.10.12.jar;c:\Users\yassi\.vscode\extensions\pivotal.vscode-spring-boot-1.43.0\language-server\BOOT-INF\lib\antlr-runtime-3.5.2.jar;c:\Users\yassi\.vscode\extensions\pivotal.vscode-spring-boot-1.43.0\language-server\BOOT-INF\lib\antlr4-4.9.3.jar;c:\Users\yassi\.vscode\extensions\pivotal.vscode-spring-boot-1.43.0\language-server\BOOT-INF\lib\antlr4-runtime-4.9.3.jar;c:\Users\yassi\.vscode\extensions\pivotal.vscode-spring-boot-1.43.0\language-server\BOOT-INF\lib\apiguardian-api-1.1.2.jar;c:\Users\yassi\.vscode\extensions\pivotal.vscode-spring-boot-1.43.0\language-server\BOOT-INF\lib\asm-9.4.jar;c:\Users\yassi\.vscode\extensions\pivotal.vscode-spring-boot-1.43.0\language-server\BOOT-INF\lib\asm-analysis-9.4.jar;c:\Users\yassi\.vscode\extensions\pivotal.vscode-spring-boot-1.43.0\language-server\BOOT-INF\lib\asm-tree-9.4.jar;c:\Users\yassi\.vscode\extensions\pivotal.vscode-spring-boot-1.43.0\language-server\BOOT-INF\lib\asm-util-9.4.jar;c:\Users\yassi\.vscode\extensions\pivotal.vscode-spring-boot-1.43.0\language-server\BOOT-INF\lib\caffeine-3.1.2.jar;c:\Users\yassi\.vscode\extensions\pivotal.vscode-spring-boot-1.43.0\language-server\BOOT-INF\lib\checker-qual-3.12.0.jar;c:\Users\yassi\.vscode\extensions\pivotal.vscode-spring-boot-1.43.0\language-server\BOOT-INF\lib\ci-environment-9.1.0.jar;c:\Users\yassi\.vscode\extensions\pivotal.vscode-spring-boot-1.43.0\language-server\BOOT-INF\lib\classgraph-4.8.149.jar;c:\Users\yassi\.vscode\extensions\pivotal.vscode-spring-boot-1.43.0\language-server\BOOT-INF\lib\comm
Launcher Type: SUN_STANDARD

[Global flags]
     intx CICompilerCount                          = 4                                         {product} {ergonomic}
     uint ConcGCThreads                            = 3                                         {product} {ergonomic}
     uint G1ConcRefinementThreads                  = 10                                        {product} {ergonomic}
   size_t G1HeapRegionSize                         = 1048576                                   {product} {ergonomic}
    uintx GCDrainStackTargetSize                   = 64                                        {product} {ergonomic}
   size_t InitialHeapSize                          = 123731968                                 {product} {ergonomic}
   size_t MarkStackSize                            = 4194304                                   {product} {ergonomic}
   size_t MaxHeapSize                              = 1977614336                                {product} {ergonomic}
   size_t MaxNewSize                               = 1185939456                                {product} {ergonomic}
   size_t MinHeapDeltaBytes                        = 1048576                                   {product} {ergonomic}
   size_t MinHeapSize                              = 8388608                                   {product} {ergonomic}
    uintx NonProfiledCodeHeapSize                  = 0                                      {pd product} {ergonomic}
     bool ProfileInterpreter                       = false                                  {pd product} {command line}
    uintx ProfiledCodeHeapSize                     = 0                                      {pd product} {ergonomic}
   size_t SoftMaxHeapSize                          = 1977614336                             {manageable} {ergonomic}
     intx TieredStopAtLevel                        = 1                                         {product} {command line}
     bool UseCompressedClassPointers               = true                           {product lp64_product} {ergonomic}
     bool UseCompressedOops                        = true                           {product lp64_product} {ergonomic}
     bool UseG1GC                                  = true                                      {product} {ergonomic}
     bool UseLargePagesIndividualAllocation        = false                                  {pd product} {ergonomic}

Logging:
Log output configuration:
 #0: stdout all=warning,jni+resolve=off uptime,level,tags
 #1: stderr all=off uptime,level,tags

Environment Variables:
JAVA_HOME=C:\Program Files\Java\jdk-19.0.1
PATH=C:\Program Files\Common Files\Oracle\Java\javapath;C:\ProgramData\Oracle\Java\javapath;C:\Program Files (x86)\VMware\VMware Player\bin\;C:\windows\system32;C:\windows;C:\windows\System32\Wbem;C:\windows\System32\WindowsPowerShell\v1.0\;C:\windows\System32\OpenSSH\;C:\Program Files (x86)\NVIDIA Corporation\PhysX\Common;C:\Program Files\NVIDIA Corporation\NVIDIA NvDLISR;C:\Program Files\apache-maven-3.8.6\bin;C:\Program Files\dotnet\;C:\Program Files\Microsoft SQL Server\130\Tools\Binn\;C:\php;C:\Program Files\Microsoft SQL Server\Client SDK\ODBC\170\Tools\Binn\;C:\Program Files\Azure Data Studio\bin;C:\WINDOWS\system32;C:\WINDOWS;C:\WINDOWS\System32\Wbem;C:\WINDOWS\System32\WindowsPowerShell\v1.0\;C:\WINDOWS\System32\OpenSSH\;C:\wamp64\bin\php\php5.6.40;C:\ProgramData\ComposerSetup\bin;C:\Program Files\Git\cmd;C:\Program Files\nodejs\;C:\ProgramData\chocolatey\bin;C:\Program Files\PuTTY\;C:\Program Files\Java\jdk-19.0.1\bin;C:\Program Files\MySQL\MySQL Shell 8.0\bin\;C:\Users\yassi\AppData\Local\Microsoft\WindowsApps;C:\Users\yassi\.dotnet\tools;C:\Users\yassi\AppData\Local\Programs\Python\Python39;C:\Users\yassi\AppData\Local\Programs\Python\Python39\Scripts\;C:\Users\yassi\AppData\Local\Packages\PythonSoftwareFoundation.Python.3.8_qbz5n2kfra8p0\LocalCache\local-packages\Python38\Scripts;C:\Program Files\Azure Data Studio\bin;C:\Program Files\Microsoft VS Code\bin;C:\Users\yassi\AppData\Roaming\Composer\vendor\bin;C:\php;C:\Windows\Systemp32;;C:\Program Files\JetBrains\PhpStorm 2021.2.1\bin;;C:\Users\yassi\AppData\Roaming\npm;C:\Program Files\JetBrains\IntelliJ IDEA Community Edition 2022.3\bin;
USERNAME=yassi
OS=Windows_NT
PROCESSOR_IDENTIFIER=AMD64 Family 23 Model 96 Stepping 1, AuthenticAMD
TMP=C:\Users\yassi\AppData\Local\Temp
TEMP=C:\Users\yassi\AppData\Local\Temp



---------------  S Y S T E M  ---------------

OS:
 Windows 11 , 64 bit Build 22000 (10.0.22000.1335)
OS uptime: 7 days 14:31 hours
Hyper-V role detected

CPU: total 12 (initial active 12) (12 cores per cpu, 2 threads per core) family 23 model 96 stepping 1 microcode 0x0, cx8, cmov, fxsr, ht, mmx, 3dnowpref, sse, sse2, sse3, ssse3, sse4a, sse4.1, sse4.2, popcnt, lzcnt, tsc, tscinvbit, avx, avx2, aes, clmul, bmi1, bmi2, adx, sha, fma, vzeroupper, clflush, clflushopt, hv

Memory: 4k page, system-wide physical 7541M (171M free)
TotalPageFile size 31093M (AvailPageFile size 261M)
current process WorkingSet (physical memory assigned to process): 464M, peak: 464M
current process commit charge ("private bytes"): 493M, peak: 1115M

vm_info: OpenJDK 64-Bit Server VM (17.0.5+8) for windows-amd64 JRE (17.0.5+8), built on Oct 19 2022 04:48:13 by "temurin" with MS VC++ 16.7 (VS2019)

END.
