#
# There is insufficient memory for the Java Runtime Environment to continue.
# Native memory allocation (mmap) failed to map 330301440 bytes for G1 virtual space
# Possible reasons:
#   The system is out of physical RAM or swap space
#   The process is running with CompressedOops enabled, and the Java Heap may be blocking the growth of the native heap
# Possible solutions:
#   Reduce memory load on the system
#   Increase physical memory or swap space
#   Check if swap backing store is full
#   Decrease Java heap size (-Xmx/-Xms)
#   Decrease number of Java threads
#   Decrease Java thread stack sizes (-Xss)
#   Set larger code cache with -XX:ReservedCodeCacheSize=
#   JVM is running with Unscaled Compressed Oops mode in which the Java heap is
#     placed in the first 4GB address space. The Java Heap base address is the
#     maximum limit for the native heap growth. Please use -XX:HeapBaseMinAddress
#     to set the Java Heap base and to place the Java Heap above 4GB virtual address.
# This output file may be truncated or incomplete.
#
#  Out of Memory Error (os_windows.cpp:3548), pid=41184, tid=106088
#
# JRE version: OpenJDK Runtime Environment Temurin-17.0.5+8 (17.0.5+8) (build 17.0.5+8)
# Java VM: OpenJDK 64-Bit Server VM Temurin-17.0.5+8 (17.0.5+8, mixed mode, emulated-client, tiered, compressed oops, compressed class ptrs, g1 gc, windows-amd64)
# No core dump will be written. Minidumps are not enabled by default on client versions of Windows
#

---------------  S U M M A R Y ------------

Command Line: -Dsts.lsp.client=vscode -Dsts.log.file=/dev/null -XX:TieredStopAtLevel=1 -Xlog:jni+resolve=off -Dspring.config.location=file:c:\Users\yassi\.vscode\extensions\pivotal.vscode-spring-boot-1.43.0\language-server\BOOT-INF\classes\application.properties org.springframework.ide.vscode.boot.app.BootLanguageServerBootApp

Host: AMD Ryzen 5 4600H with Radeon Graphics         , 12 cores, 7G,  Windows 11 , 64 bit Build 22000 (10.0.22000.1335)
Time: Sat Jan 28 01:19:10 2023 Paris, Madrid elapsed time: 4.334268 seconds (0d 0h 0m 4s)

---------------  T H R E A D  ---------------

Current thread (0x00000286d634afa0):  VMThread "VM Thread" [stack: 0x000000b373200000,0x000000b373300000] [id=106088]

Stack: [0x000000b373200000,0x000000b373300000]
Native frames: (J=compiled Java code, j=interpreted, Vv=VM code, C=native code)
V  [jvm.dll+0x676b3a]
V  [jvm.dll+0x831444]
V  [jvm.dll+0x832bee]
V  [jvm.dll+0x833253]
V  [jvm.dll+0x244ce5]
V  [jvm.dll+0x673a49]
V  [jvm.dll+0x66811a]
V  [jvm.dll+0x303ceb]
V  [jvm.dll+0x30b1e6]
V  [jvm.dll+0x35adbe]
V  [jvm.dll+0x35afef]
V  [jvm.dll+0x2dab88]
V  [jvm.dll+0x2d8e3c]
V  [jvm.dll+0x2d840c]
V  [jvm.dll+0x31c31b]
V  [jvm.dll+0x8376fb]
V  [jvm.dll+0x838434]
V  [jvm.dll+0x83894c]
V  [jvm.dll+0x838d24]
V  [jvm.dll+0x838df0]
V  [jvm.dll+0x7e17ea]
V  [jvm.dll+0x6759e5]
C  [ucrtbase.dll+0x26c0c]
C  [KERNEL32.DLL+0x155a0]
C  [ntdll.dll+0x485b]

VM_Operation (0x000000b376bfdd90): G1CollectForAllocation, mode: safepoint, requested by thread 0x00000286d866ec70


---------------  P R O C E S S  ---------------

Threads class SMR info:
_java_thread_list=0x00000286d75427b0, length=58, elements={
0x00000286d6399380, 0x00000286d6399c40, 0x00000286d63bda30, 0x00000286d63be2f0,
0x00000286d6d3a080, 0x00000286d6d3a550, 0x00000286d6d3aec0, 0x00000286d6d3d7d0,
0x00000286d6f3a5f0, 0x00000286d6f4ab60, 0x00000286d6f6a710, 0x00000286d78ee5b0,
0x00000286d7d26a30, 0x00000286d83086e0, 0x00000286d840d8f0, 0x00000286d8550050,
0x00000286c710efd0, 0x00000286d800c890, 0x00000286d85d3f00, 0x00000286d8608390,
0x00000286d8608860, 0x00000286d86100d0, 0x00000286d862d5e0, 0x00000286d862e450,
0x00000286d862e920, 0x00000286d862df80, 0x00000286d862edf0, 0x00000286d862dab0,
0x00000286d866cf90, 0x00000286d866d460, 0x00000286d866d930, 0x00000286d8672160,
0x00000286d8673970, 0x00000286d866c5f0, 0x00000286d866c120, 0x00000286d866ffb0,
0x00000286d8672fd0, 0x00000286d866cac0, 0x00000286d866de00, 0x00000286d86717c0,
0x00000286d8672630, 0x00000286d86734a0, 0x00000286d866e2d0, 0x00000286d866e7a0,
0x00000286d8671c90, 0x00000286d866ec70, 0x00000286d866f140, 0x00000286d8672b00,
0x00000286d866f610, 0x00000286d8670950, 0x00000286d866fae0, 0x00000286d8670480,
0x00000286d8670e20, 0x00000286d86712f0, 0x00000286db789220, 0x00000286db787540,
0x00000286db788880, 0x00000286db785860
}

Java Threads: ( => current thread )
  0x00000286d6399380 JavaThread "Reference Handler" daemon [_thread_blocked, id=100132, stack(0x000000b373300000,0x000000b373400000)]
  0x00000286d6399c40 JavaThread "Finalizer" daemon [_thread_blocked, id=17888, stack(0x000000b373400000,0x000000b373500000)]
  0x00000286d63bda30 JavaThread "Signal Dispatcher" daemon [_thread_blocked, id=102016, stack(0x000000b373500000,0x000000b373600000)]
  0x00000286d63be2f0 JavaThread "Attach Listener" daemon [_thread_blocked, id=108468, stack(0x000000b373600000,0x000000b373700000)]
  0x00000286d6d3a080 JavaThread "Service Thread" daemon [_thread_blocked, id=32468, stack(0x000000b373700000,0x000000b373800000)]
  0x00000286d6d3a550 JavaThread "Monitor Deflation Thread" daemon [_thread_blocked, id=108876, stack(0x000000b373800000,0x000000b373900000)]
  0x00000286d6d3aec0 JavaThread "C1 CompilerThread0" daemon [_thread_blocked, id=2812, stack(0x000000b373900000,0x000000b373a00000)]
  0x00000286d6d3d7d0 JavaThread "Sweeper thread" daemon [_thread_blocked, id=32936, stack(0x000000b373a00000,0x000000b373b00000)]
  0x00000286d6f3a5f0 JavaThread "C1 CompilerThread1" daemon [_thread_blocked, id=106984, stack(0x000000b373b00000,0x000000b373c00000)]
  0x00000286d6f4ab60 JavaThread "Notification Thread" daemon [_thread_blocked, id=101744, stack(0x000000b373c00000,0x000000b373d00000)]
  0x00000286d6f6a710 JavaThread "Common-Cleaner" daemon [_thread_blocked, id=51408, stack(0x000000b373e00000,0x000000b373f00000)]
  0x00000286d78ee5b0 JavaThread "C1 CompilerThread2" daemon [_thread_blocked, id=108680, stack(0x000000b373f00000,0x000000b374000000)]
  0x00000286d7d26a30 JavaThread "C1 CompilerThread3" daemon [_thread_blocked, id=103956, stack(0x000000b374400000,0x000000b374500000)]
  0x00000286d83086e0 JavaThread "boundedElastic-evictor-1" daemon [_thread_blocked, id=110368, stack(0x000000b374a00000,0x000000b374b00000)]
  0x00000286d840d8f0 JavaThread "pool-11-thread-1" [_thread_blocked, id=40568, stack(0x000000b374d00000,0x000000b374e00000)]
  0x00000286d8550050 JavaThread "LanguageServerApp-lifecycle" [_thread_blocked, id=99512, stack(0x000000b374e00000,0x000000b374f00000)]
  0x00000286c710efd0 JavaThread "DestroyJavaVM" [_thread_blocked, id=55880, stack(0x000000b372c00000,0x000000b372d00000)]
  0x00000286d800c890 JavaThread "pool-12-thread-1" [_thread_in_native, id=110200, stack(0x000000b374f00000,0x000000b375000000)]
  0x00000286d85d3f00 JavaThread "Simple-Language-Server main thread" daemon [_thread_blocked, id=66364, stack(0x000000b375000000,0x000000b375100000)]
  0x00000286d8608390 JavaThread "pool-8-thread-1" [_thread_blocked, id=14068, stack(0x000000b375100000,0x000000b375200000)]
  0x00000286d8608860 JavaThread "parallel-1" daemon [_thread_blocked, id=96104, stack(0x000000b375200000,0x000000b375300000)]
  0x00000286d86100d0 JavaThread "parallel-2" daemon [_thread_blocked, id=89660, stack(0x000000b375300000,0x000000b375400000)]
  0x00000286d862d5e0 JavaThread "parallel-3" daemon [_thread_blocked, id=106436, stack(0x000000b375400000,0x000000b375500000)]
  0x00000286d862e450 JavaThread "parallel-4" daemon [_thread_blocked, id=102040, stack(0x000000b375500000,0x000000b375600000)]
  0x00000286d862e920 JavaThread "parallel-5" daemon [_thread_blocked, id=100068, stack(0x000000b375600000,0x000000b375700000)]
  0x00000286d862df80 JavaThread "parallel-6" daemon [_thread_blocked, id=49848, stack(0x000000b375700000,0x000000b375800000)]
  0x00000286d862edf0 JavaThread "parallel-7" daemon [_thread_blocked, id=109392, stack(0x000000b375800000,0x000000b375900000)]
  0x00000286d862dab0 JavaThread "ForkJoinPool.commonPool-worker-1" daemon [_thread_blocked, id=103604, stack(0x000000b375900000,0x000000b375a00000)]
  0x00000286d866cf90 JavaThread "pool-5-thread-1" [_thread_blocked, id=54444, stack(0x000000b375a00000,0x000000b375b00000)]
  0x00000286d866d460 JavaThread "ForkJoinPool.commonPool-worker-2" daemon [_thread_blocked, id=102564, stack(0x000000b375b00000,0x000000b375c00000)]
  0x00000286d866d930 JavaThread "pool-5-thread-2" [_thread_blocked, id=107304, stack(0x000000b375c00000,0x000000b375d00000)]
  0x00000286d8672160 JavaThread "parallel-8" daemon [_thread_blocked, id=101452, stack(0x000000b375d00000,0x000000b375e00000)]
  0x00000286d8673970 JavaThread "ClassGraph-worker-0" daemon [_thread_blocked, id=104564, stack(0x000000b375e00000,0x000000b375f00000)]
  0x00000286d866c5f0 JavaThread "ClassGraph-worker-1" daemon [_thread_blocked, id=28736, stack(0x000000b375f00000,0x000000b376000000)]
  0x00000286d866c120 JavaThread "ClassGraph-worker-2" daemon [_thread_blocked, id=104796, stack(0x000000b376000000,0x000000b376100000)]
  0x00000286d866ffb0 JavaThread "ClassGraph-worker-3" daemon [_thread_blocked, id=15084, stack(0x000000b376100000,0x000000b376200000)]
  0x00000286d8672fd0 JavaThread "ClassGraph-worker-4" daemon [_thread_blocked, id=103280, stack(0x000000b376200000,0x000000b376300000)]
  0x00000286d866cac0 JavaThread "ClassGraph-worker-5" daemon [_thread_blocked, id=14512, stack(0x000000b376300000,0x000000b376400000)]
  0x00000286d866de00 JavaThread "ClassGraph-worker-6" daemon [_thread_blocked, id=98392, stack(0x000000b376400000,0x000000b376500000)]
  0x00000286d86717c0 JavaThread "ClassGraph-worker-7" daemon [_thread_blocked, id=106584, stack(0x000000b376500000,0x000000b376600000)]
  0x00000286d8672630 JavaThread "ClassGraph-worker-8" daemon [_thread_blocked, id=98156, stack(0x000000b376600000,0x000000b376700000)]
  0x00000286d86734a0 JavaThread "ClassGraph-worker-9" daemon [_thread_blocked, id=103096, stack(0x000000b376700000,0x000000b376800000)]
  0x00000286d866e2d0 JavaThread "ClassGraph-worker-10" daemon [_thread_blocked, id=92576, stack(0x000000b376800000,0x000000b376900000)]
  0x00000286d866e7a0 JavaThread "ClassGraph-worker-11" daemon [_thread_blocked, id=108012, stack(0x000000b376900000,0x000000b376a00000)]
  0x00000286d8671c90 JavaThread "ClassGraph-worker-12" daemon [_thread_blocked, id=103468, stack(0x000000b376a00000,0x000000b376b00000)]
  0x00000286d866ec70 JavaThread "ClassGraph-worker-13" daemon [_thread_blocked, id=101836, stack(0x000000b376b00000,0x000000b376c00000)]
  0x00000286d866f140 JavaThread "ClassGraph-worker-14" daemon [_thread_blocked, id=98776, stack(0x000000b376c00000,0x000000b376d00000)]
  0x00000286d8672b00 JavaThread "ClassGraph-worker-15" daemon [_thread_blocked, id=101852, stack(0x000000b376d00000,0x000000b376e00000)]
  0x00000286d866f610 JavaThread "ClassGraph-worker-16" daemon [_thread_blocked, id=108360, stack(0x000000b376e00000,0x000000b376f00000)]
  0x00000286d8670950 JavaThread "ClassGraph-worker-17" daemon [_thread_blocked, id=35772, stack(0x000000b376f00000,0x000000b377000000)]
  0x00000286d866fae0 JavaThread "ClassGraph-worker-18" daemon [_thread_blocked, id=108684, stack(0x000000b377000000,0x000000b377100000)]
  0x00000286d8670480 JavaThread "Reconciler-1" daemon [_thread_blocked, id=101840, stack(0x000000b377100000,0x000000b377200000)]
  0x00000286d8670e20 JavaThread "pool-6-thread-1" [_thread_blocked, id=108760, stack(0x000000b377200000,0x000000b377300000)]
  0x00000286d86712f0 JavaThread "pool-10-thread-1" [_thread_blocked, id=98692, stack(0x000000b377300000,0x000000b377400000)]
  0x00000286db789220 JavaThread "parallel-9" daemon [_thread_blocked, id=15476, stack(0x000000b377400000,0x000000b377500000)]
  0x00000286db787540 JavaThread "parallel-10" daemon [_thread_blocked, id=108252, stack(0x000000b377500000,0x000000b377600000)]
  0x00000286db788880 JavaThread "ForkJoinPool.commonPool-worker-3" daemon [_thread_blocked, id=50708, stack(0x000000b377600000,0x000000b377700000)]
  0x00000286db785860 JavaThread "ForkJoinPool.commonPool-worker-4" daemon [_thread_blocked, id=108296, stack(0x000000b377700000,0x000000b377800000)]

Other Threads:
=>0x00000286d634afa0 VMThread "VM Thread" [stack: 0x000000b373200000,0x000000b373300000] [id=106088]
  0x00000286c7184e00 WatcherThread [stack: 0x000000b373d00000,0x000000b373e00000] [id=22792]
  0x00000286c7167540 GCTaskThread "GC Thread#0" [stack: 0x000000b372d00000,0x000000b372e00000] [id=4712]
  0x00000286d77a5a20 GCTaskThread "GC Thread#1" [stack: 0x000000b374000000,0x000000b374100000] [id=39964]
  0x00000286d7af7eb0 GCTaskThread "GC Thread#2" [stack: 0x000000b374100000,0x000000b374200000] [id=104588]
  0x00000286d7af9170 GCTaskThread "GC Thread#3" [stack: 0x000000b374200000,0x000000b374300000] [id=108812]
  0x00000286d7afd840 GCTaskThread "GC Thread#4" [stack: 0x000000b374300000,0x000000b374400000] [id=19004]
  0x00000286d7d807d0 GCTaskThread "GC Thread#5" [stack: 0x000000b374500000,0x000000b374600000] [id=45396]
  0x00000286d7d80a80 GCTaskThread "GC Thread#6" [stack: 0x000000b374600000,0x000000b374700000] [id=104832]
  0x00000286d7d80d30 GCTaskThread "GC Thread#7" [stack: 0x000000b374700000,0x000000b374800000] [id=17668]
  0x00000286d7d80fe0 GCTaskThread "GC Thread#8" [stack: 0x000000b374800000,0x000000b374900000] [id=106200]
  0x00000286d7d81aa0 GCTaskThread "GC Thread#9" [stack: 0x000000b374900000,0x000000b374a00000] [id=102316]
  0x00000286c71770b0 ConcurrentGCThread "G1 Main Marker" [stack: 0x000000b372e00000,0x000000b372f00000] [id=95240]
  0x00000286c7179890 ConcurrentGCThread "G1 Conc#0" [stack: 0x000000b372f00000,0x000000b373000000] [id=26516]
  0x00000286d7f10c50 ConcurrentGCThread "G1 Conc#1" [stack: 0x000000b374b00000,0x000000b374c00000] [id=108664]
  0x00000286d7ebe400 ConcurrentGCThread "G1 Conc#2" [stack: 0x000000b374c00000,0x000000b374d00000] [id=101668]
  0x00000286d61f20c0 ConcurrentGCThread "G1 Refine#0" [stack: 0x000000b373000000,0x000000b373100000] [id=103216]
  0x00000286d86acb20 ConcurrentGCThread "G1 Refine#1" [stack: 0x000000b377800000,0x000000b377900000] [id=107848]
  0x00000286d61f2790 ConcurrentGCThread "G1 Service" [stack: 0x000000b373100000,0x000000b373200000] [id=66596]

Threads with active compile tasks:
C1 CompilerThread2     4351 4366       1       java.util.concurrent.ConcurrentHashMap::helpTransfer (123 bytes)

VM state: at safepoint (normal execution)

VM Mutex/Monitor currently owned by a thread:  ([mutex/lock_event])
[0x00000286c6ed0230] Threads_lock - owner thread: 0x00000286d634afa0
[0x00000286c710ccc0] Heap_lock - owner thread: 0x00000286d866ec70

Heap address: 0x000000008a200000, size: 1886 MB, Compressed Oops mode: 32-bit

CDS archive(s) not mapped
Compressed class space mapped at: 0x0000000100000000-0x0000000140000000, reserved size: 1073741824
Narrow klass base: 0x0000000000000000, Narrow klass shift: 3, Narrow klass range: 0x140000000

GC Precious Log:
 CPUs: 12 total, 12 available
 Memory: 7541M
 Large Page Support: Disabled
 NUMA Support: Disabled
 Compressed Oops: Enabled (32-bit)
 Heap Region Size: 1M
 Heap Min Capacity: 8M
 Heap Initial Capacity: 118M
 Heap Max Capacity: 1886M
 Pre-touch: Disabled
 Parallel Workers: 10
 Concurrent Workers: 3
 Concurrent Refinement Workers: 10
 Periodic GC: Disabled

Heap:
 garbage-first heap   total 274432K, used 90531K [0x000000008a200000, 0x0000000100000000)
  region size 1024K, 9 young (9216K), 9 survivors (9216K)
 Metaspace       used 41783K, committed 42240K, reserved 1089536K
  class space    used 5283K, committed 5504K, reserved 1048576K

Heap Regions: E=young(eden), S=young(survivor), O=old, HS=humongous(starts), HC=humongous(continues), CS=collection set, F=free, OA=open archive, CA=closed archive, TAMS=top-at-mark-start (previous, next)
|   0|0x000000008a200000, 0x000000008a300000, 0x000000008a300000|100%| O|  |TAMS 0x000000008a300000, 0x000000008a200000| Untracked 
|   1|0x000000008a300000, 0x000000008a400000, 0x000000008a400000|100%| O|  |TAMS 0x000000008a400000, 0x000000008a300000| Untracked 
|   2|0x000000008a400000, 0x000000008a500000, 0x000000008a500000|100%| O|  |TAMS 0x000000008a500000, 0x000000008a400000| Untracked 
|   3|0x000000008a500000, 0x000000008a600000, 0x000000008a600000|100%| O|  |TAMS 0x000000008a600000, 0x000000008a500000| Untracked 
|   4|0x000000008a600000, 0x000000008a700000, 0x000000008a700000|100%| O|  |TAMS 0x000000008a700000, 0x000000008a600000| Untracked 
|   5|0x000000008a700000, 0x000000008a800000, 0x000000008a800000|100%| O|  |TAMS 0x000000008a800000, 0x000000008a700000| Untracked 
|   6|0x000000008a800000, 0x000000008a900000, 0x000000008a900000|100%| O|  |TAMS 0x000000008a900000, 0x000000008a800000| Untracked 
|   7|0x000000008a900000, 0x000000008aa00000, 0x000000008aa00000|100%| O|  |TAMS 0x000000008aa00000, 0x000000008a900000| Untracked 
|   8|0x000000008aa00000, 0x000000008ab00000, 0x000000008ab00000|100%| O|  |TAMS 0x000000008ab00000, 0x000000008aa00000| Untracked 
|   9|0x000000008ab00000, 0x000000008ac00000, 0x000000008ac00000|100%| O|  |TAMS 0x000000008ac00000, 0x000000008ab00000| Untracked 
|  10|0x000000008ac00000, 0x000000008ad00000, 0x000000008ad00000|100%| O|  |TAMS 0x000000008ac00000, 0x000000008ac00000| Untracked 
|  11|0x000000008ad00000, 0x000000008ae00000, 0x000000008ae00000|100%| O|  |TAMS 0x000000008ae00000, 0x000000008ad00000| Untracked 
|  12|0x000000008ae00000, 0x000000008af00000, 0x000000008af00000|100%| O|  |TAMS 0x000000008af00000, 0x000000008ae00000| Untracked 
|  13|0x000000008af00000, 0x000000008b000000, 0x000000008b000000|100%| O|  |TAMS 0x000000008b000000, 0x000000008af00000| Untracked 
|  14|0x000000008b000000, 0x000000008b100000, 0x000000008b100000|100%| O|  |TAMS 0x000000008b100000, 0x000000008b000000| Untracked 
|  15|0x000000008b100000, 0x000000008b200000, 0x000000008b200000|100%| O|  |TAMS 0x000000008b200000, 0x000000008b100000| Untracked 
|  16|0x000000008b200000, 0x000000008b300000, 0x000000008b300000|100%|HS|  |TAMS 0x000000008b200000, 0x000000008b200000| Complete 
|  17|0x000000008b300000, 0x000000008b400000, 0x000000008b400000|100%| O|  |TAMS 0x000000008b400000, 0x000000008b300000| Untracked 
|  18|0x000000008b400000, 0x000000008b500000, 0x000000008b500000|100%| O|  |TAMS 0x000000008b500000, 0x000000008b400000| Untracked 
|  19|0x000000008b500000, 0x000000008b600000, 0x000000008b600000|100%| O|  |TAMS 0x000000008b600000, 0x000000008b500000| Untracked 
|  20|0x000000008b600000, 0x000000008b700000, 0x000000008b700000|100%| O|  |TAMS 0x000000008b700000, 0x000000008b600000| Untracked 
|  21|0x000000008b700000, 0x000000008b800000, 0x000000008b800000|100%| O|  |TAMS 0x000000008b800000, 0x000000008b700000| Untracked 
|  22|0x000000008b800000, 0x000000008b900000, 0x000000008b900000|100%| O|  |TAMS 0x000000008b900000, 0x000000008b800000| Untracked 
|  23|0x000000008b900000, 0x000000008ba00000, 0x000000008ba00000|100%| O|  |TAMS 0x000000008ba00000, 0x000000008b900000| Untracked 
|  24|0x000000008ba00000, 0x000000008bb00000, 0x000000008bb00000|100%| O|  |TAMS 0x000000008bb00000, 0x000000008ba00000| Untracked 
|  25|0x000000008bb00000, 0x000000008bc00000, 0x000000008bc00000|100%| O|  |TAMS 0x000000008bc00000, 0x000000008bb00000| Untracked 
|  26|0x000000008bc00000, 0x000000008bd00000, 0x000000008bd00000|100%| O|  |TAMS 0x000000008bd00000, 0x000000008bc00000| Untracked 
|  27|0x000000008bd00000, 0x000000008be00000, 0x000000008be00000|100%| O|  |TAMS 0x000000008be00000, 0x000000008bd00000| Untracked 
|  28|0x000000008be00000, 0x000000008bf00000, 0x000000008bf00000|100%| O|  |TAMS 0x000000008bf00000, 0x000000008be00000| Untracked 
|  29|0x000000008bf00000, 0x000000008c000000, 0x000000008c000000|100%| O|  |TAMS 0x000000008c000000, 0x000000008bf00000| Untracked 
|  30|0x000000008c000000, 0x000000008c100000, 0x000000008c100000|100%| O|  |TAMS 0x000000008c100000, 0x000000008c000000| Untracked 
|  31|0x000000008c100000, 0x000000008c200000, 0x000000008c200000|100%| O|  |TAMS 0x000000008c200000, 0x000000008c100000| Untracked 
|  32|0x000000008c200000, 0x000000008c300000, 0x000000008c300000|100%| O|  |TAMS 0x000000008c300000, 0x000000008c200000| Untracked 
|  33|0x000000008c300000, 0x000000008c400000, 0x000000008c400000|100%| O|  |TAMS 0x000000008c400000, 0x000000008c300000| Untracked 
|  34|0x000000008c400000, 0x000000008c500000, 0x000000008c500000|100%| O|  |TAMS 0x000000008c500000, 0x000000008c400000| Untracked 
|  35|0x000000008c500000, 0x000000008c600000, 0x000000008c600000|100%| O|  |TAMS 0x000000008c600000, 0x000000008c500000| Untracked 
|  36|0x000000008c600000, 0x000000008c700000, 0x000000008c700000|100%| O|  |TAMS 0x000000008c700000, 0x000000008c600000| Untracked 
|  37|0x000000008c700000, 0x000000008c800000, 0x000000008c800000|100%| O|  |TAMS 0x000000008c800000, 0x000000008c700000| Untracked 
|  38|0x000000008c800000, 0x000000008c900000, 0x000000008c900000|100%| O|  |TAMS 0x000000008c846a00, 0x000000008c800000| Untracked 
|  39|0x000000008c900000, 0x000000008ca00000, 0x000000008ca00000|100%| O|  |TAMS 0x000000008c900000, 0x000000008c900000| Untracked 
|  40|0x000000008ca00000, 0x000000008cb00000, 0x000000008cb00000|100%| O|  |TAMS 0x000000008ca00000, 0x000000008ca00000| Untracked 
|  41|0x000000008cb00000, 0x000000008cc00000, 0x000000008cc00000|100%| O|  |TAMS 0x000000008cb00000, 0x000000008cb00000| Untracked 
|  42|0x000000008cc00000, 0x000000008cd00000, 0x000000008cd00000|100%| O|  |TAMS 0x000000008cc00000, 0x000000008cc00000| Untracked 
|  43|0x000000008cd00000, 0x000000008ce00000, 0x000000008ce00000|100%| O|  |TAMS 0x000000008cd00000, 0x000000008cd00000| Untracked 
|  44|0x000000008ce00000, 0x000000008cf00000, 0x000000008cf00000|100%| O|  |TAMS 0x000000008ce00000, 0x000000008ce00000| Untracked 
|  45|0x000000008cf00000, 0x000000008d000000, 0x000000008d000000|100%| O|  |TAMS 0x000000008cf00000, 0x000000008cf00000| Untracked 
|  46|0x000000008d000000, 0x000000008d100000, 0x000000008d100000|100%| O|  |TAMS 0x000000008d000000, 0x000000008d000000| Untracked 
|  47|0x000000008d100000, 0x000000008d200000, 0x000000008d200000|100%| O|  |TAMS 0x000000008d100000, 0x000000008d100000| Untracked 
|  48|0x000000008d200000, 0x000000008d300000, 0x000000008d300000|100%| O|  |TAMS 0x000000008d200000, 0x000000008d200000| Untracked 
|  49|0x000000008d300000, 0x000000008d400000, 0x000000008d400000|100%| O|  |TAMS 0x000000008d300000, 0x000000008d300000| Untracked 
|  50|0x000000008d400000, 0x000000008d500000, 0x000000008d500000|100%|HS|  |TAMS 0x000000008d400000, 0x000000008d400000| Complete 
|  51|0x000000008d500000, 0x000000008d600000, 0x000000008d600000|100%|HS|  |TAMS 0x000000008d500000, 0x000000008d500000| Complete 
|  52|0x000000008d600000, 0x000000008d700000, 0x000000008d700000|100%| O|  |TAMS 0x000000008d600000, 0x000000008d600000| Untracked 
|  53|0x000000008d700000, 0x000000008d800000, 0x000000008d800000|100%| O|  |TAMS 0x000000008d700000, 0x000000008d700000| Untracked 
|  54|0x000000008d800000, 0x000000008d900000, 0x000000008d900000|100%| O|  |TAMS 0x000000008d800000, 0x000000008d800000| Untracked 
|  55|0x000000008d900000, 0x000000008da00000, 0x000000008da00000|100%| O|  |TAMS 0x000000008d900000, 0x000000008d900000| Untracked 
|  56|0x000000008da00000, 0x000000008db00000, 0x000000008db00000|100%| O|  |TAMS 0x000000008da00000, 0x000000008da00000| Untracked 
|  57|0x000000008db00000, 0x000000008dc00000, 0x000000008dc00000|100%| O|  |TAMS 0x000000008db00000, 0x000000008db00000| Untracked 
|  58|0x000000008dc00000, 0x000000008dd00000, 0x000000008dd00000|100%| O|  |TAMS 0x000000008dc00000, 0x000000008dc00000| Untracked 
|  59|0x000000008dd00000, 0x000000008de00000, 0x000000008de00000|100%| O|  |TAMS 0x000000008dd00000, 0x000000008dd00000| Untracked 
|  60|0x000000008de00000, 0x000000008df00000, 0x000000008df00000|100%| O|  |TAMS 0x000000008de00000, 0x000000008de00000| Untracked 
|  61|0x000000008df00000, 0x000000008e000000, 0x000000008e000000|100%| O|  |TAMS 0x000000008df00000, 0x000000008df00000| Untracked 
|  62|0x000000008e000000, 0x000000008e100000, 0x000000008e100000|100%| O|  |TAMS 0x000000008e000000, 0x000000008e000000| Untracked 
|  63|0x000000008e100000, 0x000000008e200000, 0x000000008e200000|100%| O|  |TAMS 0x000000008e100000, 0x000000008e100000| Untracked 
|  64|0x000000008e200000, 0x000000008e300000, 0x000000008e300000|100%| O|  |TAMS 0x000000008e200000, 0x000000008e200000| Untracked 
|  65|0x000000008e300000, 0x000000008e400000, 0x000000008e400000|100%| O|  |TAMS 0x000000008e300000, 0x000000008e300000| Untracked 
|  66|0x000000008e400000, 0x000000008e500000, 0x000000008e500000|100%| O|  |TAMS 0x000000008e400000, 0x000000008e400000| Untracked 
|  67|0x000000008e500000, 0x000000008e600000, 0x000000008e600000|100%| O|  |TAMS 0x000000008e500000, 0x000000008e500000| Untracked 
|  68|0x000000008e600000, 0x000000008e700000, 0x000000008e700000|100%| O|  |TAMS 0x000000008e600000, 0x000000008e600000| Untracked 
|  69|0x000000008e700000, 0x000000008e800000, 0x000000008e800000|100%| O|  |TAMS 0x000000008e700000, 0x000000008e700000| Untracked 
|  70|0x000000008e800000, 0x000000008e900000, 0x000000008e900000|100%| O|  |TAMS 0x000000008e800000, 0x000000008e800000| Untracked 
|  71|0x000000008e900000, 0x000000008ea00000, 0x000000008ea00000|100%| O|  |TAMS 0x000000008e900000, 0x000000008e900000| Untracked 
|  72|0x000000008ea00000, 0x000000008eb00000, 0x000000008eb00000|100%| O|  |TAMS 0x000000008ea00000, 0x000000008ea00000| Untracked 
|  73|0x000000008eb00000, 0x000000008ec00000, 0x000000008ec00000|100%| O|  |TAMS 0x000000008eb00000, 0x000000008eb00000| Untracked 
|  74|0x000000008ec00000, 0x000000008ed00000, 0x000000008ed00000|100%| O|  |TAMS 0x000000008ec00000, 0x000000008ec00000| Untracked 
|  75|0x000000008ed00000, 0x000000008ee00000, 0x000000008ee00000|100%| O|  |TAMS 0x000000008ed00000, 0x000000008ed00000| Untracked 
|  76|0x000000008ee00000, 0x000000008ef00000, 0x000000008ef00000|100%| O|  |TAMS 0x000000008ee00000, 0x000000008ee00000| Untracked 
|  77|0x000000008ef00000, 0x000000008f000000, 0x000000008f000000|100%| O|  |TAMS 0x000000008ef00000, 0x000000008ef00000| Untracked 
|  78|0x000000008f000000, 0x000000008f100000, 0x000000008f100000|100%| O|  |TAMS 0x000000008f000000, 0x000000008f000000| Untracked 
|  79|0x000000008f100000, 0x000000008f168e00, 0x000000008f200000| 40%| O|  |TAMS 0x000000008f100000, 0x000000008f100000| Untracked 
|  80|0x000000008f200000, 0x000000008f200000, 0x000000008f300000|  0%| F|  |TAMS 0x000000008f200000, 0x000000008f200000| Untracked 
|  81|0x000000008f300000, 0x000000008f300000, 0x000000008f400000|  0%| F|  |TAMS 0x000000008f300000, 0x000000008f300000| Untracked 
|  82|0x000000008f400000, 0x000000008f400000, 0x000000008f500000|  0%| F|  |TAMS 0x000000008f400000, 0x000000008f400000| Untracked 
|  83|0x000000008f500000, 0x000000008f500000, 0x000000008f600000|  0%| F|  |TAMS 0x000000008f500000, 0x000000008f500000| Untracked 
|  84|0x000000008f600000, 0x000000008f600000, 0x000000008f700000|  0%| F|  |TAMS 0x000000008f600000, 0x000000008f600000| Untracked 
|  85|0x000000008f700000, 0x000000008f700000, 0x000000008f800000|  0%| F|  |TAMS 0x000000008f700000, 0x000000008f700000| Untracked 
|  86|0x000000008f800000, 0x000000008f800000, 0x000000008f900000|  0%| F|  |TAMS 0x000000008f800000, 0x000000008f800000| Untracked 
|  87|0x000000008f900000, 0x000000008f900000, 0x000000008fa00000|  0%| F|  |TAMS 0x000000008f900000, 0x000000008f900000| Untracked 
|  88|0x000000008fa00000, 0x000000008fa00000, 0x000000008fb00000|  0%| F|  |TAMS 0x000000008fa00000, 0x000000008fa00000| Untracked 
|  89|0x000000008fb00000, 0x000000008fb00000, 0x000000008fc00000|  0%| F|  |TAMS 0x000000008fb00000, 0x000000008fb00000| Untracked 
|  90|0x000000008fc00000, 0x000000008fc00000, 0x000000008fd00000|  0%| F|  |TAMS 0x000000008fc00000, 0x000000008fc00000| Untracked 
|  91|0x000000008fd00000, 0x000000008fd00000, 0x000000008fe00000|  0%| F|  |TAMS 0x000000008fd00000, 0x000000008fd00000| Untracked 
|  92|0x000000008fe00000, 0x000000008fe00000, 0x000000008ff00000|  0%| F|  |TAMS 0x000000008fe00000, 0x000000008fe00000| Untracked 
|  93|0x000000008ff00000, 0x000000008ff00000, 0x0000000090000000|  0%| F|  |TAMS 0x000000008ff00000, 0x000000008ff00000| Untracked 
|  94|0x0000000090000000, 0x0000000090000000, 0x0000000090100000|  0%| F|  |TAMS 0x0000000090000000, 0x0000000090000000| Untracked 
|  95|0x0000000090100000, 0x0000000090100000, 0x0000000090200000|  0%| F|  |TAMS 0x0000000090100000, 0x0000000090100000| Untracked 
|  96|0x0000000090200000, 0x0000000090200000, 0x0000000090300000|  0%| F|  |TAMS 0x0000000090200000, 0x0000000090200000| Untracked 
|  97|0x0000000090300000, 0x0000000090300000, 0x0000000090400000|  0%| F|  |TAMS 0x0000000090300000, 0x0000000090300000| Untracked 
|  98|0x0000000090400000, 0x0000000090400000, 0x0000000090500000|  0%| F|  |TAMS 0x0000000090400000, 0x0000000090400000| Untracked 
|  99|0x0000000090500000, 0x0000000090500000, 0x0000000090600000|  0%| F|  |TAMS 0x0000000090500000, 0x0000000090500000| Untracked 
| 100|0x0000000090600000, 0x0000000090600000, 0x0000000090700000|  0%| F|  |TAMS 0x0000000090600000, 0x0000000090600000| Untracked 
| 101|0x0000000090700000, 0x0000000090700000, 0x0000000090800000|  0%| F|  |TAMS 0x0000000090700000, 0x0000000090700000| Untracked 
| 102|0x0000000090800000, 0x0000000090800000, 0x0000000090900000|  0%| F|  |TAMS 0x0000000090800000, 0x0000000090800000| Untracked 
| 103|0x0000000090900000, 0x0000000090900000, 0x0000000090a00000|  0%| F|  |TAMS 0x0000000090900000, 0x0000000090900000| Untracked 
| 104|0x0000000090a00000, 0x0000000090a00000, 0x0000000090b00000|  0%| F|  |TAMS 0x0000000090a00000, 0x0000000090a00000| Untracked 
| 105|0x0000000090b00000, 0x0000000090b00000, 0x0000000090c00000|  0%| F|  |TAMS 0x0000000090b00000, 0x0000000090b00000| Untracked 
| 106|0x0000000090c00000, 0x0000000090c00000, 0x0000000090d00000|  0%| F|  |TAMS 0x0000000090c00000, 0x0000000090c00000| Untracked 
| 107|0x0000000090d00000, 0x0000000090d00000, 0x0000000090e00000|  0%| F|  |TAMS 0x0000000090d00000, 0x0000000090d00000| Untracked 
| 108|0x0000000090e00000, 0x0000000090e00000, 0x0000000090f00000|  0%| F|  |TAMS 0x0000000090e00000, 0x0000000090e00000| Untracked 
| 109|0x0000000090f00000, 0x0000000090f00000, 0x0000000091000000|  0%| F|  |TAMS 0x0000000090f00000, 0x0000000090f00000| Untracked 
| 110|0x0000000091000000, 0x0000000091000000, 0x0000000091100000|  0%| F|  |TAMS 0x0000000091000000, 0x0000000091000000| Untracked 
| 111|0x0000000091100000, 0x0000000091100000, 0x0000000091200000|  0%| F|  |TAMS 0x0000000091100000, 0x0000000091100000| Untracked 
| 112|0x0000000091200000, 0x0000000091200000, 0x0000000091300000|  0%| F|  |TAMS 0x0000000091200000, 0x0000000091200000| Untracked 
| 113|0x0000000091300000, 0x0000000091300000, 0x0000000091400000|  0%| F|  |TAMS 0x0000000091300000, 0x0000000091300000| Untracked 
| 114|0x0000000091400000, 0x0000000091400000, 0x0000000091500000|  0%| F|  |TAMS 0x0000000091400000, 0x0000000091400000| Untracked 
| 115|0x0000000091500000, 0x0000000091500000, 0x0000000091600000|  0%| F|  |TAMS 0x0000000091500000, 0x0000000091500000| Untracked 
| 116|0x0000000091600000, 0x0000000091600000, 0x0000000091700000|  0%| F|  |TAMS 0x0000000091600000, 0x0000000091600000| Untracked 
| 117|0x0000000091700000, 0x0000000091700000, 0x0000000091800000|  0%| F|  |TAMS 0x0000000091700000, 0x0000000091700000| Untracked 
| 118|0x0000000091800000, 0x0000000091800000, 0x0000000091900000|  0%| F|  |TAMS 0x0000000091800000, 0x0000000091800000| Untracked 
| 119|0x0000000091900000, 0x0000000091900000, 0x0000000091a00000|  0%| F|  |TAMS 0x0000000091900000, 0x0000000091900000| Untracked 
| 120|0x0000000091a00000, 0x0000000091a00000, 0x0000000091b00000|  0%| F|  |TAMS 0x0000000091a00000, 0x0000000091a00000| Untracked 
| 121|0x0000000091b00000, 0x0000000091b00000, 0x0000000091c00000|  0%| F|  |TAMS 0x0000000091b00000, 0x0000000091b00000| Untracked 
| 122|0x0000000091c00000, 0x0000000091c00000, 0x0000000091d00000|  0%| F|  |TAMS 0x0000000091c00000, 0x0000000091c00000| Untracked 
| 123|0x0000000091d00000, 0x0000000091d00000, 0x0000000091e00000|  0%| F|  |TAMS 0x0000000091d00000, 0x0000000091d00000| Untracked 
| 124|0x0000000091e00000, 0x0000000091e00000, 0x0000000091f00000|  0%| F|  |TAMS 0x0000000091e00000, 0x0000000091e00000| Untracked 
| 125|0x0000000091f00000, 0x0000000091f00000, 0x0000000092000000|  0%| F|  |TAMS 0x0000000091f00000, 0x0000000091f00000| Untracked 
| 126|0x0000000092000000, 0x0000000092000000, 0x0000000092100000|  0%| F|  |TAMS 0x0000000092000000, 0x0000000092000000| Untracked 
| 127|0x0000000092100000, 0x0000000092100000, 0x0000000092200000|  0%| F|  |TAMS 0x0000000092100000, 0x0000000092100000| Untracked 
| 128|0x0000000092200000, 0x0000000092200000, 0x0000000092300000|  0%| F|  |TAMS 0x0000000092200000, 0x0000000092200000| Untracked 
| 129|0x0000000092300000, 0x0000000092300000, 0x0000000092400000|  0%| F|  |TAMS 0x0000000092300000, 0x0000000092300000| Untracked 
| 130|0x0000000092400000, 0x0000000092400000, 0x0000000092500000|  0%| F|  |TAMS 0x0000000092400000, 0x0000000092400000| Untracked 
| 131|0x0000000092500000, 0x0000000092500000, 0x0000000092600000|  0%| F|  |TAMS 0x0000000092500000, 0x0000000092500000| Untracked 
| 132|0x0000000092600000, 0x0000000092600000, 0x0000000092700000|  0%| F|  |TAMS 0x0000000092600000, 0x0000000092600000| Untracked 
| 133|0x0000000092700000, 0x0000000092700000, 0x0000000092800000|  0%| F|  |TAMS 0x0000000092700000, 0x0000000092700000| Untracked 
| 134|0x0000000092800000, 0x0000000092800000, 0x0000000092900000|  0%| F|  |TAMS 0x0000000092800000, 0x0000000092800000| Untracked 
| 135|0x0000000092900000, 0x0000000092900000, 0x0000000092a00000|  0%| F|  |TAMS 0x0000000092900000, 0x0000000092900000| Untracked 
| 136|0x0000000092a00000, 0x0000000092a00000, 0x0000000092b00000|  0%| F|  |TAMS 0x0000000092a00000, 0x0000000092a00000| Untracked 
| 137|0x0000000092b00000, 0x0000000092b00000, 0x0000000092c00000|  0%| F|  |TAMS 0x0000000092b00000, 0x0000000092b00000| Untracked 
| 138|0x0000000092c00000, 0x0000000092c00000, 0x0000000092d00000|  0%| F|  |TAMS 0x0000000092c00000, 0x0000000092c00000| Untracked 
| 139|0x0000000092d00000, 0x0000000092d00000, 0x0000000092e00000|  0%| F|  |TAMS 0x0000000092d00000, 0x0000000092d00000| Untracked 
| 140|0x0000000092e00000, 0x0000000092e00000, 0x0000000092f00000|  0%| F|  |TAMS 0x0000000092e00000, 0x0000000092e00000| Untracked 
| 141|0x0000000092f00000, 0x0000000093000000, 0x0000000093000000|100%| S|CS|TAMS 0x0000000092f00000, 0x0000000092f00000| Complete 
| 142|0x0000000093000000, 0x0000000093100000, 0x0000000093100000|100%| S|CS|TAMS 0x0000000093000000, 0x0000000093000000| Complete 
| 143|0x0000000093100000, 0x0000000093200000, 0x0000000093200000|100%| S|CS|TAMS 0x0000000093100000, 0x0000000093100000| Complete 
| 144|0x0000000093200000, 0x0000000093300000, 0x0000000093300000|100%| S|CS|TAMS 0x0000000093200000, 0x0000000093200000| Complete 
| 145|0x0000000093300000, 0x0000000093400000, 0x0000000093400000|100%| S|CS|TAMS 0x0000000093300000, 0x0000000093300000| Complete 
| 146|0x0000000093400000, 0x0000000093500000, 0x0000000093500000|100%| S|CS|TAMS 0x0000000093400000, 0x0000000093400000| Complete 
| 147|0x0000000093500000, 0x0000000093600000, 0x0000000093600000|100%| S|CS|TAMS 0x0000000093500000, 0x0000000093500000| Complete 
| 148|0x0000000093600000, 0x0000000093700000, 0x0000000093700000|100%| S|CS|TAMS 0x0000000093600000, 0x0000000093600000| Complete 
| 149|0x0000000093700000, 0x0000000093800000, 0x0000000093800000|100%| S|CS|TAMS 0x0000000093700000, 0x0000000093700000| Complete 
| 150|0x0000000093800000, 0x0000000093800000, 0x0000000093900000|  0%| F|  |TAMS 0x0000000093800000, 0x0000000093800000| Untracked 
| 151|0x0000000093900000, 0x0000000093900000, 0x0000000093a00000|  0%| F|  |TAMS 0x0000000093900000, 0x0000000093900000| Untracked 
| 152|0x0000000093a00000, 0x0000000093a00000, 0x0000000093b00000|  0%| F|  |TAMS 0x0000000093a00000, 0x0000000093a00000| Untracked 
| 153|0x0000000093b00000, 0x0000000093b00000, 0x0000000093c00000|  0%| F|  |TAMS 0x0000000093b00000, 0x0000000093b00000| Untracked 
| 154|0x0000000093c00000, 0x0000000093c00000, 0x0000000093d00000|  0%| F|  |TAMS 0x0000000093c00000, 0x0000000093c00000| Untracked 
| 155|0x0000000093d00000, 0x0000000093d00000, 0x0000000093e00000|  0%| F|  |TAMS 0x0000000093d00000, 0x0000000093d00000| Untracked 
| 156|0x0000000093e00000, 0x0000000093e00000, 0x0000000093f00000|  0%| F|  |TAMS 0x0000000093e00000, 0x0000000093e00000| Untracked 
| 157|0x0000000093f00000, 0x0000000093f00000, 0x0000000094000000|  0%| F|  |TAMS 0x0000000093f00000, 0x0000000093f00000| Untracked 
| 158|0x0000000094000000, 0x0000000094000000, 0x0000000094100000|  0%| F|  |TAMS 0x0000000094000000, 0x0000000094000000| Untracked 
| 159|0x0000000094100000, 0x0000000094100000, 0x0000000094200000|  0%| F|  |TAMS 0x0000000094100000, 0x0000000094100000| Untracked 
| 160|0x0000000094200000, 0x0000000094200000, 0x0000000094300000|  0%| F|  |TAMS 0x0000000094200000, 0x0000000094200000| Untracked 
| 161|0x0000000094300000, 0x0000000094300000, 0x0000000094400000|  0%| F|  |TAMS 0x0000000094300000, 0x0000000094300000| Untracked 
| 162|0x0000000094400000, 0x0000000094400000, 0x0000000094500000|  0%| F|  |TAMS 0x0000000094400000, 0x0000000094400000| Untracked 
| 163|0x0000000094500000, 0x0000000094500000, 0x0000000094600000|  0%| F|  |TAMS 0x0000000094500000, 0x0000000094500000| Untracked 
| 164|0x0000000094600000, 0x0000000094600000, 0x0000000094700000|  0%| F|  |TAMS 0x0000000094600000, 0x0000000094600000| Untracked 
| 165|0x0000000094700000, 0x0000000094700000, 0x0000000094800000|  0%| F|  |TAMS 0x0000000094700000, 0x0000000094700000| Untracked 
| 166|0x0000000094800000, 0x0000000094800000, 0x0000000094900000|  0%| F|  |TAMS 0x0000000094800000, 0x0000000094800000| Untracked 
| 167|0x0000000094900000, 0x0000000094900000, 0x0000000094a00000|  0%| F|  |TAMS 0x0000000094900000, 0x0000000094900000| Untracked 
| 168|0x0000000094a00000, 0x0000000094a00000, 0x0000000094b00000|  0%| F|  |TAMS 0x0000000094a00000, 0x0000000094a00000| Untracked 
| 169|0x0000000094b00000, 0x0000000094b00000, 0x0000000094c00000|  0%| F|  |TAMS 0x0000000094b00000, 0x0000000094b00000| Untracked 
| 170|0x0000000094c00000, 0x0000000094c00000, 0x0000000094d00000|  0%| F|  |TAMS 0x0000000094c00000, 0x0000000094c00000| Untracked 
| 171|0x0000000094d00000, 0x0000000094d00000, 0x0000000094e00000|  0%| F|  |TAMS 0x0000000094d00000, 0x0000000094d00000| Untracked 
| 172|0x0000000094e00000, 0x0000000094e00000, 0x0000000094f00000|  0%| F|  |TAMS 0x0000000094e00000, 0x0000000094e00000| Untracked 
| 173|0x0000000094f00000, 0x0000000094f00000, 0x0000000095000000|  0%| F|  |TAMS 0x0000000094f00000, 0x0000000094f00000| Untracked 
| 174|0x0000000095000000, 0x0000000095000000, 0x0000000095100000|  0%| F|  |TAMS 0x0000000095000000, 0x0000000095000000| Untracked 
| 175|0x0000000095100000, 0x0000000095100000, 0x0000000095200000|  0%| F|  |TAMS 0x0000000095100000, 0x0000000095100000| Untracked 
| 176|0x0000000095200000, 0x0000000095200000, 0x0000000095300000|  0%| F|  |TAMS 0x0000000095200000, 0x0000000095200000| Untracked 
| 177|0x0000000095300000, 0x0000000095300000, 0x0000000095400000|  0%| F|  |TAMS 0x0000000095300000, 0x0000000095300000| Untracked 
| 178|0x0000000095400000, 0x0000000095400000, 0x0000000095500000|  0%| F|  |TAMS 0x0000000095400000, 0x0000000095400000| Untracked 
| 179|0x0000000095500000, 0x0000000095500000, 0x0000000095600000|  0%| F|  |TAMS 0x0000000095500000, 0x0000000095500000| Untracked 
| 180|0x0000000095600000, 0x0000000095600000, 0x0000000095700000|  0%| F|  |TAMS 0x0000000095600000, 0x0000000095600000| Untracked 
| 181|0x0000000095700000, 0x0000000095700000, 0x0000000095800000|  0%| F|  |TAMS 0x0000000095700000, 0x0000000095700000| Untracked 
| 182|0x0000000095800000, 0x0000000095800000, 0x0000000095900000|  0%| F|  |TAMS 0x0000000095800000, 0x0000000095800000| Untracked 
| 183|0x0000000095900000, 0x0000000095900000, 0x0000000095a00000|  0%| F|  |TAMS 0x0000000095900000, 0x0000000095900000| Untracked 
| 184|0x0000000095a00000, 0x0000000095a00000, 0x0000000095b00000|  0%| F|  |TAMS 0x0000000095a00000, 0x0000000095a00000| Untracked 
| 185|0x0000000095b00000, 0x0000000095b00000, 0x0000000095c00000|  0%| F|  |TAMS 0x0000000095b00000, 0x0000000095b00000| Untracked 
| 186|0x0000000095c00000, 0x0000000095c00000, 0x0000000095d00000|  0%| F|  |TAMS 0x0000000095c00000, 0x0000000095c00000| Untracked 
| 187|0x0000000095d00000, 0x0000000095d00000, 0x0000000095e00000|  0%| F|  |TAMS 0x0000000095d00000, 0x0000000095d00000| Untracked 
| 188|0x0000000095e00000, 0x0000000095e00000, 0x0000000095f00000|  0%| F|  |TAMS 0x0000000095e00000, 0x0000000095e00000| Untracked 
| 189|0x0000000095f00000, 0x0000000095f00000, 0x0000000096000000|  0%| F|  |TAMS 0x0000000095f00000, 0x0000000095f00000| Untracked 
| 190|0x0000000096000000, 0x0000000096000000, 0x0000000096100000|  0%| F|  |TAMS 0x0000000096000000, 0x0000000096000000| Untracked 
| 191|0x0000000096100000, 0x0000000096100000, 0x0000000096200000|  0%| F|  |TAMS 0x0000000096100000, 0x0000000096100000| Untracked 
| 192|0x0000000096200000, 0x0000000096200000, 0x0000000096300000|  0%| F|  |TAMS 0x0000000096200000, 0x0000000096200000| Untracked 
| 193|0x0000000096300000, 0x0000000096300000, 0x0000000096400000|  0%| F|  |TAMS 0x0000000096300000, 0x0000000096300000| Untracked 
| 194|0x0000000096400000, 0x0000000096400000, 0x0000000096500000|  0%| F|  |TAMS 0x0000000096400000, 0x0000000096400000| Untracked 
| 195|0x0000000096500000, 0x0000000096500000, 0x0000000096600000|  0%| F|  |TAMS 0x0000000096500000, 0x0000000096500000| Untracked 
| 196|0x0000000096600000, 0x0000000096600000, 0x0000000096700000|  0%| F|  |TAMS 0x0000000096600000, 0x0000000096600000| Untracked 
| 197|0x0000000096700000, 0x0000000096700000, 0x0000000096800000|  0%| F|  |TAMS 0x0000000096700000, 0x0000000096700000| Untracked 
| 198|0x0000000096800000, 0x0000000096800000, 0x0000000096900000|  0%| F|  |TAMS 0x0000000096800000, 0x0000000096800000| Untracked 
| 199|0x0000000096900000, 0x0000000096900000, 0x0000000096a00000|  0%| F|  |TAMS 0x0000000096900000, 0x0000000096900000| Untracked 
| 200|0x0000000096a00000, 0x0000000096a00000, 0x0000000096b00000|  0%| F|  |TAMS 0x0000000096a00000, 0x0000000096a00000| Untracked 
| 201|0x0000000096b00000, 0x0000000096b00000, 0x0000000096c00000|  0%| F|  |TAMS 0x0000000096b00000, 0x0000000096b00000| Untracked 
| 202|0x0000000096c00000, 0x0000000096c00000, 0x0000000096d00000|  0%| F|  |TAMS 0x0000000096c00000, 0x0000000096c00000| Untracked 
| 203|0x0000000096d00000, 0x0000000096d00000, 0x0000000096e00000|  0%| F|  |TAMS 0x0000000096d00000, 0x0000000096d00000| Untracked 
| 204|0x0000000096e00000, 0x0000000096e00000, 0x0000000096f00000|  0%| F|  |TAMS 0x0000000096e00000, 0x0000000096e00000| Untracked 
| 205|0x0000000096f00000, 0x0000000096f00000, 0x0000000097000000|  0%| F|  |TAMS 0x0000000096f00000, 0x0000000096f00000| Untracked 
| 206|0x0000000097000000, 0x0000000097000000, 0x0000000097100000|  0%| F|  |TAMS 0x0000000097000000, 0x0000000097000000| Untracked 
| 207|0x0000000097100000, 0x0000000097100000, 0x0000000097200000|  0%| F|  |TAMS 0x0000000097100000, 0x0000000097100000| Untracked 
| 208|0x0000000097200000, 0x0000000097200000, 0x0000000097300000|  0%| F|  |TAMS 0x0000000097200000, 0x0000000097200000| Untracked 
| 209|0x0000000097300000, 0x0000000097300000, 0x0000000097400000|  0%| F|  |TAMS 0x0000000097300000, 0x0000000097300000| Untracked 
| 210|0x0000000097400000, 0x0000000097400000, 0x0000000097500000|  0%| F|  |TAMS 0x0000000097400000, 0x0000000097400000| Untracked 
| 211|0x0000000097500000, 0x0000000097500000, 0x0000000097600000|  0%| F|  |TAMS 0x0000000097500000, 0x0000000097500000| Untracked 
| 212|0x0000000097600000, 0x0000000097600000, 0x0000000097700000|  0%| F|  |TAMS 0x0000000097600000, 0x0000000097600000| Untracked 
| 213|0x0000000097700000, 0x0000000097700000, 0x0000000097800000|  0%| F|  |TAMS 0x0000000097700000, 0x0000000097700000| Untracked 
| 214|0x0000000097800000, 0x0000000097800000, 0x0000000097900000|  0%| F|  |TAMS 0x0000000097800000, 0x0000000097800000| Untracked 
| 215|0x0000000097900000, 0x0000000097900000, 0x0000000097a00000|  0%| F|  |TAMS 0x0000000097900000, 0x0000000097900000| Untracked 
| 216|0x0000000097a00000, 0x0000000097a00000, 0x0000000097b00000|  0%| F|  |TAMS 0x0000000097a00000, 0x0000000097a00000| Untracked 
| 217|0x0000000097b00000, 0x0000000097b00000, 0x0000000097c00000|  0%| F|  |TAMS 0x0000000097b00000, 0x0000000097b00000| Untracked 
| 218|0x0000000097c00000, 0x0000000097c00000, 0x0000000097d00000|  0%| F|  |TAMS 0x0000000097c00000, 0x0000000097c00000| Untracked 
| 219|0x0000000097d00000, 0x0000000097d00000, 0x0000000097e00000|  0%| F|  |TAMS 0x0000000097d00000, 0x0000000097d00000| Untracked 
| 220|0x0000000097e00000, 0x0000000097e00000, 0x0000000097f00000|  0%| F|  |TAMS 0x0000000097e00000, 0x0000000097e00000| Untracked 
| 221|0x0000000097f00000, 0x0000000097f00000, 0x0000000098000000|  0%| F|  |TAMS 0x0000000097f00000, 0x0000000097f00000| Untracked 
| 222|0x0000000098000000, 0x0000000098000000, 0x0000000098100000|  0%| F|  |TAMS 0x0000000098000000, 0x0000000098000000| Untracked 
| 223|0x0000000098100000, 0x0000000098100000, 0x0000000098200000|  0%| F|  |TAMS 0x0000000098100000, 0x0000000098100000| Untracked 
| 224|0x0000000098200000, 0x0000000098200000, 0x0000000098300000|  0%| F|  |TAMS 0x0000000098200000, 0x0000000098200000| Untracked 
| 225|0x0000000098300000, 0x0000000098300000, 0x0000000098400000|  0%| F|  |TAMS 0x0000000098300000, 0x0000000098300000| Untracked 
| 226|0x0000000098400000, 0x0000000098400000, 0x0000000098500000|  0%| F|  |TAMS 0x0000000098400000, 0x0000000098400000| Untracked 
| 227|0x0000000098500000, 0x0000000098500000, 0x0000000098600000|  0%| F|  |TAMS 0x0000000098500000, 0x0000000098500000| Untracked 
| 228|0x0000000098600000, 0x0000000098600000, 0x0000000098700000|  0%| F|  |TAMS 0x0000000098600000, 0x0000000098600000| Untracked 
| 229|0x0000000098700000, 0x0000000098700000, 0x0000000098800000|  0%| F|  |TAMS 0x0000000098700000, 0x0000000098700000| Untracked 
| 230|0x0000000098800000, 0x0000000098800000, 0x0000000098900000|  0%| F|  |TAMS 0x0000000098800000, 0x0000000098800000| Untracked 
| 231|0x0000000098900000, 0x0000000098900000, 0x0000000098a00000|  0%| F|  |TAMS 0x0000000098900000, 0x0000000098900000| Untracked 
| 232|0x0000000098a00000, 0x0000000098a00000, 0x0000000098b00000|  0%| F|  |TAMS 0x0000000098a00000, 0x0000000098a00000| Untracked 
| 233|0x0000000098b00000, 0x0000000098b00000, 0x0000000098c00000|  0%| F|  |TAMS 0x0000000098b00000, 0x0000000098b00000| Untracked 
| 234|0x0000000098c00000, 0x0000000098c00000, 0x0000000098d00000|  0%| F|  |TAMS 0x0000000098c00000, 0x0000000098c00000| Untracked 
| 235|0x0000000098d00000, 0x0000000098d00000, 0x0000000098e00000|  0%| F|  |TAMS 0x0000000098d00000, 0x0000000098d00000| Untracked 
| 236|0x0000000098e00000, 0x0000000098e00000, 0x0000000098f00000|  0%| F|  |TAMS 0x0000000098e00000, 0x0000000098e00000| Untracked 
| 237|0x0000000098f00000, 0x0000000098f00000, 0x0000000099000000|  0%| F|  |TAMS 0x0000000098f00000, 0x0000000098f00000| Untracked 
| 238|0x0000000099000000, 0x0000000099000000, 0x0000000099100000|  0%| F|  |TAMS 0x0000000099000000, 0x0000000099000000| Untracked 
| 239|0x0000000099100000, 0x0000000099100000, 0x0000000099200000|  0%| F|  |TAMS 0x0000000099100000, 0x0000000099100000| Untracked 
| 240|0x0000000099200000, 0x0000000099200000, 0x0000000099300000|  0%| F|  |TAMS 0x0000000099200000, 0x0000000099200000| Untracked 
| 241|0x0000000099300000, 0x0000000099300000, 0x0000000099400000|  0%| F|  |TAMS 0x0000000099300000, 0x0000000099300000| Untracked 
| 242|0x0000000099400000, 0x0000000099400000, 0x0000000099500000|  0%| F|  |TAMS 0x0000000099400000, 0x0000000099400000| Untracked 
| 243|0x0000000099500000, 0x0000000099500000, 0x0000000099600000|  0%| F|  |TAMS 0x0000000099500000, 0x0000000099500000| Untracked 
| 244|0x0000000099600000, 0x0000000099600000, 0x0000000099700000|  0%| F|  |TAMS 0x0000000099600000, 0x0000000099600000| Untracked 
| 245|0x0000000099700000, 0x0000000099700000, 0x0000000099800000|  0%| F|  |TAMS 0x0000000099700000, 0x0000000099700000| Untracked 
| 246|0x0000000099800000, 0x0000000099800000, 0x0000000099900000|  0%| F|  |TAMS 0x0000000099800000, 0x0000000099800000| Untracked 
| 247|0x0000000099900000, 0x0000000099900000, 0x0000000099a00000|  0%| F|  |TAMS 0x0000000099900000, 0x0000000099900000| Untracked 
| 248|0x0000000099a00000, 0x0000000099a00000, 0x0000000099b00000|  0%| F|  |TAMS 0x0000000099a00000, 0x0000000099a00000| Untracked 
| 249|0x0000000099b00000, 0x0000000099b00000, 0x0000000099c00000|  0%| F|  |TAMS 0x0000000099b00000, 0x0000000099b00000| Untracked 
| 250|0x0000000099c00000, 0x0000000099c00000, 0x0000000099d00000|  0%| F|  |TAMS 0x0000000099c00000, 0x0000000099c00000| Untracked 
| 251|0x0000000099d00000, 0x0000000099d00000, 0x0000000099e00000|  0%| F|  |TAMS 0x0000000099d00000, 0x0000000099d00000| Untracked 
| 252|0x0000000099e00000, 0x0000000099e00000, 0x0000000099f00000|  0%| F|  |TAMS 0x0000000099e00000, 0x0000000099e00000| Untracked 
| 253|0x0000000099f00000, 0x0000000099f00000, 0x000000009a000000|  0%| F|  |TAMS 0x0000000099f00000, 0x0000000099f00000| Untracked 
| 254|0x000000009a000000, 0x000000009a000000, 0x000000009a100000|  0%| F|  |TAMS 0x000000009a000000, 0x000000009a000000| Untracked 
| 255|0x000000009a100000, 0x000000009a100000, 0x000000009a200000|  0%| F|  |TAMS 0x000000009a100000, 0x000000009a100000| Untracked 
| 256|0x000000009a200000, 0x000000009a200000, 0x000000009a300000|  0%| F|  |TAMS 0x000000009a200000, 0x000000009a200000| Untracked 
| 257|0x000000009a300000, 0x000000009a300000, 0x000000009a400000|  0%| F|  |TAMS 0x000000009a300000, 0x000000009a300000| Untracked 
| 258|0x000000009a400000, 0x000000009a400000, 0x000000009a500000|  0%| F|  |TAMS 0x000000009a400000, 0x000000009a400000| Untracked 
| 259|0x000000009a500000, 0x000000009a500000, 0x000000009a600000|  0%| F|  |TAMS 0x000000009a500000, 0x000000009a500000| Untracked 
| 260|0x000000009a600000, 0x000000009a600000, 0x000000009a700000|  0%| F|  |TAMS 0x000000009a600000, 0x000000009a600000| Untracked 
| 261|0x000000009a700000, 0x000000009a700000, 0x000000009a800000|  0%| F|  |TAMS 0x000000009a700000, 0x000000009a700000| Untracked 
| 262|0x000000009a800000, 0x000000009a800000, 0x000000009a900000|  0%| F|  |TAMS 0x000000009a800000, 0x000000009a800000| Untracked 
| 263|0x000000009a900000, 0x000000009a900000, 0x000000009aa00000|  0%| F|  |TAMS 0x000000009a900000, 0x000000009a900000| Untracked 
| 264|0x000000009aa00000, 0x000000009aa00000, 0x000000009ab00000|  0%| F|  |TAMS 0x000000009aa00000, 0x000000009aa00000| Untracked 
| 265|0x000000009ab00000, 0x000000009ab00000, 0x000000009ac00000|  0%| F|  |TAMS 0x000000009ab00000, 0x000000009ab00000| Untracked 
| 266|0x000000009ac00000, 0x000000009ac00000, 0x000000009ad00000|  0%| F|  |TAMS 0x000000009ac00000, 0x000000009ac00000| Untracked 
| 267|0x000000009ad00000, 0x000000009ad00000, 0x000000009ae00000|  0%| F|  |TAMS 0x000000009ad00000, 0x000000009ad00000| Untracked 

Card table byte_map: [0x00000286cf430000,0x00000286cf7e0000] _byte_map_base: 0x00000286cefdf000

Marking Bits (Prev, Next): (CMBitMap*) 0x00000286c7167a60, (CMBitMap*) 0x00000286c7167aa0
 Prev Bits: [0x00000286cfb90000, 0x00000286d1908000)
 Next Bits: [0x00000286d1910000, 0x00000286d3688000)

Polling page: 0x00000286c71d0000

Metaspace:

Usage:
  Non-class:     35.65 MB used.
      Class:      5.16 MB used.
       Both:     40.80 MB used.

Virtual space:
  Non-class space:       40.00 MB reserved,      35.88 MB ( 90%) committed,  5 nodes.
      Class space:        1.00 GB reserved,       5.38 MB ( <1%) committed,  1 nodes.
             Both:        1.04 GB reserved,      41.25 MB (  4%) committed. 

Chunk freelists:
   Non-Class:  3.53 MB
       Class:  2.55 MB
        Both:  6.08 MB

MaxMetaspaceSize: unlimited
CompressedClassSpaceSize: 1.00 GB
Initial GC threshold: 21.00 MB
Current GC threshold: 63.38 MB
CDS: off
MetaspaceReclaimPolicy: balanced
 - commit_granule_bytes: 65536.
 - commit_granule_words: 8192.
 - virtual_space_node_default_size: 1048576.
 - enlarge_chunks_in_place: 1.
 - new_chunks_are_fully_committed: 0.
 - uncommit_free_chunks: 1.
 - use_allocation_guard: 0.
 - handle_deallocations: 1.


Internal statistics:

num_allocs_failed_limit: 6.
num_arena_births: 514.
num_arena_deaths: 0.
num_vsnodes_births: 6.
num_vsnodes_deaths: 0.
num_space_committed: 660.
num_space_uncommitted: 0.
num_chunks_returned_to_freelist: 6.
num_chunks_taken_from_freelist: 1821.
num_chunk_merges: 6.
num_chunk_splits: 1238.
num_chunks_enlarged: 911.
num_purges: 0.
num_inconsistent_stats: 0.

CodeCache: size=49152Kb used=10071Kb max_used=10071Kb free=39081Kb
 bounds [0x00000286cb580000, 0x00000286cbf60000, 0x00000286ce580000]
 total_blobs=4933 nmethods=4363 adapters=494
 compilation: enabled
              stopped_count=0, restarted_count=0
 full_count=0

Compilation events (20 events):
Event: 4.318 Thread 0x00000286d6f3a5f0 nmethod 4356 0x00000286cbf4dc10 code [0x00000286cbf4dea0, 0x00000286cbf4e758]
Event: 4.318 Thread 0x00000286d6d3aec0 4361       1       jdk.internal.jimage.ImageLocation::getFullName (6 bytes)
Event: 4.318 Thread 0x00000286d6f3a5f0 4359       1       jdk.internal.jimage.ImageReader$Directory::create (21 bytes)
Event: 4.318 Thread 0x00000286d6d3aec0 nmethod 4361 0x00000286cbf4ec10 code [0x00000286cbf4eda0, 0x00000286cbf4ee88]
Event: 4.318 Thread 0x00000286d7d26a30 nmethod 4353 0x00000286cbf4ef10 code [0x00000286cbf4f240, 0x00000286cbf4fff8]
Event: 4.318 Thread 0x00000286d6d3aec0 4360       1       jdk.internal.jimage.ImageReader$Directory::<init> (18 bytes)
Event: 4.318 Thread 0x00000286d7d26a30 4358       1       jdk.internal.jimage.ImageReader$SharedImageReader::newDirectory (25 bytes)
Event: 4.318 Thread 0x00000286d78ee5b0 nmethod 4352 0x00000286cbf50890 code [0x00000286cbf50ae0, 0x00000286cbf51278]
Event: 4.319 Thread 0x00000286d6f3a5f0 nmethod 4359 0x00000286cbf51990 code [0x00000286cbf51b60, 0x00000286cbf52028]
Event: 4.319 Thread 0x00000286d6f3a5f0 4362  s!   1       jdk.internal.loader.URLClassPath::getLoader (196 bytes)
Event: 4.319 Thread 0x00000286d6d3aec0 nmethod 4360 0x00000286cbf52210 code [0x00000286cbf523e0, 0x00000286cbf52818]
Event: 4.319 Thread 0x00000286d7d26a30 nmethod 4358 0x00000286cbf52990 code [0x00000286cbf52b80, 0x00000286cbf530e8]
Event: 4.320 Thread 0x00000286d6f3a5f0 nmethod 4362 0x00000286cbf53310 code [0x00000286cbf535c0, 0x00000286cbf53fd8]
Event: 4.321 Thread 0x00000286d7d26a30 4363       1       org.springframework.ide.vscode.commons.protocol.java.Classpath::isProjectSource (20 bytes)
Event: 4.321 Thread 0x00000286d6f3a5f0 4364   !   1       java.nio.file.Files::isDirectory (43 bytes)
Event: 4.321 Thread 0x00000286d7d26a30 nmethod 4363 0x00000286cbf54c90 code [0x00000286cbf54e20, 0x00000286cbf54f68]
Event: 4.321 Thread 0x00000286d6f3a5f0 nmethod 4364 0x00000286cbf55090 code [0x00000286cbf552a0, 0x00000286cbf55678]
Event: 4.324 Thread 0x00000286d6f3a5f0 4365       1       java.util.concurrent.ConcurrentHashMap::resizeStamp (9 bytes)
Event: 4.324 Thread 0x00000286d78ee5b0 4366       1       java.util.concurrent.ConcurrentHashMap::helpTransfer (123 bytes)
Event: 4.325 Thread 0x00000286d6f3a5f0 nmethod 4365 0x00000286cbf55910 code [0x00000286cbf55aa0, 0x00000286cbf55b68]

GC Heap History (20 events):
Event: 3.715 GC heap after
{Heap after GC invocations=13 (full 0):
 garbage-first heap   total 58368K, used 30689K [0x000000008a200000, 0x0000000100000000)
  region size 1024K, 3 young (3072K), 3 survivors (3072K)
 Metaspace       used 37199K, committed 37568K, reserved 1089536K
  class space    used 4856K, committed 4992K, reserved 1048576K
}
Event: 3.754 GC heap before
{Heap before GC invocations=13 (full 0):
 garbage-first heap   total 58368K, used 44001K [0x000000008a200000, 0x0000000100000000)
  region size 1024K, 16 young (16384K), 3 survivors (3072K)
 Metaspace       used 37443K, committed 37824K, reserved 1089536K
  class space    used 4878K, committed 5056K, reserved 1048576K
}
Event: 3.756 GC heap after
{Heap after GC invocations=14 (full 0):
 garbage-first heap   total 84992K, used 32839K [0x000000008a200000, 0x0000000100000000)
  region size 1024K, 2 young (2048K), 2 survivors (2048K)
 Metaspace       used 37443K, committed 37824K, reserved 1089536K
  class space    used 4878K, committed 5056K, reserved 1048576K
}
Event: 3.823 GC heap before
{Heap before GC invocations=15 (full 0):
 garbage-first heap   total 84992K, used 61511K [0x000000008a200000, 0x0000000100000000)
  region size 1024K, 30 young (30720K), 2 survivors (2048K)
 Metaspace       used 37990K, committed 38400K, reserved 1089536K
  class space    used 4932K, committed 5120K, reserved 1048576K
}
Event: 3.827 GC heap after
{Heap after GC invocations=16 (full 0):
 garbage-first heap   total 84992K, used 38074K [0x000000008a200000, 0x0000000100000000)
  region size 1024K, 4 young (4096K), 4 survivors (4096K)
 Metaspace       used 37990K, committed 38400K, reserved 1089536K
  class space    used 4932K, committed 5120K, reserved 1048576K
}
Event: 3.828 GC heap before
{Heap before GC invocations=16 (full 0):
 garbage-first heap   total 84992K, used 39098K [0x000000008a200000, 0x0000000100000000)
  region size 1024K, 5 young (5120K), 4 survivors (4096K)
 Metaspace       used 38023K, committed 38400K, reserved 1089536K
  class space    used 4933K, committed 5120K, reserved 1048576K
}
Event: 3.831 GC heap after
{Heap after GC invocations=17 (full 0):
 garbage-first heap   total 84992K, used 38957K [0x000000008a200000, 0x0000000100000000)
  region size 1024K, 1 young (1024K), 1 survivors (1024K)
 Metaspace       used 38023K, committed 38400K, reserved 1089536K
  class space    used 4933K, committed 5120K, reserved 1048576K
}
Event: 3.858 GC heap before
{Heap before GC invocations=17 (full 0):
 garbage-first heap   total 84992K, used 62509K [0x000000008a200000, 0x0000000100000000)
  region size 1024K, 24 young (24576K), 1 survivors (1024K)
 Metaspace       used 38359K, committed 38720K, reserved 1089536K
  class space    used 4944K, committed 5120K, reserved 1048576K
}
Event: 3.862 GC heap after
{Heap after GC invocations=18 (full 0):
 garbage-first heap   total 84992K, used 45243K [0x000000008a200000, 0x0000000100000000)
  region size 1024K, 3 young (3072K), 3 survivors (3072K)
 Metaspace       used 38359K, committed 38720K, reserved 1089536K
  class space    used 4944K, committed 5120K, reserved 1048576K
}
Event: 3.904 GC heap before
{Heap before GC invocations=19 (full 0):
 garbage-first heap   total 96256K, used 62651K [0x000000008a200000, 0x0000000100000000)
  region size 1024K, 21 young (21504K), 3 survivors (3072K)
 Metaspace       used 38689K, committed 39040K, reserved 1089536K
  class space    used 4965K, committed 5120K, reserved 1048576K
}
Event: 3.909 GC heap after
{Heap after GC invocations=20 (full 0):
 garbage-first heap   total 96256K, used 49757K [0x000000008a200000, 0x0000000100000000)
  region size 1024K, 3 young (3072K), 3 survivors (3072K)
 Metaspace       used 38689K, committed 39040K, reserved 1089536K
  class space    used 4965K, committed 5120K, reserved 1048576K
}
Event: 3.918 GC heap before
{Heap before GC invocations=20 (full 0):
 garbage-first heap   total 96256K, used 50781K [0x000000008a200000, 0x0000000100000000)
  region size 1024K, 4 young (4096K), 3 survivors (3072K)
 Metaspace       used 38807K, committed 39168K, reserved 1089536K
  class space    used 4970K, committed 5120K, reserved 1048576K
}
Event: 3.921 GC heap after
{Heap after GC invocations=21 (full 0):
 garbage-first heap   total 274432K, used 50374K [0x000000008a200000, 0x0000000100000000)
  region size 1024K, 1 young (1024K), 1 survivors (1024K)
 Metaspace       used 38807K, committed 39168K, reserved 1089536K
  class space    used 4970K, committed 5120K, reserved 1048576K
}
Event: 4.197 GC heap before
{Heap before GC invocations=21 (full 0):
 garbage-first heap   total 274432K, used 179398K [0x000000008a200000, 0x0000000100000000)
  region size 1024K, 125 young (128000K), 1 survivors (1024K)
 Metaspace       used 41163K, committed 41600K, reserved 1089536K
  class space    used 5241K, committed 5440K, reserved 1048576K
}
Event: 4.222 GC heap after
{Heap after GC invocations=22 (full 0):
 garbage-first heap   total 274432K, used 76940K [0x000000008a200000, 0x0000000100000000)
  region size 1024K, 16 young (16384K), 16 survivors (16384K)
 Metaspace       used 41163K, committed 41600K, reserved 1089536K
  class space    used 5241K, committed 5440K, reserved 1048576K
}
Event: 4.258 GC heap before
{Heap before GC invocations=22 (full 0):
 garbage-first heap   total 274432K, used 171148K [0x000000008a200000, 0x0000000100000000)
  region size 1024K, 109 young (111616K), 16 survivors (16384K)
 Metaspace       used 41484K, committed 41920K, reserved 1089536K
  class space    used 5246K, committed 5440K, reserved 1048576K
}
Event: 4.265 GC heap after
{Heap after GC invocations=23 (full 0):
 garbage-first heap   total 274432K, used 82191K [0x000000008a200000, 0x0000000100000000)
  region size 1024K, 5 young (5120K), 5 survivors (5120K)
 Metaspace       used 41484K, committed 41920K, reserved 1089536K
  class space    used 5246K, committed 5440K, reserved 1048576K
}
Event: 4.287 GC heap before
{Heap before GC invocations=23 (full 0):
 garbage-first heap   total 274432K, used 180495K [0x000000008a200000, 0x0000000100000000)
  region size 1024K, 102 young (104448K), 5 survivors (5120K)
 Metaspace       used 41516K, committed 41920K, reserved 1089536K
  class space    used 5258K, committed 5440K, reserved 1048576K
}
Event: 4.292 GC heap after
{Heap after GC invocations=24 (full 0):
 garbage-first heap   total 274432K, used 85730K [0x000000008a200000, 0x0000000100000000)
  region size 1024K, 9 young (9216K), 9 survivors (9216K)
 Metaspace       used 41516K, committed 41920K, reserved 1089536K
  class space    used 5258K, committed 5440K, reserved 1048576K
}
Event: 4.326 GC heap before
{Heap before GC invocations=24 (full 0):
 garbage-first heap   total 274432K, used 196322K [0x000000008a200000, 0x0000000100000000)
  region size 1024K, 118 young (120832K), 9 survivors (9216K)
 Metaspace       used 41783K, committed 42240K, reserved 1089536K
  class space    used 5283K, committed 5504K, reserved 1048576K
}

Dll operation events (8 events):
Event: 0.017 Loaded shared library c:\Users\yassi\.vscode\extensions\redhat.java-1.14.0-win32-x64\jre\17.0.5-win32-x86_64\bin\java.dll
Event: 0.316 Loaded shared library C:\Users\yassi\.vscode\extensions\redhat.java-1.14.0-win32-x64\jre\17.0.5-win32-x86_64\bin\net.dll
Event: 0.320 Loaded shared library C:\Users\yassi\.vscode\extensions\redhat.java-1.14.0-win32-x64\jre\17.0.5-win32-x86_64\bin\nio.dll
Event: 0.330 Loaded shared library C:\Users\yassi\.vscode\extensions\redhat.java-1.14.0-win32-x64\jre\17.0.5-win32-x86_64\bin\zip.dll
Event: 0.523 Loaded shared library C:\Users\yassi\.vscode\extensions\redhat.java-1.14.0-win32-x64\jre\17.0.5-win32-x86_64\bin\jimage.dll
Event: 0.640 Loaded shared library c:\Users\yassi\.vscode\extensions\redhat.java-1.14.0-win32-x64\jre\17.0.5-win32-x86_64\bin\verify.dll
Event: 3.130 Loaded shared library C:\Users\yassi\.vscode\extensions\redhat.java-1.14.0-win32-x64\jre\17.0.5-win32-x86_64\bin\management.dll
Event: 3.134 Loaded shared library C:\Users\yassi\.vscode\extensions\redhat.java-1.14.0-win32-x64\jre\17.0.5-win32-x86_64\bin\management_ext.dll

Deoptimization events (10 events):
Event: 1.843 Thread 0x00000286c710efd0 DEOPT PACKING pc=0x00000286cbb1ee19 sp=0x000000b372cfd420
Event: 1.843 Thread 0x00000286c710efd0 DEOPT UNPACKING pc=0x00000286cb5d2b43 sp=0x000000b372cfc900 mode 3
Event: 3.346 Thread 0x00000286d85d3f00 DEOPT PACKING pc=0x00000286cbd27ab5 sp=0x000000b3750fd710
Event: 3.346 Thread 0x00000286d85d3f00 DEOPT UNPACKING pc=0x00000286cb5d2b43 sp=0x000000b3750fcc28 mode 3
Event: 3.505 Thread 0x00000286d862dab0 DEOPT PACKING pc=0x00000286cbd4c92b sp=0x000000b3759fe1a0
Event: 3.505 Thread 0x00000286d862dab0 DEOPT UNPACKING pc=0x00000286cb5d2b43 sp=0x000000b3759fd6e8 mode 3
Event: 3.547 Thread 0x00000286d800c890 DEOPT PACKING pc=0x00000286cbb23481 sp=0x000000b374ffd700
Event: 3.547 Thread 0x00000286d800c890 DEOPT UNPACKING pc=0x00000286cb5d2b43 sp=0x000000b374ffcb90 mode 3
Event: 3.684 Thread 0x00000286d866ec70 DEOPT PACKING pc=0x00000286cbb1db97 sp=0x000000b376bfee30
Event: 3.684 Thread 0x00000286d866ec70 DEOPT UNPACKING pc=0x00000286cb5d2b43 sp=0x000000b376bfe288 mode 3

Classes unloaded (0 events):
No events

Classes redefined (0 events):
No events

Internal exceptions (20 events):
Event: 3.557 Thread 0x00000286d866c120 Exception <a 'sun/nio/fs/WindowsException'{0x000000008d54def0}> (0x000000008d54def0) 
thrown [s\src\hotspot\share\prims\jni.cpp, line 516]
Event: 3.558 Thread 0x00000286d866c120 Exception <a 'sun/nio/fs/WindowsException'{0x000000008d54e2b0}> (0x000000008d54e2b0) 
thrown [s\src\hotspot\share\prims\jni.cpp, line 516]
Event: 3.558 Thread 0x00000286d866c120 Exception <a 'sun/nio/fs/WindowsException'{0x000000008d54ecb0}> (0x000000008d54ecb0) 
thrown [s\src\hotspot\share\prims\jni.cpp, line 516]
Event: 3.558 Thread 0x00000286d866c120 Exception <a 'sun/nio/fs/WindowsException'{0x000000008d54f060}> (0x000000008d54f060) 
thrown [s\src\hotspot\share\prims\jni.cpp, line 516]
Event: 3.558 Thread 0x00000286d866c120 Exception <a 'sun/nio/fs/WindowsException'{0x000000008d54fa60}> (0x000000008d54fa60) 
thrown [s\src\hotspot\share\prims\jni.cpp, line 516]
Event: 3.558 Thread 0x00000286d866c120 Exception <a 'sun/nio/fs/WindowsException'{0x000000008d54fe20}> (0x000000008d54fe20) 
thrown [s\src\hotspot\share\prims\jni.cpp, line 516]
Event: 3.558 Thread 0x00000286d866c120 Exception <a 'sun/nio/fs/WindowsException'{0x000000008d550848}> (0x000000008d550848) 
thrown [s\src\hotspot\share\prims\jni.cpp, line 516]
Event: 3.559 Thread 0x00000286d866c120 Exception <a 'sun/nio/fs/WindowsException'{0x000000008d550c28}> (0x000000008d550c28) 
thrown [s\src\hotspot\share\prims\jni.cpp, line 516]
Event: 3.559 Thread 0x00000286d866c120 Exception <a 'sun/nio/fs/WindowsException'{0x000000008d551660}> (0x000000008d551660) 
thrown [s\src\hotspot\share\prims\jni.cpp, line 516]
Event: 3.559 Thread 0x00000286d866c120 Exception <a 'sun/nio/fs/WindowsException'{0x000000008d551a50}> (0x000000008d551a50) 
thrown [s\src\hotspot\share\prims\jni.cpp, line 516]
Event: 3.559 Thread 0x00000286d866c120 Exception <a 'sun/nio/fs/WindowsException'{0x000000008d552478}> (0x000000008d552478) 
thrown [s\src\hotspot\share\prims\jni.cpp, line 516]
Event: 3.560 Thread 0x00000286d866c120 Exception <a 'sun/nio/fs/WindowsException'{0x000000008d552868}> (0x000000008d552868) 
thrown [s\src\hotspot\share\prims\jni.cpp, line 516]
Event: 3.997 Thread 0x00000286d85d3f00 Exception <a 'java/lang/NoSuchMethodError'{0x000000009a1a5f98}: 'java.lang.Object java.lang.invoke.Invokers$Holder.invoke_MT(java.lang.Object, java.lang.Object, java.lang.Object)'> (0x000000009a1a5f98) 
thrown [s\src\hotspot\share\interpreter\linkResolver.cpp, line 759]
Event: 4.100 Thread 0x00000286d85d3f00 Exception <a 'java/lang/NoSuchMethodError'{0x0000000098374560}: 'java.lang.Object java.lang.invoke.DirectMethodHandle$Holder.newInvokeSpecial(java.lang.Object, java.lang.Object, int)'> (0x0000000098374560) 
thrown [s\src\hotspot\share\interpreter\linkResolver.cpp, line 759]
Event: 4.133 Thread 0x00000286d86712f0 Exception <a 'java/lang/NoSuchMethodError'{0x00000000978009d0}: 'void java.lang.invoke.DirectMethodHandle$Holder.invokeVirtual(java.lang.Object, java.lang.Object, java.lang.Object, java.lang.Object)'> (0x00000000978009d0) 
thrown [s\src\hotspot\share\interpreter\linkResolver.cpp, line 759]
Event: 4.321 Thread 0x00000286d8670e20 Exception <a 'sun/nio/fs/WindowsException'{0x0000000094afe6c8}> (0x0000000094afe6c8) 
thrown [s\src\hotspot\share\prims\jni.cpp, line 516]
Event: 4.322 Thread 0x00000286d8670e20 Exception <a 'sun/nio/fs/WindowsException'{0x0000000094aff1c0}> (0x0000000094aff1c0) 
thrown [s\src\hotspot\share\prims\jni.cpp, line 516]
Event: 4.322 Thread 0x00000286d8670e20 Exception <a 'sun/nio/fs/WindowsException'{0x0000000094affba0}> (0x0000000094affba0) 
thrown [s\src\hotspot\share\prims\jni.cpp, line 516]
Event: 4.322 Thread 0x00000286d8670e20 Exception <a 'sun/nio/fs/WindowsException'{0x0000000093a9cea8}> (0x0000000093a9cea8) 
thrown [s\src\hotspot\share\prims\jni.cpp, line 516]
Event: 4.322 Thread 0x00000286d8670e20 Exception <a 'sun/nio/fs/WindowsException'{0x0000000093a9da08}> (0x0000000093a9da08) 
thrown [s\src\hotspot\share\prims\jni.cpp, line 516]

VM Operations (20 events):
Event: 4.019 Executing VM operation: HandshakeAllThreads done
Event: 4.132 Executing VM operation: HandshakeAllThreads
Event: 4.132 Executing VM operation: HandshakeAllThreads done
Event: 4.195 Executing VM operation: G1CollectForAllocation
Event: 4.196 Executing VM operation: G1CollectForAllocation done
Event: 4.196 Executing VM operation: G1CollectForAllocation
Event: 4.222 Executing VM operation: G1CollectForAllocation done
Event: 4.253 Executing VM operation: G1CollectForAllocation
Event: 4.258 Executing VM operation: G1CollectForAllocation done
Event: 4.258 Executing VM operation: G1CollectForAllocation
Event: 4.265 Executing VM operation: G1CollectForAllocation done
Event: 4.286 Executing VM operation: G1CollectForAllocation
Event: 4.287 Executing VM operation: G1CollectForAllocation done
Event: 4.287 Executing VM operation: G1CollectForAllocation
Event: 4.292 Executing VM operation: G1CollectForAllocation done
Event: 4.309 Executing VM operation: HandshakeAllThreads
Event: 4.316 Executing VM operation: HandshakeAllThreads done
Event: 4.324 Executing VM operation: G1CollectForAllocation
Event: 4.325 Executing VM operation: G1CollectForAllocation done
Event: 4.325 Executing VM operation: G1CollectForAllocation

Events (20 events):
Event: 4.115 loading class java/util/concurrent/CompletableFuture$AsyncSupply
Event: 4.115 loading class java/util/concurrent/CompletableFuture$AsyncSupply done
Event: 4.115 Thread 0x00000286db788880 Thread added: 0x00000286db788880
Event: 4.117 Thread 0x00000286db785860 Thread added: 0x00000286db785860
Event: 4.118 loading class java/time/format/DateTimeFormatterBuilder$ZoneTextPrinterParser
Event: 4.118 loading class java/time/format/DateTimeFormatterBuilder$ZoneTextPrinterParser done
Event: 4.118 loading class java/time/format/DateTimeFormatterBuilder$ReducedPrinterParser
Event: 4.119 loading class java/time/format/DateTimeFormatterBuilder$ReducedPrinterParser done
Event: 4.130 loading class sun/security/provider/MD5
Event: 4.130 loading class sun/security/provider/MD5 done
Event: 4.130 loading class sun/security/provider/ByteArrayAccess$LE
Event: 4.131 loading class sun/security/provider/ByteArrayAccess$LE done
Event: 4.144 loading class jdk/internal/reflect/UnsafeQualifiedObjectFieldAccessorImpl
Event: 4.144 loading class jdk/internal/reflect/UnsafeQualifiedObjectFieldAccessorImpl done
Event: 4.144 loading class jdk/internal/reflect/UnsafeQualifiedLongFieldAccessorImpl
Event: 4.144 loading class jdk/internal/reflect/UnsafeQualifiedLongFieldAccessorImpl done
Event: 4.159 loading class sun/util/ResourceBundleEnumeration
Event: 4.159 loading class sun/util/ResourceBundleEnumeration done
Event: 4.305 loading class java/lang/AbstractMethodError
Event: 4.305 loading class java/lang/AbstractMethodError done


Dynamic libraries:
0x00007ff7ce470000 - 0x00007ff7ce47e000 	c:\Users\yassi\.vscode\extensions\redhat.java-1.14.0-win32-x64\jre\17.0.5-win32-x86_64\bin\java.exe
0x00007ffcdf820000 - 0x00007ffcdfa29000 	C:\WINDOWS\SYSTEM32\ntdll.dll
0x00007ffcdd7a0000 - 0x00007ffcdd85e000 	C:\WINDOWS\System32\KERNEL32.DLL
0x00007ffcdd180000 - 0x00007ffcdd4fb000 	C:\WINDOWS\System32\KERNELBASE.dll
0x00007ffcdd500000 - 0x00007ffcdd611000 	C:\WINDOWS\System32\ucrtbase.dll
0x00007ffcd44f0000 - 0x00007ffcd4507000 	c:\Users\yassi\.vscode\extensions\redhat.java-1.14.0-win32-x64\jre\17.0.5-win32-x86_64\bin\jli.dll
0x00007ffcd8620000 - 0x00007ffcd8639000 	c:\Users\yassi\.vscode\extensions\redhat.java-1.14.0-win32-x64\jre\17.0.5-win32-x86_64\bin\VCRUNTIME140.dll
0x00007ffcde350000 - 0x00007ffcde4fd000 	C:\WINDOWS\System32\USER32.dll
0x00007ffcdd150000 - 0x00007ffcdd176000 	C:\WINDOWS\System32\win32u.dll
0x00007ffcc7c10000 - 0x00007ffcc7eb5000 	C:\WINDOWS\WinSxS\amd64_microsoft.windows.common-controls_6595b64144ccf1df_6.0.22000.120_none_9d947278b86cc467\COMCTL32.dll
0x00007ffcdedb0000 - 0x00007ffcdedd9000 	C:\WINDOWS\System32\GDI32.dll
0x00007ffcdccf0000 - 0x00007ffcdce08000 	C:\WINDOWS\System32\gdi32full.dll
0x00007ffcdcf40000 - 0x00007ffcdcfdd000 	C:\WINDOWS\System32\msvcp_win.dll
0x00007ffcde0a0000 - 0x00007ffcde143000 	C:\WINDOWS\System32\msvcrt.dll
0x00007ffcde500000 - 0x00007ffcde532000 	C:\WINDOWS\System32\IMM32.DLL
0x00007ffcd86a0000 - 0x00007ffcd86ac000 	c:\Users\yassi\.vscode\extensions\redhat.java-1.14.0-win32-x64\jre\17.0.5-win32-x86_64\bin\vcruntime140_1.dll
0x00007ffcaca10000 - 0x00007ffcacaa1000 	c:\Users\yassi\.vscode\extensions\redhat.java-1.14.0-win32-x64\jre\17.0.5-win32-x86_64\bin\msvcp140.dll
0x00007ffc5c5b0000 - 0x00007ffc5d1f4000 	c:\Users\yassi\.vscode\extensions\redhat.java-1.14.0-win32-x64\jre\17.0.5-win32-x86_64\bin\server\jvm.dll
0x00007ffcded00000 - 0x00007ffcdedae000 	C:\WINDOWS\System32\ADVAPI32.dll
0x00007ffcdd700000 - 0x00007ffcdd79e000 	C:\WINDOWS\System32\sechost.dll
0x00007ffcde150000 - 0x00007ffcde270000 	C:\WINDOWS\System32\RPCRT4.dll
0x00007ffcd8010000 - 0x00007ffcd801a000 	C:\WINDOWS\SYSTEM32\VERSION.dll
0x00007ffcd8510000 - 0x00007ffcd8543000 	C:\WINDOWS\SYSTEM32\WINMM.dll
0x00007ffcbc760000 - 0x00007ffcbc769000 	C:\WINDOWS\SYSTEM32\WSOCK32.dll
0x00007ffcde9c0000 - 0x00007ffcdea2f000 	C:\WINDOWS\System32\WS2_32.dll
0x00007ffcdbd50000 - 0x00007ffcdbd68000 	C:\WINDOWS\SYSTEM32\kernel.appcore.dll
0x00007ffccff00000 - 0x00007ffccff0a000 	c:\Users\yassi\.vscode\extensions\redhat.java-1.14.0-win32-x64\jre\17.0.5-win32-x86_64\bin\jimage.dll
0x00007ffcda9e0000 - 0x00007ffcdac01000 	C:\WINDOWS\SYSTEM32\DBGHELP.DLL
0x00007ffcceb80000 - 0x00007ffccebb1000 	C:\WINDOWS\SYSTEM32\dbgcore.DLL
0x00007ffcdd620000 - 0x00007ffcdd69f000 	C:\WINDOWS\System32\bcryptPrimitives.dll
0x00007ffcbd640000 - 0x00007ffcbd665000 	c:\Users\yassi\.vscode\extensions\redhat.java-1.14.0-win32-x64\jre\17.0.5-win32-x86_64\bin\java.dll
0x00007ffcbe350000 - 0x00007ffcbe368000 	c:\Users\yassi\.vscode\extensions\redhat.java-1.14.0-win32-x64\jre\17.0.5-win32-x86_64\bin\zip.dll
0x00007ffcdeed0000 - 0x00007ffcdf687000 	C:\WINDOWS\System32\SHELL32.dll
0x00007ffcdada0000 - 0x00007ffcdb605000 	C:\WINDOWS\SYSTEM32\windows.storage.dll
0x00007ffcddbf0000 - 0x00007ffcddf68000 	C:\WINDOWS\System32\combase.dll
0x00007ffcdac30000 - 0x00007ffcdad96000 	C:\WINDOWS\SYSTEM32\wintypes.dll
0x00007ffcddfa0000 - 0x00007ffcde08a000 	C:\WINDOWS\System32\SHCORE.dll
0x00007ffcdea60000 - 0x00007ffcdeabd000 	C:\WINDOWS\System32\shlwapi.dll
0x00007ffcdcc20000 - 0x00007ffcdcc41000 	C:\WINDOWS\SYSTEM32\profapi.dll
0x00007ffcad800000 - 0x00007ffcad819000 	C:\Users\yassi\.vscode\extensions\redhat.java-1.14.0-win32-x64\jre\17.0.5-win32-x86_64\bin\net.dll
0x00007ffcd8330000 - 0x00007ffcd8444000 	C:\WINDOWS\SYSTEM32\WINHTTP.dll
0x00007ffcdc210000 - 0x00007ffcdc277000 	C:\WINDOWS\system32\mswsock.dll
0x00007ffcaae20000 - 0x00007ffcaae35000 	C:\Users\yassi\.vscode\extensions\redhat.java-1.14.0-win32-x64\jre\17.0.5-win32-x86_64\bin\nio.dll
0x00007ffcce810000 - 0x00007ffcce820000 	c:\Users\yassi\.vscode\extensions\redhat.java-1.14.0-win32-x64\jre\17.0.5-win32-x86_64\bin\verify.dll
0x00007ffcdc460000 - 0x00007ffcdc478000 	C:\WINDOWS\SYSTEM32\CRYPTSP.dll
0x00007ffcdbca0000 - 0x00007ffcdbcd5000 	C:\WINDOWS\system32\rsaenh.dll
0x00007ffcdc300000 - 0x00007ffcdc329000 	C:\WINDOWS\SYSTEM32\USERENV.dll
0x00007ffcdc650000 - 0x00007ffcdc677000 	C:\WINDOWS\SYSTEM32\bcrypt.dll
0x00007ffcdc450000 - 0x00007ffcdc45c000 	C:\WINDOWS\SYSTEM32\CRYPTBASE.dll
0x00007ffcdb870000 - 0x00007ffcdb89d000 	C:\WINDOWS\SYSTEM32\IPHLPAPI.DLL
0x00007ffcde9b0000 - 0x00007ffcde9b9000 	C:\WINDOWS\System32\NSI.dll
0x00007ffcd8550000 - 0x00007ffcd8569000 	C:\WINDOWS\SYSTEM32\dhcpcsvc6.DLL
0x00007ffcd8920000 - 0x00007ffcd893e000 	C:\WINDOWS\SYSTEM32\dhcpcsvc.DLL
0x00007ffcdb8a0000 - 0x00007ffcdb988000 	C:\WINDOWS\SYSTEM32\DNSAPI.dll
0x00007ffcd8680000 - 0x00007ffcd8689000 	C:\Users\yassi\.vscode\extensions\redhat.java-1.14.0-win32-x64\jre\17.0.5-win32-x86_64\bin\management.dll
0x00007ffcd4570000 - 0x00007ffcd457b000 	C:\Users\yassi\.vscode\extensions\redhat.java-1.14.0-win32-x64\jre\17.0.5-win32-x86_64\bin\management_ext.dll
0x00007ffcddf90000 - 0x00007ffcddf98000 	C:\WINDOWS\System32\PSAPI.DLL

dbghelp: loaded successfully - version: 4.0.5 - missing functions: none
symbol engine: initialized successfully - sym options: 0x614 - pdb path: .;c:\Users\yassi\.vscode\extensions\redhat.java-1.14.0-win32-x64\jre\17.0.5-win32-x86_64\bin;C:\WINDOWS\SYSTEM32;C:\WINDOWS\WinSxS\amd64_microsoft.windows.common-controls_6595b64144ccf1df_6.0.22000.120_none_9d947278b86cc467;c:\Users\yassi\.vscode\extensions\redhat.java-1.14.0-win32-x64\jre\17.0.5-win32-x86_64\bin\server

VM Arguments:
jvm_args: -Dsts.lsp.client=vscode -Dsts.log.file=/dev/null -XX:TieredStopAtLevel=1 -Xlog:jni+resolve=off -Dspring.config.location=file:c:\Users\yassi\.vscode\extensions\pivotal.vscode-spring-boot-1.43.0\language-server\BOOT-INF\classes\application.properties 
java_command: org.springframework.ide.vscode.boot.app.BootLanguageServerBootApp
java_class_path (initial): c:\Users\yassi\.vscode\extensions\pivotal.vscode-spring-boot-1.43.0\language-server\BOOT-INF\classes;c:\Users\yassi\.vscode\extensions\pivotal.vscode-spring-boot-1.43.0\language-server\BOOT-INF\lib\annotations-23.1.0.jar;c:\Users\yassi\.vscode\extensions\pivotal.vscode-spring-boot-1.43.0\language-server\BOOT-INF\lib\ant-1.10.12.jar;c:\Users\yassi\.vscode\extensions\pivotal.vscode-spring-boot-1.43.0\language-server\BOOT-INF\lib\ant-launcher-1.10.12.jar;c:\Users\yassi\.vscode\extensions\pivotal.vscode-spring-boot-1.43.0\language-server\BOOT-INF\lib\antlr-runtime-3.5.2.jar;c:\Users\yassi\.vscode\extensions\pivotal.vscode-spring-boot-1.43.0\language-server\BOOT-INF\lib\antlr4-4.9.3.jar;c:\Users\yassi\.vscode\extensions\pivotal.vscode-spring-boot-1.43.0\language-server\BOOT-INF\lib\antlr4-runtime-4.9.3.jar;c:\Users\yassi\.vscode\extensions\pivotal.vscode-spring-boot-1.43.0\language-server\BOOT-INF\lib\apiguardian-api-1.1.2.jar;c:\Users\yassi\.vscode\extensions\pivotal.vscode-spring-boot-1.43.0\language-server\BOOT-INF\lib\asm-9.4.jar;c:\Users\yassi\.vscode\extensions\pivotal.vscode-spring-boot-1.43.0\language-server\BOOT-INF\lib\asm-analysis-9.4.jar;c:\Users\yassi\.vscode\extensions\pivotal.vscode-spring-boot-1.43.0\language-server\BOOT-INF\lib\asm-tree-9.4.jar;c:\Users\yassi\.vscode\extensions\pivotal.vscode-spring-boot-1.43.0\language-server\BOOT-INF\lib\asm-util-9.4.jar;c:\Users\yassi\.vscode\extensions\pivotal.vscode-spring-boot-1.43.0\language-server\BOOT-INF\lib\caffeine-3.1.2.jar;c:\Users\yassi\.vscode\extensions\pivotal.vscode-spring-boot-1.43.0\language-server\BOOT-INF\lib\checker-qual-3.12.0.jar;c:\Users\yassi\.vscode\extensions\pivotal.vscode-spring-boot-1.43.0\language-server\BOOT-INF\lib\ci-environment-9.1.0.jar;c:\Users\yassi\.vscode\extensions\pivotal.vscode-spring-boot-1.43.0\language-server\BOOT-INF\lib\classgraph-4.8.149.jar;c:\Users\yassi\.vscode\extensions\pivotal.vscode-spring-boot-1.43.0\language-server\BOOT-INF\lib\comm
Launcher Type: SUN_STANDARD

[Global flags]
     intx CICompilerCount                          = 4                                         {product} {ergonomic}
     uint ConcGCThreads                            = 3                                         {product} {ergonomic}
     uint G1ConcRefinementThreads                  = 10                                        {product} {ergonomic}
   size_t G1HeapRegionSize                         = 1048576                                   {product} {ergonomic}
    uintx GCDrainStackTargetSize                   = 64                                        {product} {ergonomic}
   size_t InitialHeapSize                          = 123731968                                 {product} {ergonomic}
   size_t MarkStackSize                            = 4194304                                   {product} {ergonomic}
   size_t MaxHeapSize                              = 1977614336                                {product} {ergonomic}
   size_t MaxNewSize                               = 1185939456                                {product} {ergonomic}
   size_t MinHeapDeltaBytes                        = 1048576                                   {product} {ergonomic}
   size_t MinHeapSize                              = 8388608                                   {product} {ergonomic}
    uintx NonProfiledCodeHeapSize                  = 0                                      {pd product} {ergonomic}
     bool ProfileInterpreter                       = false                                  {pd product} {command line}
    uintx ProfiledCodeHeapSize                     = 0                                      {pd product} {ergonomic}
   size_t SoftMaxHeapSize                          = 1977614336                             {manageable} {ergonomic}
     intx TieredStopAtLevel                        = 1                                         {product} {command line}
     bool UseCompressedClassPointers               = true                           {product lp64_product} {ergonomic}
     bool UseCompressedOops                        = true                           {product lp64_product} {ergonomic}
     bool UseG1GC                                  = true                                      {product} {ergonomic}
     bool UseLargePagesIndividualAllocation        = false                                  {pd product} {ergonomic}

Logging:
Log output configuration:
 #0: stdout all=warning,jni+resolve=off uptime,level,tags
 #1: stderr all=off uptime,level,tags

Environment Variables:
JAVA_HOME=C:\Program Files\Java\jdk-19.0.1
PATH=C:\Program Files\Common Files\Oracle\Java\javapath;C:\ProgramData\Oracle\Java\javapath;C:\Program Files (x86)\VMware\VMware Player\bin\;C:\windows\system32;C:\windows;C:\windows\System32\Wbem;C:\windows\System32\WindowsPowerShell\v1.0\;C:\windows\System32\OpenSSH\;C:\Program Files (x86)\NVIDIA Corporation\PhysX\Common;C:\Program Files\NVIDIA Corporation\NVIDIA NvDLISR;C:\Program Files\apache-maven-3.8.6\bin;C:\Program Files\dotnet\;C:\Program Files\Microsoft SQL Server\130\Tools\Binn\;C:\php;C:\Program Files\Microsoft SQL Server\Client SDK\ODBC\170\Tools\Binn\;C:\Program Files\Azure Data Studio\bin;C:\WINDOWS\system32;C:\WINDOWS;C:\WINDOWS\System32\Wbem;C:\WINDOWS\System32\WindowsPowerShell\v1.0\;C:\WINDOWS\System32\OpenSSH\;C:\wamp64\bin\php\php5.6.40;C:\ProgramData\ComposerSetup\bin;C:\Program Files\Git\cmd;C:\Program Files\nodejs\;C:\ProgramData\chocolatey\bin;C:\Program Files\PuTTY\;C:\Program Files\Java\jdk-19.0.1\bin;C:\Program Files\MySQL\MySQL Shell 8.0\bin\;C:\Users\yassi\AppData\Local\Microsoft\WindowsApps;C:\Users\yassi\.dotnet\tools;C:\Users\yassi\AppData\Local\Programs\Python\Python39;C:\Users\yassi\AppData\Local\Programs\Python\Python39\Scripts\;C:\Users\yassi\AppData\Local\Packages\PythonSoftwareFoundation.Python.3.8_qbz5n2kfra8p0\LocalCache\local-packages\Python38\Scripts;C:\Program Files\Azure Data Studio\bin;C:\Program Files\Microsoft VS Code\bin;C:\Users\yassi\AppData\Roaming\Composer\vendor\bin;C:\php;C:\Windows\Systemp32;;C:\Program Files\JetBrains\PhpStorm 2021.2.1\bin;;C:\Users\yassi\AppData\Roaming\npm;C:\Program Files\JetBrains\IntelliJ IDEA Community Edition 2022.3\bin;
USERNAME=yassi
OS=Windows_NT
PROCESSOR_IDENTIFIER=AMD64 Family 23 Model 96 Stepping 1, AuthenticAMD
TMP=C:\Users\yassi\AppData\Local\Temp
TEMP=C:\Users\yassi\AppData\Local\Temp



---------------  S Y S T E M  ---------------

OS:
 Windows 11 , 64 bit Build 22000 (10.0.22000.1335)
OS uptime: 7 days 14:31 hours
Hyper-V role detected

CPU: total 12 (initial active 12) (12 cores per cpu, 2 threads per core) family 23 model 96 stepping 1 microcode 0x0, cx8, cmov, fxsr, ht, mmx, 3dnowpref, sse, sse2, sse3, ssse3, sse4a, sse4.1, sse4.2, popcnt, lzcnt, tsc, tscinvbit, avx, avx2, aes, clmul, bmi1, bmi2, adx, sha, fma, vzeroupper, clflush, clflushopt, hv

Memory: 4k page, system-wide physical 7541M (229M free)
TotalPageFile size 31093M (AvailPageFile size 306M)
current process WorkingSet (physical memory assigned to process): 354M, peak: 354M
current process commit charge ("private bytes"): 432M, peak: 747M

vm_info: OpenJDK 64-Bit Server VM (17.0.5+8) for windows-amd64 JRE (17.0.5+8), built on Oct 19 2022 04:48:13 by "temurin" with MS VC++ 16.7 (VS2019)

END.
