#
# There is insufficient memory for the Java Runtime Environment to continue.
# Native memory allocation (mmap) failed to map 325058560 bytes for G1 virtual space
# Possible reasons:
#   The system is out of physical RAM or swap space
#   The process is running with CompressedOops enabled, and the Java Heap may be blocking the growth of the native heap
# Possible solutions:
#   Reduce memory load on the system
#   Increase physical memory or swap space
#   Check if swap backing store is full
#   Decrease Java heap size (-Xmx/-Xms)
#   Decrease number of Java threads
#   Decrease Java thread stack sizes (-Xss)
#   Set larger code cache with -XX:ReservedCodeCacheSize=
#   JVM is running with Unscaled Compressed Oops mode in which the Java heap is
#     placed in the first 4GB address space. The Java Heap base address is the
#     maximum limit for the native heap growth. Please use -XX:HeapBaseMinAddress
#     to set the Java Heap base and to place the Java Heap above 4GB virtual address.
# This output file may be truncated or incomplete.
#
#  Out of Memory Error (os_windows.cpp:3548), pid=91992, tid=23212
#
# JRE version: OpenJDK Runtime Environment Temurin-17.0.5+8 (17.0.5+8) (build 17.0.5+8)
# Java VM: OpenJDK 64-Bit Server VM Temurin-17.0.5+8 (17.0.5+8, mixed mode, emulated-client, tiered, compressed oops, compressed class ptrs, g1 gc, windows-amd64)
# No core dump will be written. Minidumps are not enabled by default on client versions of Windows
#

---------------  S U M M A R Y ------------

Command Line: -Dsts.lsp.client=vscode -Dsts.log.file=/dev/null -XX:TieredStopAtLevel=1 -Xlog:jni+resolve=off -Dspring.config.location=file:c:\Users\yassi\.vscode\extensions\pivotal.vscode-spring-boot-1.43.0\language-server\BOOT-INF\classes\application.properties org.springframework.ide.vscode.boot.app.BootLanguageServerBootApp

Host: AMD Ryzen 5 4600H with Radeon Graphics         , 12 cores, 7G,  Windows 11 , 64 bit Build 22000 (10.0.22000.1335)
Time: Sat Jan 28 01:19:15 2023 Paris, Madrid elapsed time: 4.626787 seconds (0d 0h 0m 4s)

---------------  T H R E A D  ---------------

Current thread (0x0000027e68d42c20):  VMThread "VM Thread" [stack: 0x000000cebfa00000,0x000000cebfb00000] [id=23212]

Stack: [0x000000cebfa00000,0x000000cebfb00000]
Native frames: (J=compiled Java code, j=interpreted, Vv=VM code, C=native code)
V  [jvm.dll+0x676b3a]
V  [jvm.dll+0x831444]
V  [jvm.dll+0x832bee]
V  [jvm.dll+0x833253]
V  [jvm.dll+0x244ce5]
V  [jvm.dll+0x673a49]
V  [jvm.dll+0x66811a]
V  [jvm.dll+0x303ceb]
V  [jvm.dll+0x30b1e6]
V  [jvm.dll+0x35adbe]
V  [jvm.dll+0x35afef]
V  [jvm.dll+0x2dab88]
V  [jvm.dll+0x2d8e3c]
V  [jvm.dll+0x2d840c]
V  [jvm.dll+0x31c31b]
V  [jvm.dll+0x8376fb]
V  [jvm.dll+0x838434]
V  [jvm.dll+0x83894c]
V  [jvm.dll+0x838d24]
V  [jvm.dll+0x838df0]
V  [jvm.dll+0x7e17ea]
V  [jvm.dll+0x6759e5]
C  [ucrtbase.dll+0x26c0c]
C  [KERNEL32.DLL+0x155a0]
C  [ntdll.dll+0x485b]

VM_Operation (0x000000cec35fe190): G1CollectForAllocation, mode: safepoint, requested by thread 0x0000027e6b1e8e90


---------------  P R O C E S S  ---------------

Threads class SMR info:
_java_thread_list=0x0000027e6d515f40, length=51, elements={
0x0000027e68d57380, 0x0000027e68d59c50, 0x0000027e68d7da30, 0x0000027e68d7e2f0,
0x0000027e69808070, 0x0000027e69808540, 0x0000027e69808eb0, 0x0000027e6980e390,
0x0000027e69a16260, 0x0000027e69a2e010, 0x0000027e69a33510, 0x0000027e6a262290,
0x0000027e6ad61f80, 0x0000027e6af0c9a0, 0x0000027e6af0d280, 0x0000027e59acb690,
0x0000027e6b01f9d0, 0x0000027e6af1f8e0, 0x0000027e6b06fe40, 0x0000027e6b083410,
0x0000027e6b093620, 0x0000027e6b093fc0, 0x0000027e6b0922e0, 0x0000027e6b091470,
0x0000027e6b094e30, 0x0000027e6b093af0, 0x0000027e6b093150, 0x0000027e6b092c80,
0x0000027e6b0927b0, 0x0000027e6b094490, 0x0000027e6b091e10, 0x0000027e6b094960,
0x0000027e6b091940, 0x0000027e6b1e71b0, 0x0000027e6b1eb510, 0x0000027e6b1ec850,
0x0000027e6b1e7b50, 0x0000027e6b1e7680, 0x0000027e6b1eb040, 0x0000027e6b1e6810,
0x0000027e6b1e6340, 0x0000027e6b1eb9e0, 0x0000027e6b1ed6c0, 0x0000027e6b1e8020,
0x0000027e6b1ecd20, 0x0000027e6b1e84f0, 0x0000027e6b1e89c0, 0x0000027e6b1e8e90,
0x0000027e6b1edb90, 0x0000027e6b1ebeb0, 0x0000027e6b1e9360
}

Java Threads: ( => current thread )
  0x0000027e68d57380 JavaThread "Reference Handler" daemon [_thread_blocked, id=100396, stack(0x000000cebfb00000,0x000000cebfc00000)]
  0x0000027e68d59c50 JavaThread "Finalizer" daemon [_thread_blocked, id=106820, stack(0x000000cebfc00000,0x000000cebfd00000)]
  0x0000027e68d7da30 JavaThread "Signal Dispatcher" daemon [_thread_blocked, id=104304, stack(0x000000cebfd00000,0x000000cebfe00000)]
  0x0000027e68d7e2f0 JavaThread "Attach Listener" daemon [_thread_blocked, id=33440, stack(0x000000cebfe00000,0x000000cebff00000)]
  0x0000027e69808070 JavaThread "Service Thread" daemon [_thread_blocked, id=105136, stack(0x000000cebff00000,0x000000cec0000000)]
  0x0000027e69808540 JavaThread "Monitor Deflation Thread" daemon [_thread_blocked, id=91976, stack(0x000000cec0000000,0x000000cec0100000)]
  0x0000027e69808eb0 JavaThread "C1 CompilerThread0" daemon [_thread_blocked, id=103400, stack(0x000000cec0100000,0x000000cec0200000)]
  0x0000027e6980e390 JavaThread "Sweeper thread" daemon [_thread_blocked, id=104792, stack(0x000000cec0200000,0x000000cec0300000)]
  0x0000027e69a16260 JavaThread "C1 CompilerThread1" daemon [_thread_blocked, id=99860, stack(0x000000cec0300000,0x000000cec0400000)]
  0x0000027e69a2e010 JavaThread "Notification Thread" daemon [_thread_blocked, id=109176, stack(0x000000cec0400000,0x000000cec0500000)]
  0x0000027e69a33510 JavaThread "Common-Cleaner" daemon [_thread_blocked, id=106564, stack(0x000000cec0600000,0x000000cec0700000)]
  0x0000027e6a262290 JavaThread "C1 CompilerThread2" daemon [_thread_blocked, id=108884, stack(0x000000cec0700000,0x000000cec0800000)]
  0x0000027e6ad61f80 JavaThread "boundedElastic-evictor-1" daemon [_thread_blocked, id=41044, stack(0x000000cec1100000,0x000000cec1200000)]
  0x0000027e6af0c9a0 JavaThread "pool-11-thread-1" [_thread_blocked, id=107728, stack(0x000000cec1400000,0x000000cec1500000)]
  0x0000027e6af0d280 JavaThread "LanguageServerApp-lifecycle" [_thread_blocked, id=110236, stack(0x000000cec1500000,0x000000cec1600000)]
  0x0000027e59acb690 JavaThread "DestroyJavaVM" [_thread_blocked, id=2316, stack(0x000000cebf400000,0x000000cebf500000)]
  0x0000027e6b01f9d0 JavaThread "pool-12-thread-1" [_thread_in_native, id=103928, stack(0x000000cec1600000,0x000000cec1700000)]
  0x0000027e6af1f8e0 JavaThread "Simple-Language-Server main thread" daemon [_thread_blocked, id=102412, stack(0x000000cec1700000,0x000000cec1800000)]
  0x0000027e6b06fe40 JavaThread "pool-8-thread-1" [_thread_blocked, id=97984, stack(0x000000cec1800000,0x000000cec1900000)]
  0x0000027e6b083410 JavaThread "parallel-1" daemon [_thread_blocked, id=101624, stack(0x000000cec1900000,0x000000cec1a00000)]
  0x0000027e6b093620 JavaThread "parallel-2" daemon [_thread_blocked, id=98596, stack(0x000000cec1a00000,0x000000cec1b00000)]
  0x0000027e6b093fc0 JavaThread "parallel-3" daemon [_thread_blocked, id=17660, stack(0x000000cec1b00000,0x000000cec1c00000)]
  0x0000027e6b0922e0 JavaThread "parallel-4" daemon [_thread_blocked, id=98932, stack(0x000000cec1c00000,0x000000cec1d00000)]
  0x0000027e6b091470 JavaThread "parallel-5" daemon [_thread_blocked, id=96968, stack(0x000000cec1d00000,0x000000cec1e00000)]
  0x0000027e6b094e30 JavaThread "parallel-6" daemon [_thread_blocked, id=104024, stack(0x000000cec1e00000,0x000000cec1f00000)]
  0x0000027e6b093af0 JavaThread "parallel-7" daemon [_thread_blocked, id=42256, stack(0x000000cec1f00000,0x000000cec2000000)]
  0x0000027e6b093150 JavaThread "ForkJoinPool.commonPool-worker-1" daemon [_thread_blocked, id=104512, stack(0x000000cec2000000,0x000000cec2100000)]
  0x0000027e6b092c80 JavaThread "pool-5-thread-1" [_thread_blocked, id=94828, stack(0x000000cec2100000,0x000000cec2200000)]
  0x0000027e6b0927b0 JavaThread "ForkJoinPool.commonPool-worker-2" daemon [_thread_blocked, id=43164, stack(0x000000cec2200000,0x000000cec2300000)]
  0x0000027e6b094490 JavaThread "pool-5-thread-2" [_thread_blocked, id=106588, stack(0x000000cec2300000,0x000000cec2400000)]
  0x0000027e6b091e10 JavaThread "parallel-8" daemon [_thread_blocked, id=104752, stack(0x000000cec2400000,0x000000cec2500000)]
  0x0000027e6b094960 JavaThread "ClassGraph-worker-0" daemon [_thread_blocked, id=98992, stack(0x000000cec2500000,0x000000cec2600000)]
  0x0000027e6b091940 JavaThread "ClassGraph-worker-1" daemon [_thread_blocked, id=103372, stack(0x000000cec2600000,0x000000cec2700000)]
  0x0000027e6b1e71b0 JavaThread "ClassGraph-worker-2" daemon [_thread_blocked, id=85800, stack(0x000000cec2700000,0x000000cec2800000)]
  0x0000027e6b1eb510 JavaThread "ClassGraph-worker-3" daemon [_thread_blocked, id=102224, stack(0x000000cec2800000,0x000000cec2900000)]
  0x0000027e6b1ec850 JavaThread "ClassGraph-worker-4" daemon [_thread_blocked, id=103588, stack(0x000000cec2900000,0x000000cec2a00000)]
  0x0000027e6b1e7b50 JavaThread "ClassGraph-worker-5" daemon [_thread_blocked, id=2376, stack(0x000000cec2a00000,0x000000cec2b00000)]
  0x0000027e6b1e7680 JavaThread "ClassGraph-worker-6" daemon [_thread_blocked, id=16436, stack(0x000000cec2b00000,0x000000cec2c00000)]
  0x0000027e6b1eb040 JavaThread "ClassGraph-worker-7" daemon [_thread_blocked, id=24860, stack(0x000000cec2c00000,0x000000cec2d00000)]
  0x0000027e6b1e6810 JavaThread "ClassGraph-worker-8" daemon [_thread_blocked, id=42472, stack(0x000000cec2d00000,0x000000cec2e00000)]
  0x0000027e6b1e6340 JavaThread "ClassGraph-worker-9" daemon [_thread_blocked, id=109372, stack(0x000000cec2e00000,0x000000cec2f00000)]
  0x0000027e6b1eb9e0 JavaThread "ClassGraph-worker-10" daemon [_thread_blocked, id=21088, stack(0x000000cec2f00000,0x000000cec3000000)]
  0x0000027e6b1ed6c0 JavaThread "ClassGraph-worker-11" daemon [_thread_blocked, id=91744, stack(0x000000cec3000000,0x000000cec3100000)]
  0x0000027e6b1e8020 JavaThread "ClassGraph-worker-12" daemon [_thread_blocked, id=102072, stack(0x000000cec3100000,0x000000cec3200000)]
  0x0000027e6b1ecd20 JavaThread "ClassGraph-worker-13" daemon [_thread_blocked, id=102472, stack(0x000000cec3200000,0x000000cec3300000)]
  0x0000027e6b1e84f0 JavaThread "ClassGraph-worker-14" daemon [_thread_blocked, id=103580, stack(0x000000cec3300000,0x000000cec3400000)]
  0x0000027e6b1e89c0 JavaThread "ClassGraph-worker-15" daemon [_thread_blocked, id=101292, stack(0x000000cec3400000,0x000000cec3500000)]
  0x0000027e6b1e8e90 JavaThread "ClassGraph-worker-16" daemon [_thread_blocked, id=109008, stack(0x000000cec3500000,0x000000cec3600000)]
  0x0000027e6b1edb90 JavaThread "ClassGraph-worker-17" daemon [_thread_blocked, id=102948, stack(0x000000cec3600000,0x000000cec3700000)]
  0x0000027e6b1ebeb0 JavaThread "ClassGraph-worker-18" daemon [_thread_blocked, id=107428, stack(0x000000cec3700000,0x000000cec3800000)]
  0x0000027e6b1e9360 JavaThread "Reconciler-1" daemon [_thread_blocked, id=108756, stack(0x000000cec3800000,0x000000cec3900000)]

Other Threads:
=>0x0000027e68d42c20 VMThread "VM Thread" [stack: 0x000000cebfa00000,0x000000cebfb00000] [id=23212]
  0x0000027e59b42f90 WatcherThread [stack: 0x000000cec0500000,0x000000cec0600000] [id=99808]
  0x0000027e59b230c0 GCTaskThread "GC Thread#0" [stack: 0x000000cebf500000,0x000000cebf600000] [id=49680]
  0x0000027e6a5bf5d0 GCTaskThread "GC Thread#1" [stack: 0x000000cec0800000,0x000000cec0900000] [id=110448]
  0x0000027e6a5d49c0 GCTaskThread "GC Thread#2" [stack: 0x000000cec0900000,0x000000cec0a00000] [id=41664]
  0x0000027e6a5d4c70 GCTaskThread "GC Thread#3" [stack: 0x000000cec0a00000,0x000000cec0b00000] [id=17644]
  0x0000027e6a5d8f30 GCTaskThread "GC Thread#4" [stack: 0x000000cec0b00000,0x000000cec0c00000] [id=7456]
  0x0000027e6a83ae30 GCTaskThread "GC Thread#5" [stack: 0x000000cec0c00000,0x000000cec0d00000] [id=110144]
  0x0000027e6a83b0e0 GCTaskThread "GC Thread#6" [stack: 0x000000cec0d00000,0x000000cec0e00000] [id=106236]
  0x0000027e6a83b390 GCTaskThread "GC Thread#7" [stack: 0x000000cec0e00000,0x000000cec0f00000] [id=25656]
  0x0000027e6a83b640 GCTaskThread "GC Thread#8" [stack: 0x000000cec0f00000,0x000000cec1000000] [id=103640]
  0x0000027e6a83b8f0 GCTaskThread "GC Thread#9" [stack: 0x000000cec1000000,0x000000cec1100000] [id=5560]
  0x0000027e59b32c30 ConcurrentGCThread "G1 Main Marker" [stack: 0x000000cebf600000,0x000000cebf700000] [id=99500]
  0x0000027e59b35bb0 ConcurrentGCThread "G1 Conc#0" [stack: 0x000000cebf700000,0x000000cebf800000] [id=44768]
  0x0000027e6a90e590 ConcurrentGCThread "G1 Conc#1" [stack: 0x000000cec1200000,0x000000cec1300000] [id=102508]
  0x0000027e6a904270 ConcurrentGCThread "G1 Conc#2" [stack: 0x000000cec1300000,0x000000cec1400000] [id=52660]
  0x0000027e59b8dc80 ConcurrentGCThread "G1 Refine#0" [stack: 0x000000cebf800000,0x000000cebf900000] [id=95400]
  0x0000027e59b8e350 ConcurrentGCThread "G1 Service" [stack: 0x000000cebf900000,0x000000cebfa00000] [id=106808]

Threads with active compile tasks:

VM state: at safepoint (normal execution)

VM Mutex/Monitor currently owned by a thread:  ([mutex/lock_event])
[0x0000027e5990d3e0] Threads_lock - owner thread: 0x0000027e68d42c20
[0x0000027e59ac8960] Heap_lock - owner thread: 0x0000027e6b1e8e90

Heap address: 0x000000008a200000, size: 1886 MB, Compressed Oops mode: 32-bit

CDS archive(s) not mapped
Compressed class space mapped at: 0x0000000100000000-0x0000000140000000, reserved size: 1073741824
Narrow klass base: 0x0000000000000000, Narrow klass shift: 3, Narrow klass range: 0x140000000

GC Precious Log:
 CPUs: 12 total, 12 available
 Memory: 7541M
 Large Page Support: Disabled
 NUMA Support: Disabled
 Compressed Oops: Enabled (32-bit)
 Heap Region Size: 1M
 Heap Min Capacity: 8M
 Heap Initial Capacity: 118M
 Heap Max Capacity: 1886M
 Pre-touch: Disabled
 Parallel Workers: 10
 Concurrent Workers: 3
 Concurrent Refinement Workers: 10
 Periodic GC: Disabled

Heap:
 garbage-first heap   total 317440K, used 108806K [0x000000008a200000, 0x0000000100000000)
  region size 1024K, 15 young (15360K), 15 survivors (15360K)
 Metaspace       used 40555K, committed 40896K, reserved 1089536K
  class space    used 5206K, committed 5376K, reserved 1048576K

Heap Regions: E=young(eden), S=young(survivor), O=old, HS=humongous(starts), HC=humongous(continues), CS=collection set, F=free, OA=open archive, CA=closed archive, TAMS=top-at-mark-start (previous, next)
|   0|0x000000008a200000, 0x000000008a300000, 0x000000008a300000|100%| O|  |TAMS 0x000000008a300000, 0x000000008a200000| Untracked 
|   1|0x000000008a300000, 0x000000008a400000, 0x000000008a400000|100%| O|  |TAMS 0x000000008a400000, 0x000000008a300000| Untracked 
|   2|0x000000008a400000, 0x000000008a500000, 0x000000008a500000|100%| O|  |TAMS 0x000000008a500000, 0x000000008a400000| Untracked 
|   3|0x000000008a500000, 0x000000008a600000, 0x000000008a600000|100%| O|  |TAMS 0x000000008a600000, 0x000000008a500000| Untracked 
|   4|0x000000008a600000, 0x000000008a700000, 0x000000008a700000|100%| O|  |TAMS 0x000000008a700000, 0x000000008a600000| Untracked 
|   5|0x000000008a700000, 0x000000008a800000, 0x000000008a800000|100%| O|  |TAMS 0x000000008a800000, 0x000000008a700000| Untracked 
|   6|0x000000008a800000, 0x000000008a900000, 0x000000008a900000|100%| O|  |TAMS 0x000000008a900000, 0x000000008a800000| Untracked 
|   7|0x000000008a900000, 0x000000008aa00000, 0x000000008aa00000|100%| O|  |TAMS 0x000000008aa00000, 0x000000008a900000| Untracked 
|   8|0x000000008aa00000, 0x000000008ab00000, 0x000000008ab00000|100%| O|  |TAMS 0x000000008ab00000, 0x000000008aa00000| Untracked 
|   9|0x000000008ab00000, 0x000000008ac00000, 0x000000008ac00000|100%| O|  |TAMS 0x000000008ac00000, 0x000000008ab00000| Untracked 
|  10|0x000000008ac00000, 0x000000008ad00000, 0x000000008ad00000|100%| O|  |TAMS 0x000000008ad00000, 0x000000008ac00000| Untracked 
|  11|0x000000008ad00000, 0x000000008ae00000, 0x000000008ae00000|100%| O|  |TAMS 0x000000008ae00000, 0x000000008ad00000| Untracked 
|  12|0x000000008ae00000, 0x000000008af00000, 0x000000008af00000|100%| O|  |TAMS 0x000000008af00000, 0x000000008ae00000| Untracked 
|  13|0x000000008af00000, 0x000000008b000000, 0x000000008b000000|100%| O|  |TAMS 0x000000008b000000, 0x000000008af00000| Untracked 
|  14|0x000000008b000000, 0x000000008b100000, 0x000000008b100000|100%| O|  |TAMS 0x000000008b100000, 0x000000008b000000| Untracked 
|  15|0x000000008b100000, 0x000000008b200000, 0x000000008b200000|100%| O|  |TAMS 0x000000008b200000, 0x000000008b100000| Untracked 
|  16|0x000000008b200000, 0x000000008b300000, 0x000000008b300000|100%| O|  |TAMS 0x000000008b300000, 0x000000008b200000| Untracked 
|  17|0x000000008b300000, 0x000000008b400000, 0x000000008b400000|100%| O|  |TAMS 0x000000008b400000, 0x000000008b300000| Untracked 
|  18|0x000000008b400000, 0x000000008b500000, 0x000000008b500000|100%| O|  |TAMS 0x000000008b500000, 0x000000008b400000| Untracked 
|  19|0x000000008b500000, 0x000000008b600000, 0x000000008b600000|100%| O|  |TAMS 0x000000008b600000, 0x000000008b500000| Untracked 
|  20|0x000000008b600000, 0x000000008b700000, 0x000000008b700000|100%| O|  |TAMS 0x000000008b700000, 0x000000008b600000| Untracked 
|  21|0x000000008b700000, 0x000000008b800000, 0x000000008b800000|100%| O|  |TAMS 0x000000008b800000, 0x000000008b700000| Untracked 
|  22|0x000000008b800000, 0x000000008b900000, 0x000000008b900000|100%| O|  |TAMS 0x000000008b900000, 0x000000008b800000| Untracked 
|  23|0x000000008b900000, 0x000000008ba00000, 0x000000008ba00000|100%| O|  |TAMS 0x000000008ba00000, 0x000000008b900000| Untracked 
|  24|0x000000008ba00000, 0x000000008bb00000, 0x000000008bb00000|100%| O|  |TAMS 0x000000008bb00000, 0x000000008ba00000| Untracked 
|  25|0x000000008bb00000, 0x000000008bc00000, 0x000000008bc00000|100%| O|  |TAMS 0x000000008bc00000, 0x000000008bb00000| Untracked 
|  26|0x000000008bc00000, 0x000000008bd00000, 0x000000008bd00000|100%| O|  |TAMS 0x000000008bd00000, 0x000000008bc00000| Untracked 
|  27|0x000000008bd00000, 0x000000008be00000, 0x000000008be00000|100%| O|  |TAMS 0x000000008be00000, 0x000000008bd00000| Untracked 
|  28|0x000000008be00000, 0x000000008bf00000, 0x000000008bf00000|100%| O|  |TAMS 0x000000008bf00000, 0x000000008be00000| Untracked 
|  29|0x000000008bf00000, 0x000000008c000000, 0x000000008c000000|100%| O|  |TAMS 0x000000008c000000, 0x000000008bf00000| Untracked 
|  30|0x000000008c000000, 0x000000008c100000, 0x000000008c100000|100%| O|  |TAMS 0x000000008c100000, 0x000000008c000000| Untracked 
|  31|0x000000008c100000, 0x000000008c200000, 0x000000008c200000|100%| O|  |TAMS 0x000000008c200000, 0x000000008c100000| Untracked 
|  32|0x000000008c200000, 0x000000008c300000, 0x000000008c300000|100%| O|  |TAMS 0x000000008c300000, 0x000000008c200000| Untracked 
|  33|0x000000008c300000, 0x000000008c400000, 0x000000008c400000|100%| O|  |TAMS 0x000000008c400000, 0x000000008c300000| Untracked 
|  34|0x000000008c400000, 0x000000008c500000, 0x000000008c500000|100%| O|  |TAMS 0x000000008c500000, 0x000000008c400000| Untracked 
|  35|0x000000008c500000, 0x000000008c600000, 0x000000008c600000|100%| O|  |TAMS 0x000000008c600000, 0x000000008c500000| Untracked 
|  36|0x000000008c600000, 0x000000008c700000, 0x000000008c700000|100%| O|  |TAMS 0x000000008c700000, 0x000000008c600000| Untracked 
|  37|0x000000008c700000, 0x000000008c800000, 0x000000008c800000|100%|HS|  |TAMS 0x000000008c700000, 0x000000008c700000| Complete 
|  38|0x000000008c800000, 0x000000008c900000, 0x000000008c900000|100%| O|  |TAMS 0x000000008c842a00, 0x000000008c800000| Untracked 
|  39|0x000000008c900000, 0x000000008ca00000, 0x000000008ca00000|100%| O|  |TAMS 0x000000008c900000, 0x000000008c900000| Untracked 
|  40|0x000000008ca00000, 0x000000008cb00000, 0x000000008cb00000|100%| O|  |TAMS 0x000000008ca00000, 0x000000008ca00000| Untracked 
|  41|0x000000008cb00000, 0x000000008cc00000, 0x000000008cc00000|100%| O|  |TAMS 0x000000008cb00000, 0x000000008cb00000| Untracked 
|  42|0x000000008cc00000, 0x000000008cd00000, 0x000000008cd00000|100%| O|  |TAMS 0x000000008cc00000, 0x000000008cc00000| Untracked 
|  43|0x000000008cd00000, 0x000000008ce00000, 0x000000008ce00000|100%| O|  |TAMS 0x000000008cd00000, 0x000000008cd00000| Untracked 
|  44|0x000000008ce00000, 0x000000008cf00000, 0x000000008cf00000|100%| O|  |TAMS 0x000000008ce00000, 0x000000008ce00000| Untracked 
|  45|0x000000008cf00000, 0x000000008d000000, 0x000000008d000000|100%| O|  |TAMS 0x000000008cf00000, 0x000000008cf00000| Untracked 
|  46|0x000000008d000000, 0x000000008d100000, 0x000000008d100000|100%| O|  |TAMS 0x000000008d000000, 0x000000008d000000| Untracked 
|  47|0x000000008d100000, 0x000000008d200000, 0x000000008d200000|100%| O|  |TAMS 0x000000008d100000, 0x000000008d100000| Untracked 
|  48|0x000000008d200000, 0x000000008d300000, 0x000000008d300000|100%| O|  |TAMS 0x000000008d200000, 0x000000008d200000| Untracked 
|  49|0x000000008d300000, 0x000000008d400000, 0x000000008d400000|100%| O|  |TAMS 0x000000008d300000, 0x000000008d300000| Untracked 
|  50|0x000000008d400000, 0x000000008d500000, 0x000000008d500000|100%|HS|  |TAMS 0x000000008d400000, 0x000000008d400000| Complete 
|  51|0x000000008d500000, 0x000000008d600000, 0x000000008d600000|100%| O|  |TAMS 0x000000008d500000, 0x000000008d500000| Untracked 
|  52|0x000000008d600000, 0x000000008d700000, 0x000000008d700000|100%| O|  |TAMS 0x000000008d600000, 0x000000008d600000| Untracked 
|  53|0x000000008d700000, 0x000000008d800000, 0x000000008d800000|100%| O|  |TAMS 0x000000008d700000, 0x000000008d700000| Untracked 
|  54|0x000000008d800000, 0x000000008d900000, 0x000000008d900000|100%| O|  |TAMS 0x000000008d800000, 0x000000008d800000| Untracked 
|  55|0x000000008d900000, 0x000000008da00000, 0x000000008da00000|100%| O|  |TAMS 0x000000008d900000, 0x000000008d900000| Untracked 
|  56|0x000000008da00000, 0x000000008db00000, 0x000000008db00000|100%| O|  |TAMS 0x000000008da00000, 0x000000008da00000| Untracked 
|  57|0x000000008db00000, 0x000000008dc00000, 0x000000008dc00000|100%| O|  |TAMS 0x000000008db00000, 0x000000008db00000| Untracked 
|  58|0x000000008dc00000, 0x000000008dd00000, 0x000000008dd00000|100%| O|  |TAMS 0x000000008dc00000, 0x000000008dc00000| Untracked 
|  59|0x000000008dd00000, 0x000000008de00000, 0x000000008de00000|100%| O|  |TAMS 0x000000008dd00000, 0x000000008dd00000| Untracked 
|  60|0x000000008de00000, 0x000000008df00000, 0x000000008df00000|100%| O|  |TAMS 0x000000008de00000, 0x000000008de00000| Untracked 
|  61|0x000000008df00000, 0x000000008e000000, 0x000000008e000000|100%| O|  |TAMS 0x000000008df00000, 0x000000008df00000| Untracked 
|  62|0x000000008e000000, 0x000000008e100000, 0x000000008e100000|100%| O|  |TAMS 0x000000008e000000, 0x000000008e000000| Untracked 
|  63|0x000000008e100000, 0x000000008e200000, 0x000000008e200000|100%| O|  |TAMS 0x000000008e100000, 0x000000008e100000| Untracked 
|  64|0x000000008e200000, 0x000000008e300000, 0x000000008e300000|100%| O|  |TAMS 0x000000008e200000, 0x000000008e200000| Untracked 
|  65|0x000000008e300000, 0x000000008e400000, 0x000000008e400000|100%| O|  |TAMS 0x000000008e300000, 0x000000008e300000| Untracked 
|  66|0x000000008e400000, 0x000000008e500000, 0x000000008e500000|100%| O|  |TAMS 0x000000008e400000, 0x000000008e400000| Untracked 
|  67|0x000000008e500000, 0x000000008e600000, 0x000000008e600000|100%| O|  |TAMS 0x000000008e500000, 0x000000008e500000| Untracked 
|  68|0x000000008e600000, 0x000000008e700000, 0x000000008e700000|100%| O|  |TAMS 0x000000008e600000, 0x000000008e600000| Untracked 
|  69|0x000000008e700000, 0x000000008e800000, 0x000000008e800000|100%| O|  |TAMS 0x000000008e700000, 0x000000008e700000| Untracked 
|  70|0x000000008e800000, 0x000000008e900000, 0x000000008e900000|100%| O|  |TAMS 0x000000008e800000, 0x000000008e800000| Untracked 
|  71|0x000000008e900000, 0x000000008ea00000, 0x000000008ea00000|100%| O|  |TAMS 0x000000008e900000, 0x000000008e900000| Untracked 
|  72|0x000000008ea00000, 0x000000008eb00000, 0x000000008eb00000|100%| O|  |TAMS 0x000000008ea00000, 0x000000008ea00000| Untracked 
|  73|0x000000008eb00000, 0x000000008ec00000, 0x000000008ec00000|100%| O|  |TAMS 0x000000008eb00000, 0x000000008eb00000| Untracked 
|  74|0x000000008ec00000, 0x000000008ed00000, 0x000000008ed00000|100%| O|  |TAMS 0x000000008ec00000, 0x000000008ec00000| Untracked 
|  75|0x000000008ed00000, 0x000000008ee00000, 0x000000008ee00000|100%| O|  |TAMS 0x000000008ed00000, 0x000000008ed00000| Untracked 
|  76|0x000000008ee00000, 0x000000008ef00000, 0x000000008ef00000|100%| O|  |TAMS 0x000000008ee00000, 0x000000008ee00000| Untracked 
|  77|0x000000008ef00000, 0x000000008f000000, 0x000000008f000000|100%| O|  |TAMS 0x000000008ef00000, 0x000000008ef00000| Untracked 
|  78|0x000000008f000000, 0x000000008f100000, 0x000000008f100000|100%| O|  |TAMS 0x000000008f000000, 0x000000008f000000| Untracked 
|  79|0x000000008f100000, 0x000000008f200000, 0x000000008f200000|100%| O|  |TAMS 0x000000008f100000, 0x000000008f100000| Untracked 
|  80|0x000000008f200000, 0x000000008f300000, 0x000000008f300000|100%| O|  |TAMS 0x000000008f200000, 0x000000008f200000| Untracked 
|  81|0x000000008f300000, 0x000000008f400000, 0x000000008f400000|100%| O|  |TAMS 0x000000008f300000, 0x000000008f300000| Untracked 
|  82|0x000000008f400000, 0x000000008f500000, 0x000000008f500000|100%| O|  |TAMS 0x000000008f400000, 0x000000008f400000| Untracked 
|  83|0x000000008f500000, 0x000000008f600000, 0x000000008f600000|100%| O|  |TAMS 0x000000008f500000, 0x000000008f500000| Untracked 
|  84|0x000000008f600000, 0x000000008f700000, 0x000000008f700000|100%|HS|  |TAMS 0x000000008f600000, 0x000000008f600000| Complete 
|  85|0x000000008f700000, 0x000000008f800000, 0x000000008f800000|100%| O|  |TAMS 0x000000008f700000, 0x000000008f700000| Untracked 
|  86|0x000000008f800000, 0x000000008f900000, 0x000000008f900000|100%| O|  |TAMS 0x000000008f800000, 0x000000008f800000| Untracked 
|  87|0x000000008f900000, 0x000000008fa00000, 0x000000008fa00000|100%| O|  |TAMS 0x000000008f900000, 0x000000008f900000| Untracked 
|  88|0x000000008fa00000, 0x000000008fb00000, 0x000000008fb00000|100%| O|  |TAMS 0x000000008fa00000, 0x000000008fa00000| Untracked 
|  89|0x000000008fb00000, 0x000000008fc00000, 0x000000008fc00000|100%| O|  |TAMS 0x000000008fb00000, 0x000000008fb00000| Untracked 
|  90|0x000000008fc00000, 0x000000008fd00000, 0x000000008fd00000|100%| O|  |TAMS 0x000000008fc00000, 0x000000008fc00000| Untracked 
|  91|0x000000008fd00000, 0x000000008fd7d200, 0x000000008fe00000| 48%| O|  |TAMS 0x000000008fd00000, 0x000000008fd00000| Untracked 
|  92|0x000000008fe00000, 0x000000008fe00000, 0x000000008ff00000|  0%| F|  |TAMS 0x000000008fe00000, 0x000000008fe00000| Untracked 
|  93|0x000000008ff00000, 0x000000008ff00000, 0x0000000090000000|  0%| F|  |TAMS 0x000000008ff00000, 0x000000008ff00000| Untracked 
|  94|0x0000000090000000, 0x0000000090000000, 0x0000000090100000|  0%| F|  |TAMS 0x0000000090000000, 0x0000000090000000| Untracked 
|  95|0x0000000090100000, 0x0000000090100000, 0x0000000090200000|  0%| F|  |TAMS 0x0000000090100000, 0x0000000090100000| Untracked 
|  96|0x0000000090200000, 0x0000000090200000, 0x0000000090300000|  0%| F|  |TAMS 0x0000000090200000, 0x0000000090200000| Untracked 
|  97|0x0000000090300000, 0x0000000090300000, 0x0000000090400000|  0%| F|  |TAMS 0x0000000090300000, 0x0000000090300000| Untracked 
|  98|0x0000000090400000, 0x0000000090400000, 0x0000000090500000|  0%| F|  |TAMS 0x0000000090400000, 0x0000000090400000| Untracked 
|  99|0x0000000090500000, 0x0000000090500000, 0x0000000090600000|  0%| F|  |TAMS 0x0000000090500000, 0x0000000090500000| Untracked 
| 100|0x0000000090600000, 0x0000000090600000, 0x0000000090700000|  0%| F|  |TAMS 0x0000000090600000, 0x0000000090600000| Untracked 
| 101|0x0000000090700000, 0x0000000090700000, 0x0000000090800000|  0%| F|  |TAMS 0x0000000090700000, 0x0000000090700000| Untracked 
| 102|0x0000000090800000, 0x0000000090800000, 0x0000000090900000|  0%| F|  |TAMS 0x0000000090800000, 0x0000000090800000| Untracked 
| 103|0x0000000090900000, 0x0000000090900000, 0x0000000090a00000|  0%| F|  |TAMS 0x0000000090900000, 0x0000000090900000| Untracked 
| 104|0x0000000090a00000, 0x0000000090a00000, 0x0000000090b00000|  0%| F|  |TAMS 0x0000000090a00000, 0x0000000090a00000| Untracked 
| 105|0x0000000090b00000, 0x0000000090b00000, 0x0000000090c00000|  0%| F|  |TAMS 0x0000000090b00000, 0x0000000090b00000| Untracked 
| 106|0x0000000090c00000, 0x0000000090c00000, 0x0000000090d00000|  0%| F|  |TAMS 0x0000000090c00000, 0x0000000090c00000| Untracked 
| 107|0x0000000090d00000, 0x0000000090d00000, 0x0000000090e00000|  0%| F|  |TAMS 0x0000000090d00000, 0x0000000090d00000| Untracked 
| 108|0x0000000090e00000, 0x0000000090e00000, 0x0000000090f00000|  0%| F|  |TAMS 0x0000000090e00000, 0x0000000090e00000| Untracked 
| 109|0x0000000090f00000, 0x0000000090f00000, 0x0000000091000000|  0%| F|  |TAMS 0x0000000090f00000, 0x0000000090f00000| Untracked 
| 110|0x0000000091000000, 0x0000000091000000, 0x0000000091100000|  0%| F|  |TAMS 0x0000000091000000, 0x0000000091000000| Untracked 
| 111|0x0000000091100000, 0x0000000091100000, 0x0000000091200000|  0%| F|  |TAMS 0x0000000091100000, 0x0000000091100000| Untracked 
| 112|0x0000000091200000, 0x0000000091200000, 0x0000000091300000|  0%| F|  |TAMS 0x0000000091200000, 0x0000000091200000| Untracked 
| 113|0x0000000091300000, 0x0000000091300000, 0x0000000091400000|  0%| F|  |TAMS 0x0000000091300000, 0x0000000091300000| Untracked 
| 114|0x0000000091400000, 0x0000000091400000, 0x0000000091500000|  0%| F|  |TAMS 0x0000000091400000, 0x0000000091400000| Untracked 
| 115|0x0000000091500000, 0x0000000091500000, 0x0000000091600000|  0%| F|  |TAMS 0x0000000091500000, 0x0000000091500000| Untracked 
| 116|0x0000000091600000, 0x0000000091600000, 0x0000000091700000|  0%| F|  |TAMS 0x0000000091600000, 0x0000000091600000| Untracked 
| 117|0x0000000091700000, 0x0000000091700000, 0x0000000091800000|  0%| F|  |TAMS 0x0000000091700000, 0x0000000091700000| Untracked 
| 118|0x0000000091800000, 0x0000000091800000, 0x0000000091900000|  0%| F|  |TAMS 0x0000000091800000, 0x0000000091800000| Untracked 
| 119|0x0000000091900000, 0x0000000091900000, 0x0000000091a00000|  0%| F|  |TAMS 0x0000000091900000, 0x0000000091900000| Untracked 
| 120|0x0000000091a00000, 0x0000000091a00000, 0x0000000091b00000|  0%| F|  |TAMS 0x0000000091a00000, 0x0000000091a00000| Untracked 
| 121|0x0000000091b00000, 0x0000000091b00000, 0x0000000091c00000|  0%| F|  |TAMS 0x0000000091b00000, 0x0000000091b00000| Untracked 
| 122|0x0000000091c00000, 0x0000000091c00000, 0x0000000091d00000|  0%| F|  |TAMS 0x0000000091c00000, 0x0000000091c00000| Untracked 
| 123|0x0000000091d00000, 0x0000000091d00000, 0x0000000091e00000|  0%| F|  |TAMS 0x0000000091d00000, 0x0000000091d00000| Untracked 
| 124|0x0000000091e00000, 0x0000000091e00000, 0x0000000091f00000|  0%| F|  |TAMS 0x0000000091e00000, 0x0000000091e00000| Untracked 
| 125|0x0000000091f00000, 0x0000000091f00000, 0x0000000092000000|  0%| F|  |TAMS 0x0000000091f00000, 0x0000000091f00000| Untracked 
| 126|0x0000000092000000, 0x0000000092000000, 0x0000000092100000|  0%| F|  |TAMS 0x0000000092000000, 0x0000000092000000| Untracked 
| 127|0x0000000092100000, 0x00000000921c4680, 0x0000000092200000| 76%| S|CS|TAMS 0x0000000092100000, 0x0000000092100000| Complete 
| 128|0x0000000092200000, 0x0000000092300000, 0x0000000092300000|100%| S|CS|TAMS 0x0000000092200000, 0x0000000092200000| Complete 
| 129|0x0000000092300000, 0x0000000092400000, 0x0000000092400000|100%| S|CS|TAMS 0x0000000092300000, 0x0000000092300000| Complete 
| 130|0x0000000092400000, 0x0000000092400000, 0x0000000092500000|  0%| F|  |TAMS 0x0000000092400000, 0x0000000092400000| Untracked 
| 131|0x0000000092500000, 0x0000000092500000, 0x0000000092600000|  0%| F|  |TAMS 0x0000000092500000, 0x0000000092500000| Untracked 
| 132|0x0000000092600000, 0x0000000092600000, 0x0000000092700000|  0%| F|  |TAMS 0x0000000092600000, 0x0000000092600000| Untracked 
| 133|0x0000000092700000, 0x0000000092700000, 0x0000000092800000|  0%| F|  |TAMS 0x0000000092700000, 0x0000000092700000| Untracked 
| 134|0x0000000092800000, 0x0000000092800000, 0x0000000092900000|  0%| F|  |TAMS 0x0000000092800000, 0x0000000092800000| Untracked 
| 135|0x0000000092900000, 0x0000000092900000, 0x0000000092a00000|  0%| F|  |TAMS 0x0000000092900000, 0x0000000092900000| Untracked 
| 136|0x0000000092a00000, 0x0000000092a00000, 0x0000000092b00000|  0%| F|  |TAMS 0x0000000092a00000, 0x0000000092a00000| Untracked 
| 137|0x0000000092b00000, 0x0000000092b00000, 0x0000000092c00000|  0%| F|  |TAMS 0x0000000092b00000, 0x0000000092b00000| Untracked 
| 138|0x0000000092c00000, 0x0000000092c00000, 0x0000000092d00000|  0%| F|  |TAMS 0x0000000092c00000, 0x0000000092c00000| Untracked 
| 139|0x0000000092d00000, 0x0000000092d00000, 0x0000000092e00000|  0%| F|  |TAMS 0x0000000092d00000, 0x0000000092d00000| Untracked 
| 140|0x0000000092e00000, 0x0000000092e00000, 0x0000000092f00000|  0%| F|  |TAMS 0x0000000092e00000, 0x0000000092e00000| Untracked 
| 141|0x0000000092f00000, 0x0000000092f00000, 0x0000000093000000|  0%| F|  |TAMS 0x0000000092f00000, 0x0000000092f00000| Untracked 
| 142|0x0000000093000000, 0x0000000093000000, 0x0000000093100000|  0%| F|  |TAMS 0x0000000093000000, 0x0000000093000000| Untracked 
| 143|0x0000000093100000, 0x0000000093100000, 0x0000000093200000|  0%| F|  |TAMS 0x0000000093100000, 0x0000000093100000| Untracked 
| 144|0x0000000093200000, 0x0000000093300000, 0x0000000093300000|100%| S|CS|TAMS 0x0000000093200000, 0x0000000093200000| Complete 
| 145|0x0000000093300000, 0x0000000093400000, 0x0000000093400000|100%| S|CS|TAMS 0x0000000093300000, 0x0000000093300000| Complete 
| 146|0x0000000093400000, 0x0000000093500000, 0x0000000093500000|100%| S|CS|TAMS 0x0000000093400000, 0x0000000093400000| Complete 
| 147|0x0000000093500000, 0x0000000093600000, 0x0000000093600000|100%| S|CS|TAMS 0x0000000093500000, 0x0000000093500000| Complete 
| 148|0x0000000093600000, 0x0000000093700000, 0x0000000093700000|100%| S|CS|TAMS 0x0000000093600000, 0x0000000093600000| Complete 
| 149|0x0000000093700000, 0x0000000093800000, 0x0000000093800000|100%| S|CS|TAMS 0x0000000093700000, 0x0000000093700000| Complete 
| 150|0x0000000093800000, 0x0000000093900000, 0x0000000093900000|100%| S|CS|TAMS 0x0000000093800000, 0x0000000093800000| Complete 
| 151|0x0000000093900000, 0x0000000093a00000, 0x0000000093a00000|100%| S|CS|TAMS 0x0000000093900000, 0x0000000093900000| Complete 
| 152|0x0000000093a00000, 0x0000000093b00000, 0x0000000093b00000|100%| S|CS|TAMS 0x0000000093a00000, 0x0000000093a00000| Complete 
| 153|0x0000000093b00000, 0x0000000093c00000, 0x0000000093c00000|100%| S|CS|TAMS 0x0000000093b00000, 0x0000000093b00000| Complete 
| 154|0x0000000093c00000, 0x0000000093c00000, 0x0000000093d00000|  0%| F|  |TAMS 0x0000000093c00000, 0x0000000093c00000| Untracked 
| 155|0x0000000093d00000, 0x0000000093e00000, 0x0000000093e00000|100%| S|CS|TAMS 0x0000000093d00000, 0x0000000093d00000| Complete 
| 156|0x0000000093e00000, 0x0000000093f00000, 0x0000000093f00000|100%| S|CS|TAMS 0x0000000093e00000, 0x0000000093e00000| Complete 
| 157|0x0000000093f00000, 0x0000000093f00000, 0x0000000094000000|  0%| F|  |TAMS 0x0000000093f00000, 0x0000000093f00000| Untracked 
| 158|0x0000000094000000, 0x0000000094000000, 0x0000000094100000|  0%| F|  |TAMS 0x0000000094000000, 0x0000000094000000| Untracked 
| 159|0x0000000094100000, 0x0000000094100000, 0x0000000094200000|  0%| F|  |TAMS 0x0000000094100000, 0x0000000094100000| Untracked 
| 160|0x0000000094200000, 0x0000000094200000, 0x0000000094300000|  0%| F|  |TAMS 0x0000000094200000, 0x0000000094200000| Untracked 
| 161|0x0000000094300000, 0x0000000094300000, 0x0000000094400000|  0%| F|  |TAMS 0x0000000094300000, 0x0000000094300000| Untracked 
| 162|0x0000000094400000, 0x0000000094400000, 0x0000000094500000|  0%| F|  |TAMS 0x0000000094400000, 0x0000000094400000| Untracked 
| 163|0x0000000094500000, 0x0000000094500000, 0x0000000094600000|  0%| F|  |TAMS 0x0000000094500000, 0x0000000094500000| Untracked 
| 164|0x0000000094600000, 0x0000000094600000, 0x0000000094700000|  0%| F|  |TAMS 0x0000000094600000, 0x0000000094600000| Untracked 
| 165|0x0000000094700000, 0x0000000094700000, 0x0000000094800000|  0%| F|  |TAMS 0x0000000094700000, 0x0000000094700000| Untracked 
| 166|0x0000000094800000, 0x0000000094800000, 0x0000000094900000|  0%| F|  |TAMS 0x0000000094800000, 0x0000000094800000| Untracked 
| 167|0x0000000094900000, 0x0000000094900000, 0x0000000094a00000|  0%| F|  |TAMS 0x0000000094900000, 0x0000000094900000| Untracked 
| 168|0x0000000094a00000, 0x0000000094a00000, 0x0000000094b00000|  0%| F|  |TAMS 0x0000000094a00000, 0x0000000094a00000| Untracked 
| 169|0x0000000094b00000, 0x0000000094b00000, 0x0000000094c00000|  0%| F|  |TAMS 0x0000000094b00000, 0x0000000094b00000| Untracked 
| 170|0x0000000094c00000, 0x0000000094c00000, 0x0000000094d00000|  0%| F|  |TAMS 0x0000000094c00000, 0x0000000094c00000| Untracked 
| 171|0x0000000094d00000, 0x0000000094d00000, 0x0000000094e00000|  0%| F|  |TAMS 0x0000000094d00000, 0x0000000094d00000| Untracked 
| 172|0x0000000094e00000, 0x0000000094e00000, 0x0000000094f00000|  0%| F|  |TAMS 0x0000000094e00000, 0x0000000094e00000| Untracked 
| 173|0x0000000094f00000, 0x0000000094f00000, 0x0000000095000000|  0%| F|  |TAMS 0x0000000094f00000, 0x0000000094f00000| Untracked 
| 174|0x0000000095000000, 0x0000000095000000, 0x0000000095100000|  0%| F|  |TAMS 0x0000000095000000, 0x0000000095000000| Untracked 
| 175|0x0000000095100000, 0x0000000095100000, 0x0000000095200000|  0%| F|  |TAMS 0x0000000095100000, 0x0000000095100000| Untracked 
| 176|0x0000000095200000, 0x0000000095200000, 0x0000000095300000|  0%| F|  |TAMS 0x0000000095200000, 0x0000000095200000| Untracked 
| 177|0x0000000095300000, 0x0000000095300000, 0x0000000095400000|  0%| F|  |TAMS 0x0000000095300000, 0x0000000095300000| Untracked 
| 178|0x0000000095400000, 0x0000000095400000, 0x0000000095500000|  0%| F|  |TAMS 0x0000000095400000, 0x0000000095400000| Untracked 
| 179|0x0000000095500000, 0x0000000095500000, 0x0000000095600000|  0%| F|  |TAMS 0x0000000095500000, 0x0000000095500000| Untracked 
| 180|0x0000000095600000, 0x0000000095600000, 0x0000000095700000|  0%| F|  |TAMS 0x0000000095600000, 0x0000000095600000| Untracked 
| 181|0x0000000095700000, 0x0000000095700000, 0x0000000095800000|  0%| F|  |TAMS 0x0000000095700000, 0x0000000095700000| Untracked 
| 182|0x0000000095800000, 0x0000000095800000, 0x0000000095900000|  0%| F|  |TAMS 0x0000000095800000, 0x0000000095800000| Untracked 
| 183|0x0000000095900000, 0x0000000095900000, 0x0000000095a00000|  0%| F|  |TAMS 0x0000000095900000, 0x0000000095900000| Untracked 
| 184|0x0000000095a00000, 0x0000000095a00000, 0x0000000095b00000|  0%| F|  |TAMS 0x0000000095a00000, 0x0000000095a00000| Untracked 
| 185|0x0000000095b00000, 0x0000000095b00000, 0x0000000095c00000|  0%| F|  |TAMS 0x0000000095b00000, 0x0000000095b00000| Untracked 
| 186|0x0000000095c00000, 0x0000000095c00000, 0x0000000095d00000|  0%| F|  |TAMS 0x0000000095c00000, 0x0000000095c00000| Untracked 
| 187|0x0000000095d00000, 0x0000000095d00000, 0x0000000095e00000|  0%| F|  |TAMS 0x0000000095d00000, 0x0000000095d00000| Untracked 
| 188|0x0000000095e00000, 0x0000000095e00000, 0x0000000095f00000|  0%| F|  |TAMS 0x0000000095e00000, 0x0000000095e00000| Untracked 
| 189|0x0000000095f00000, 0x0000000095f00000, 0x0000000096000000|  0%| F|  |TAMS 0x0000000095f00000, 0x0000000095f00000| Untracked 
| 190|0x0000000096000000, 0x0000000096000000, 0x0000000096100000|  0%| F|  |TAMS 0x0000000096000000, 0x0000000096000000| Untracked 
| 191|0x0000000096100000, 0x0000000096100000, 0x0000000096200000|  0%| F|  |TAMS 0x0000000096100000, 0x0000000096100000| Untracked 
| 192|0x0000000096200000, 0x0000000096200000, 0x0000000096300000|  0%| F|  |TAMS 0x0000000096200000, 0x0000000096200000| Untracked 
| 193|0x0000000096300000, 0x0000000096300000, 0x0000000096400000|  0%| F|  |TAMS 0x0000000096300000, 0x0000000096300000| Untracked 
| 194|0x0000000096400000, 0x0000000096400000, 0x0000000096500000|  0%| F|  |TAMS 0x0000000096400000, 0x0000000096400000| Untracked 
| 195|0x0000000096500000, 0x0000000096500000, 0x0000000096600000|  0%| F|  |TAMS 0x0000000096500000, 0x0000000096500000| Untracked 
| 196|0x0000000096600000, 0x0000000096600000, 0x0000000096700000|  0%| F|  |TAMS 0x0000000096600000, 0x0000000096600000| Untracked 
| 197|0x0000000096700000, 0x0000000096700000, 0x0000000096800000|  0%| F|  |TAMS 0x0000000096700000, 0x0000000096700000| Untracked 
| 198|0x0000000096800000, 0x0000000096800000, 0x0000000096900000|  0%| F|  |TAMS 0x0000000096800000, 0x0000000096800000| Untracked 
| 199|0x0000000096900000, 0x0000000096900000, 0x0000000096a00000|  0%| F|  |TAMS 0x0000000096900000, 0x0000000096900000| Untracked 
| 200|0x0000000096a00000, 0x0000000096a00000, 0x0000000096b00000|  0%| F|  |TAMS 0x0000000096a00000, 0x0000000096a00000| Untracked 
| 201|0x0000000096b00000, 0x0000000096b00000, 0x0000000096c00000|  0%| F|  |TAMS 0x0000000096b00000, 0x0000000096b00000| Untracked 
| 202|0x0000000096c00000, 0x0000000096c00000, 0x0000000096d00000|  0%| F|  |TAMS 0x0000000096c00000, 0x0000000096c00000| Untracked 
| 203|0x0000000096d00000, 0x0000000096d00000, 0x0000000096e00000|  0%| F|  |TAMS 0x0000000096d00000, 0x0000000096d00000| Untracked 
| 204|0x0000000096e00000, 0x0000000096e00000, 0x0000000096f00000|  0%| F|  |TAMS 0x0000000096e00000, 0x0000000096e00000| Untracked 
| 205|0x0000000096f00000, 0x0000000096f00000, 0x0000000097000000|  0%| F|  |TAMS 0x0000000096f00000, 0x0000000096f00000| Untracked 
| 206|0x0000000097000000, 0x0000000097000000, 0x0000000097100000|  0%| F|  |TAMS 0x0000000097000000, 0x0000000097000000| Untracked 
| 207|0x0000000097100000, 0x0000000097100000, 0x0000000097200000|  0%| F|  |TAMS 0x0000000097100000, 0x0000000097100000| Untracked 
| 208|0x0000000097200000, 0x0000000097200000, 0x0000000097300000|  0%| F|  |TAMS 0x0000000097200000, 0x0000000097200000| Untracked 
| 209|0x0000000097300000, 0x0000000097300000, 0x0000000097400000|  0%| F|  |TAMS 0x0000000097300000, 0x0000000097300000| Untracked 
| 210|0x0000000097400000, 0x0000000097400000, 0x0000000097500000|  0%| F|  |TAMS 0x0000000097400000, 0x0000000097400000| Untracked 
| 211|0x0000000097500000, 0x0000000097500000, 0x0000000097600000|  0%| F|  |TAMS 0x0000000097500000, 0x0000000097500000| Untracked 
| 212|0x0000000097600000, 0x0000000097600000, 0x0000000097700000|  0%| F|  |TAMS 0x0000000097600000, 0x0000000097600000| Untracked 
| 213|0x0000000097700000, 0x0000000097700000, 0x0000000097800000|  0%| F|  |TAMS 0x0000000097700000, 0x0000000097700000| Untracked 
| 214|0x0000000097800000, 0x0000000097800000, 0x0000000097900000|  0%| F|  |TAMS 0x0000000097800000, 0x0000000097800000| Untracked 
| 215|0x0000000097900000, 0x0000000097900000, 0x0000000097a00000|  0%| F|  |TAMS 0x0000000097900000, 0x0000000097900000| Untracked 
| 216|0x0000000097a00000, 0x0000000097a00000, 0x0000000097b00000|  0%| F|  |TAMS 0x0000000097a00000, 0x0000000097a00000| Untracked 
| 217|0x0000000097b00000, 0x0000000097b00000, 0x0000000097c00000|  0%| F|  |TAMS 0x0000000097b00000, 0x0000000097b00000| Untracked 
| 218|0x0000000097c00000, 0x0000000097c00000, 0x0000000097d00000|  0%| F|  |TAMS 0x0000000097c00000, 0x0000000097c00000| Untracked 
| 219|0x0000000097d00000, 0x0000000097d00000, 0x0000000097e00000|  0%| F|  |TAMS 0x0000000097d00000, 0x0000000097d00000| Untracked 
| 220|0x0000000097e00000, 0x0000000097e00000, 0x0000000097f00000|  0%| F|  |TAMS 0x0000000097e00000, 0x0000000097e00000| Untracked 
| 221|0x0000000097f00000, 0x0000000097f00000, 0x0000000098000000|  0%| F|  |TAMS 0x0000000097f00000, 0x0000000097f00000| Untracked 
| 222|0x0000000098000000, 0x0000000098000000, 0x0000000098100000|  0%| F|  |TAMS 0x0000000098000000, 0x0000000098000000| Untracked 
| 223|0x0000000098100000, 0x0000000098100000, 0x0000000098200000|  0%| F|  |TAMS 0x0000000098100000, 0x0000000098100000| Untracked 
| 224|0x0000000098200000, 0x0000000098200000, 0x0000000098300000|  0%| F|  |TAMS 0x0000000098200000, 0x0000000098200000| Untracked 
| 225|0x0000000098300000, 0x0000000098300000, 0x0000000098400000|  0%| F|  |TAMS 0x0000000098300000, 0x0000000098300000| Untracked 
| 226|0x0000000098400000, 0x0000000098400000, 0x0000000098500000|  0%| F|  |TAMS 0x0000000098400000, 0x0000000098400000| Untracked 
| 227|0x0000000098500000, 0x0000000098500000, 0x0000000098600000|  0%| F|  |TAMS 0x0000000098500000, 0x0000000098500000| Untracked 
| 228|0x0000000098600000, 0x0000000098600000, 0x0000000098700000|  0%| F|  |TAMS 0x0000000098600000, 0x0000000098600000| Untracked 
| 229|0x0000000098700000, 0x0000000098700000, 0x0000000098800000|  0%| F|  |TAMS 0x0000000098700000, 0x0000000098700000| Untracked 
| 230|0x0000000098800000, 0x0000000098800000, 0x0000000098900000|  0%| F|  |TAMS 0x0000000098800000, 0x0000000098800000| Untracked 
| 231|0x0000000098900000, 0x0000000098900000, 0x0000000098a00000|  0%| F|  |TAMS 0x0000000098900000, 0x0000000098900000| Untracked 
| 232|0x0000000098a00000, 0x0000000098a00000, 0x0000000098b00000|  0%| F|  |TAMS 0x0000000098a00000, 0x0000000098a00000| Untracked 
| 233|0x0000000098b00000, 0x0000000098b00000, 0x0000000098c00000|  0%| F|  |TAMS 0x0000000098b00000, 0x0000000098b00000| Untracked 
| 234|0x0000000098c00000, 0x0000000098c00000, 0x0000000098d00000|  0%| F|  |TAMS 0x0000000098c00000, 0x0000000098c00000| Untracked 
| 235|0x0000000098d00000, 0x0000000098d00000, 0x0000000098e00000|  0%| F|  |TAMS 0x0000000098d00000, 0x0000000098d00000| Untracked 
| 236|0x0000000098e00000, 0x0000000098e00000, 0x0000000098f00000|  0%| F|  |TAMS 0x0000000098e00000, 0x0000000098e00000| Untracked 
| 237|0x0000000098f00000, 0x0000000098f00000, 0x0000000099000000|  0%| F|  |TAMS 0x0000000098f00000, 0x0000000098f00000| Untracked 
| 238|0x0000000099000000, 0x0000000099000000, 0x0000000099100000|  0%| F|  |TAMS 0x0000000099000000, 0x0000000099000000| Untracked 
| 239|0x0000000099100000, 0x0000000099100000, 0x0000000099200000|  0%| F|  |TAMS 0x0000000099100000, 0x0000000099100000| Untracked 
| 240|0x0000000099200000, 0x0000000099200000, 0x0000000099300000|  0%| F|  |TAMS 0x0000000099200000, 0x0000000099200000| Untracked 
| 241|0x0000000099300000, 0x0000000099300000, 0x0000000099400000|  0%| F|  |TAMS 0x0000000099300000, 0x0000000099300000| Untracked 
| 242|0x0000000099400000, 0x0000000099400000, 0x0000000099500000|  0%| F|  |TAMS 0x0000000099400000, 0x0000000099400000| Untracked 
| 243|0x0000000099500000, 0x0000000099500000, 0x0000000099600000|  0%| F|  |TAMS 0x0000000099500000, 0x0000000099500000| Untracked 
| 244|0x0000000099600000, 0x0000000099600000, 0x0000000099700000|  0%| F|  |TAMS 0x0000000099600000, 0x0000000099600000| Untracked 
| 245|0x0000000099700000, 0x0000000099700000, 0x0000000099800000|  0%| F|  |TAMS 0x0000000099700000, 0x0000000099700000| Untracked 
| 246|0x0000000099800000, 0x0000000099800000, 0x0000000099900000|  0%| F|  |TAMS 0x0000000099800000, 0x0000000099800000| Untracked 
| 247|0x0000000099900000, 0x0000000099900000, 0x0000000099a00000|  0%| F|  |TAMS 0x0000000099900000, 0x0000000099900000| Untracked 
| 248|0x0000000099a00000, 0x0000000099a00000, 0x0000000099b00000|  0%| F|  |TAMS 0x0000000099a00000, 0x0000000099a00000| Untracked 
| 249|0x0000000099b00000, 0x0000000099b00000, 0x0000000099c00000|  0%| F|  |TAMS 0x0000000099b00000, 0x0000000099b00000| Untracked 
| 250|0x0000000099c00000, 0x0000000099c00000, 0x0000000099d00000|  0%| F|  |TAMS 0x0000000099c00000, 0x0000000099c00000| Untracked 
| 251|0x0000000099d00000, 0x0000000099d00000, 0x0000000099e00000|  0%| F|  |TAMS 0x0000000099d00000, 0x0000000099d00000| Untracked 
| 252|0x0000000099e00000, 0x0000000099e00000, 0x0000000099f00000|  0%| F|  |TAMS 0x0000000099e00000, 0x0000000099e00000| Untracked 
| 253|0x0000000099f00000, 0x0000000099f00000, 0x000000009a000000|  0%| F|  |TAMS 0x0000000099f00000, 0x0000000099f00000| Untracked 
| 254|0x000000009a000000, 0x000000009a000000, 0x000000009a100000|  0%| F|  |TAMS 0x000000009a000000, 0x000000009a000000| Untracked 
| 255|0x000000009a100000, 0x000000009a100000, 0x000000009a200000|  0%| F|  |TAMS 0x000000009a100000, 0x000000009a100000| Untracked 
| 256|0x000000009a200000, 0x000000009a200000, 0x000000009a300000|  0%| F|  |TAMS 0x000000009a200000, 0x000000009a200000| Untracked 
| 257|0x000000009a300000, 0x000000009a300000, 0x000000009a400000|  0%| F|  |TAMS 0x000000009a300000, 0x000000009a300000| Untracked 
| 258|0x000000009a400000, 0x000000009a400000, 0x000000009a500000|  0%| F|  |TAMS 0x000000009a400000, 0x000000009a400000| Untracked 
| 259|0x000000009a500000, 0x000000009a500000, 0x000000009a600000|  0%| F|  |TAMS 0x000000009a500000, 0x000000009a500000| Untracked 
| 260|0x000000009a600000, 0x000000009a600000, 0x000000009a700000|  0%| F|  |TAMS 0x000000009a600000, 0x000000009a600000| Untracked 
| 261|0x000000009a700000, 0x000000009a700000, 0x000000009a800000|  0%| F|  |TAMS 0x000000009a700000, 0x000000009a700000| Untracked 
| 262|0x000000009a800000, 0x000000009a800000, 0x000000009a900000|  0%| F|  |TAMS 0x000000009a800000, 0x000000009a800000| Untracked 
| 263|0x000000009a900000, 0x000000009a900000, 0x000000009aa00000|  0%| F|  |TAMS 0x000000009a900000, 0x000000009a900000| Untracked 
| 264|0x000000009aa00000, 0x000000009aa00000, 0x000000009ab00000|  0%| F|  |TAMS 0x000000009aa00000, 0x000000009aa00000| Untracked 
| 265|0x000000009ab00000, 0x000000009ab00000, 0x000000009ac00000|  0%| F|  |TAMS 0x000000009ab00000, 0x000000009ab00000| Untracked 
| 266|0x000000009ac00000, 0x000000009ac00000, 0x000000009ad00000|  0%| F|  |TAMS 0x000000009ac00000, 0x000000009ac00000| Untracked 
| 267|0x000000009ad00000, 0x000000009ad00000, 0x000000009ae00000|  0%| F|  |TAMS 0x000000009ad00000, 0x000000009ad00000| Untracked 
| 268|0x000000009ae00000, 0x000000009ae00000, 0x000000009af00000|  0%| F|  |TAMS 0x000000009ae00000, 0x000000009ae00000| Untracked 
| 269|0x000000009af00000, 0x000000009af00000, 0x000000009b000000|  0%| F|  |TAMS 0x000000009af00000, 0x000000009af00000| Untracked 
| 270|0x000000009b000000, 0x000000009b000000, 0x000000009b100000|  0%| F|  |TAMS 0x000000009b000000, 0x000000009b000000| Untracked 
| 271|0x000000009b100000, 0x000000009b100000, 0x000000009b200000|  0%| F|  |TAMS 0x000000009b100000, 0x000000009b100000| Untracked 
| 272|0x000000009b200000, 0x000000009b200000, 0x000000009b300000|  0%| F|  |TAMS 0x000000009b200000, 0x000000009b200000| Untracked 
| 273|0x000000009b300000, 0x000000009b300000, 0x000000009b400000|  0%| F|  |TAMS 0x000000009b300000, 0x000000009b300000| Untracked 
| 274|0x000000009b400000, 0x000000009b400000, 0x000000009b500000|  0%| F|  |TAMS 0x000000009b400000, 0x000000009b400000| Untracked 
| 275|0x000000009b500000, 0x000000009b500000, 0x000000009b600000|  0%| F|  |TAMS 0x000000009b500000, 0x000000009b500000| Untracked 
| 276|0x000000009b600000, 0x000000009b600000, 0x000000009b700000|  0%| F|  |TAMS 0x000000009b600000, 0x000000009b600000| Untracked 
| 277|0x000000009b700000, 0x000000009b700000, 0x000000009b800000|  0%| F|  |TAMS 0x000000009b700000, 0x000000009b700000| Untracked 
| 278|0x000000009b800000, 0x000000009b800000, 0x000000009b900000|  0%| F|  |TAMS 0x000000009b800000, 0x000000009b800000| Untracked 
| 279|0x000000009b900000, 0x000000009b900000, 0x000000009ba00000|  0%| F|  |TAMS 0x000000009b900000, 0x000000009b900000| Untracked 
| 280|0x000000009ba00000, 0x000000009ba00000, 0x000000009bb00000|  0%| F|  |TAMS 0x000000009ba00000, 0x000000009ba00000| Untracked 
| 281|0x000000009bb00000, 0x000000009bb00000, 0x000000009bc00000|  0%| F|  |TAMS 0x000000009bb00000, 0x000000009bb00000| Untracked 
| 282|0x000000009bc00000, 0x000000009bc00000, 0x000000009bd00000|  0%| F|  |TAMS 0x000000009bc00000, 0x000000009bc00000| Untracked 
| 283|0x000000009bd00000, 0x000000009bd00000, 0x000000009be00000|  0%| F|  |TAMS 0x000000009bd00000, 0x000000009bd00000| Untracked 
| 284|0x000000009be00000, 0x000000009be00000, 0x000000009bf00000|  0%| F|  |TAMS 0x000000009be00000, 0x000000009be00000| Untracked 
| 285|0x000000009bf00000, 0x000000009bf00000, 0x000000009c000000|  0%| F|  |TAMS 0x000000009bf00000, 0x000000009bf00000| Untracked 
| 286|0x000000009c000000, 0x000000009c000000, 0x000000009c100000|  0%| F|  |TAMS 0x000000009c000000, 0x000000009c000000| Untracked 
| 287|0x000000009c100000, 0x000000009c100000, 0x000000009c200000|  0%| F|  |TAMS 0x000000009c100000, 0x000000009c100000| Untracked 
| 288|0x000000009c200000, 0x000000009c200000, 0x000000009c300000|  0%| F|  |TAMS 0x000000009c200000, 0x000000009c200000| Untracked 
| 289|0x000000009c300000, 0x000000009c300000, 0x000000009c400000|  0%| F|  |TAMS 0x000000009c300000, 0x000000009c300000| Untracked 
| 290|0x000000009c400000, 0x000000009c400000, 0x000000009c500000|  0%| F|  |TAMS 0x000000009c400000, 0x000000009c400000| Untracked 
| 291|0x000000009c500000, 0x000000009c500000, 0x000000009c600000|  0%| F|  |TAMS 0x000000009c500000, 0x000000009c500000| Untracked 
| 292|0x000000009c600000, 0x000000009c600000, 0x000000009c700000|  0%| F|  |TAMS 0x000000009c600000, 0x000000009c600000| Untracked 
| 293|0x000000009c700000, 0x000000009c700000, 0x000000009c800000|  0%| F|  |TAMS 0x000000009c700000, 0x000000009c700000| Untracked 
| 294|0x000000009c800000, 0x000000009c800000, 0x000000009c900000|  0%| F|  |TAMS 0x000000009c800000, 0x000000009c800000| Untracked 
| 295|0x000000009c900000, 0x000000009c900000, 0x000000009ca00000|  0%| F|  |TAMS 0x000000009c900000, 0x000000009c900000| Untracked 
| 296|0x000000009ca00000, 0x000000009ca00000, 0x000000009cb00000|  0%| F|  |TAMS 0x000000009ca00000, 0x000000009ca00000| Untracked 
| 297|0x000000009cb00000, 0x000000009cb00000, 0x000000009cc00000|  0%| F|  |TAMS 0x000000009cb00000, 0x000000009cb00000| Untracked 
| 298|0x000000009cc00000, 0x000000009cc00000, 0x000000009cd00000|  0%| F|  |TAMS 0x000000009cc00000, 0x000000009cc00000| Untracked 
| 299|0x000000009cd00000, 0x000000009cd00000, 0x000000009ce00000|  0%| F|  |TAMS 0x000000009cd00000, 0x000000009cd00000| Untracked 
| 300|0x000000009ce00000, 0x000000009ce00000, 0x000000009cf00000|  0%| F|  |TAMS 0x000000009ce00000, 0x000000009ce00000| Untracked 
| 301|0x000000009cf00000, 0x000000009cf00000, 0x000000009d000000|  0%| F|  |TAMS 0x000000009cf00000, 0x000000009cf00000| Untracked 
| 302|0x000000009d000000, 0x000000009d000000, 0x000000009d100000|  0%| F|  |TAMS 0x000000009d000000, 0x000000009d000000| Untracked 
| 303|0x000000009d100000, 0x000000009d100000, 0x000000009d200000|  0%| F|  |TAMS 0x000000009d100000, 0x000000009d100000| Untracked 
| 304|0x000000009d200000, 0x000000009d200000, 0x000000009d300000|  0%| F|  |TAMS 0x000000009d200000, 0x000000009d200000| Untracked 
| 305|0x000000009d300000, 0x000000009d300000, 0x000000009d400000|  0%| F|  |TAMS 0x000000009d300000, 0x000000009d300000| Untracked 
| 306|0x000000009d400000, 0x000000009d400000, 0x000000009d500000|  0%| F|  |TAMS 0x000000009d400000, 0x000000009d400000| Untracked 
| 307|0x000000009d500000, 0x000000009d500000, 0x000000009d600000|  0%| F|  |TAMS 0x000000009d500000, 0x000000009d500000| Untracked 
| 308|0x000000009d600000, 0x000000009d600000, 0x000000009d700000|  0%| F|  |TAMS 0x000000009d600000, 0x000000009d600000| Untracked 
| 309|0x000000009d700000, 0x000000009d700000, 0x000000009d800000|  0%| F|  |TAMS 0x000000009d700000, 0x000000009d700000| Untracked 

Card table byte_map: [0x0000027e61de0000,0x0000027e62190000] _byte_map_base: 0x0000027e6198f000

Marking Bits (Prev, Next): (CMBitMap*) 0x0000027e59b23620, (CMBitMap*) 0x0000027e59b235e0
 Prev Bits: [0x0000027e642c0000, 0x0000027e66038000)
 Next Bits: [0x0000027e62540000, 0x0000027e642b8000)

Polling page: 0x0000027e59b90000

Metaspace:

Usage:
  Non-class:     34.52 MB used.
      Class:      5.08 MB used.
       Both:     39.60 MB used.

Virtual space:
  Non-class space:       40.00 MB reserved,      34.69 MB ( 87%) committed,  5 nodes.
      Class space:        1.00 GB reserved,       5.25 MB ( <1%) committed,  1 nodes.
             Both:        1.04 GB reserved,      39.94 MB (  4%) committed. 

Chunk freelists:
   Non-Class:  640.00 KB
       Class:  2.62 MB
        Both:  3.25 MB

MaxMetaspaceSize: unlimited
CompressedClassSpaceSize: 1.00 GB
Initial GC threshold: 21.00 MB
Current GC threshold: 59.94 MB
CDS: off
MetaspaceReclaimPolicy: balanced
 - commit_granule_bytes: 65536.
 - commit_granule_words: 8192.
 - virtual_space_node_default_size: 1048576.
 - enlarge_chunks_in_place: 1.
 - new_chunks_are_fully_committed: 0.
 - uncommit_free_chunks: 1.
 - use_allocation_guard: 0.
 - handle_deallocations: 1.


Internal statistics:

num_allocs_failed_limit: 8.
num_arena_births: 478.
num_arena_deaths: 0.
num_vsnodes_births: 6.
num_vsnodes_deaths: 0.
num_space_committed: 639.
num_space_uncommitted: 0.
num_chunks_returned_to_freelist: 8.
num_chunks_taken_from_freelist: 1705.
num_chunk_merges: 8.
num_chunk_splits: 1182.
num_chunks_enlarged: 895.
num_purges: 0.
num_inconsistent_stats: 0.

CodeCache: size=49152Kb used=9345Kb max_used=9345Kb free=39806Kb
 bounds [0x0000027e5df30000, 0x0000027e5e860000, 0x0000027e60f30000]
 total_blobs=4838 nmethods=4283 adapters=480
 compilation: enabled
              stopped_count=0, restarted_count=0
 full_count=0

Compilation events (20 events):
Event: 4.544 Thread 0x0000027e69a16260 4274  s    1       sun.nio.ch.ChannelInputStream::read (77 bytes)
Event: 4.544 Thread 0x0000027e6a262290 4275       1       org.eclipse.jdt.internal.compiler.classfmt.ClassFileStruct::u4At (73 bytes)
Event: 4.544 Thread 0x0000027e69808eb0 4276       1       org.eclipse.jdt.internal.compiler.classfmt.ModuleInfo::name (5 bytes)
Event: 4.544 Thread 0x0000027e69808eb0 nmethod 4276 0x0000027e5e84a310 code [0x0000027e5e84a4a0, 0x0000027e5e84a578]
Event: 4.544 Thread 0x0000027e6a262290 nmethod 4275 0x0000027e5e84a610 code [0x0000027e5e84a7a0, 0x0000027e5e84a918]
Event: 4.545 Thread 0x0000027e69a16260 nmethod 4274 0x0000027e5e84aa10 code [0x0000027e5e84ac20, 0x0000027e5e84b1b8]
Event: 4.549 Thread 0x0000027e6a262290 4277       1       nonapi.io.github.classgraph.fastzipfilereader.NestedJarHandler$5$1::newInstance (5 bytes)
Event: 4.549 Thread 0x0000027e6a262290 nmethod 4277 0x0000027e5e84b490 code [0x0000027e5e84b620, 0x0000027e5e84b768]
Event: 4.551 Thread 0x0000027e69a16260 4278   !   1       io.github.classgraph.ModuleReaderProxy::<init> (74 bytes)
Event: 4.552 Thread 0x0000027e69a16260 nmethod 4278 0x0000027e5e84b890 code [0x0000027e5e84baa0, 0x0000027e5e84c018]
Event: 4.564 Thread 0x0000027e69a16260 4279       1       java.lang.Class::getDeclaredConstructor (31 bytes)
Event: 4.564 Thread 0x0000027e69a16260 nmethod 4279 0x0000027e5e84c310 code [0x0000027e5e84c500, 0x0000027e5e84c818]
Event: 4.566 Thread 0x0000027e69a16260 4280       1       java.lang.String::valueOf (9 bytes)
Event: 4.566 Thread 0x0000027e69808eb0 4281   !   1       jdk.internal.reflect.GeneratedMethodAccessor19::invoke (61 bytes)
Event: 4.566 Thread 0x0000027e69a16260 nmethod 4280 0x0000027e5e84ca90 code [0x0000027e5e84cc20, 0x0000027e5e84cd68]
Event: 4.566 Thread 0x0000027e69808eb0 nmethod 4281 0x0000027e5e84ce90 code [0x0000027e5e84d0a0, 0x0000027e5e84d528]
Event: 4.570 Thread 0x0000027e6a262290 4282       1       java.util.zip.ZipFile$Source::initCEN (591 bytes)
Event: 4.572 Thread 0x0000027e6a262290 nmethod 4282 0x0000027e5e84d890 code [0x0000027e5e84dbe0, 0x0000027e5e84f1e8]
Event: 4.576 Thread 0x0000027e6a262290 4283   !   1       java.io.File::toPath (54 bytes)
Event: 4.576 Thread 0x0000027e6a262290 nmethod 4283 0x0000027e5e84fe90 code [0x0000027e5e850040, 0x0000027e5e850388]

GC Heap History (20 events):
Event: 3.765 GC heap after
{Heap after GC invocations=16 (full 0):
 garbage-first heap   total 80896K, used 46935K [0x000000008a200000, 0x0000000100000000)
  region size 1024K, 3 young (3072K), 3 survivors (3072K)
 Metaspace       used 36420K, committed 36800K, reserved 1081344K
  class space    used 4790K, committed 4928K, reserved 1048576K
}
Event: 3.908 GC heap before
{Heap before GC invocations=17 (full 0):
 garbage-first heap   total 91136K, used 62295K [0x000000008a200000, 0x0000000100000000)
  region size 1024K, 19 young (19456K), 3 survivors (3072K)
 Metaspace       used 37603K, committed 38016K, reserved 1089536K
  class space    used 4939K, committed 5120K, reserved 1048576K
}
Event: 3.913 GC heap after
{Heap after GC invocations=18 (full 0):
 garbage-first heap   total 158720K, used 50265K [0x000000008a200000, 0x0000000100000000)
  region size 1024K, 3 young (3072K), 3 survivors (3072K)
 Metaspace       used 37603K, committed 38016K, reserved 1089536K
  class space    used 4939K, committed 5120K, reserved 1048576K
}
Event: 3.954 GC heap before
{Heap before GC invocations=18 (full 0):
 garbage-first heap   total 158720K, used 53337K [0x000000008a200000, 0x0000000100000000)
  region size 1024K, 7 young (7168K), 3 survivors (3072K)
 Metaspace       used 37997K, committed 38400K, reserved 1089536K
  class space    used 4971K, committed 5120K, reserved 1048576K
}
Event: 3.957 GC heap after
{Heap after GC invocations=19 (full 0):
 garbage-first heap   total 158720K, used 50598K [0x000000008a200000, 0x0000000100000000)
  region size 1024K, 1 young (1024K), 1 survivors (1024K)
 Metaspace       used 37997K, committed 38400K, reserved 1089536K
  class space    used 4971K, committed 5120K, reserved 1048576K
}
Event: 4.072 GC heap before
{Heap before GC invocations=19 (full 0):
 garbage-first heap   total 158720K, used 111014K [0x000000008a200000, 0x0000000100000000)
  region size 1024K, 59 young (60416K), 1 survivors (1024K)
 Metaspace       used 39570K, committed 39936K, reserved 1089536K
  class space    used 5086K, committed 5248K, reserved 1048576K
}
Event: 4.093 GC heap after
{Heap after GC invocations=20 (full 0):
 garbage-first heap   total 158720K, used 67910K [0x000000008a200000, 0x0000000100000000)
  region size 1024K, 8 young (8192K), 8 survivors (8192K)
 Metaspace       used 39570K, committed 39936K, reserved 1089536K
  class space    used 5086K, committed 5248K, reserved 1048576K
}
Event: 4.104 GC heap before
{Heap before GC invocations=20 (full 0):
 garbage-first heap   total 158720K, used 104774K [0x000000008a200000, 0x0000000100000000)
  region size 1024K, 45 young (46080K), 8 survivors (8192K)
 Metaspace       used 39614K, committed 40000K, reserved 1089536K
  class space    used 5086K, committed 5248K, reserved 1048576K
}
Event: 4.108 GC heap after
{Heap after GC invocations=21 (full 0):
 garbage-first heap   total 158720K, used 70743K [0x000000008a200000, 0x0000000100000000)
  region size 1024K, 3 young (3072K), 3 survivors (3072K)
 Metaspace       used 39614K, committed 40000K, reserved 1089536K
  class space    used 5086K, committed 5248K, reserved 1048576K
}
Event: 4.131 GC heap before
{Heap before GC invocations=21 (full 0):
 garbage-first heap   total 158720K, used 109655K [0x000000008a200000, 0x0000000100000000)
  region size 1024K, 42 young (43008K), 3 survivors (3072K)
 Metaspace       used 39642K, committed 40000K, reserved 1089536K
  class space    used 5095K, committed 5248K, reserved 1048576K
}
Event: 4.134 GC heap after
{Heap after GC invocations=22 (full 0):
 garbage-first heap   total 317440K, used 71961K [0x000000008a200000, 0x0000000100000000)
  region size 1024K, 4 young (4096K), 4 survivors (4096K)
 Metaspace       used 39642K, committed 40000K, reserved 1089536K
  class space    used 5095K, committed 5248K, reserved 1048576K
}
Event: 4.342 GC heap before
{Heap before GC invocations=22 (full 0):
 garbage-first heap   total 317440K, used 229657K [0x000000008a200000, 0x0000000100000000)
  region size 1024K, 159 young (162816K), 4 survivors (4096K)
 Metaspace       used 39928K, committed 40320K, reserved 1089536K
  class space    used 5123K, committed 5312K, reserved 1048576K
}
Event: 4.347 GC heap after
{Heap after GC invocations=23 (full 0):
 garbage-first heap   total 317440K, used 79583K [0x000000008a200000, 0x0000000100000000)
  region size 1024K, 11 young (11264K), 11 survivors (11264K)
 Metaspace       used 39928K, committed 40320K, reserved 1089536K
  class space    used 5123K, committed 5312K, reserved 1048576K
}
Event: 4.407 GC heap before
{Heap before GC invocations=23 (full 0):
 garbage-first heap   total 317440K, used 236255K [0x000000008a200000, 0x0000000100000000)
  region size 1024K, 165 young (168960K), 11 survivors (11264K)
 Metaspace       used 40278K, committed 40768K, reserved 1089536K
  class space    used 5160K, committed 5376K, reserved 1048576K
}
Event: 4.414 GC heap after
{Heap after GC invocations=24 (full 0):
 garbage-first heap   total 317440K, used 86076K [0x000000008a200000, 0x0000000100000000)
  region size 1024K, 16 young (16384K), 16 survivors (16384K)
 Metaspace       used 40278K, committed 40768K, reserved 1089536K
  class space    used 5160K, committed 5376K, reserved 1048576K
}
Event: 4.483 GC heap before
{Heap before GC invocations=24 (full 0):
 garbage-first heap   total 317440K, used 243772K [0x000000008a200000, 0x0000000100000000)
  region size 1024K, 171 young (175104K), 16 survivors (16384K)
 Metaspace       used 40401K, committed 40832K, reserved 1089536K
  class space    used 5175K, committed 5376K, reserved 1048576K
}
Event: 4.492 GC heap after
{Heap after GC invocations=25 (full 0):
 garbage-first heap   total 317440K, used 92933K [0x000000008a200000, 0x0000000100000000)
  region size 1024K, 14 young (14336K), 14 survivors (14336K)
 Metaspace       used 40401K, committed 40832K, reserved 1089536K
  class space    used 5175K, committed 5376K, reserved 1048576K
}
Event: 4.553 GC heap before
{Heap before GC invocations=25 (full 0):
 garbage-first heap   total 317440K, used 250629K [0x000000008a200000, 0x0000000100000000)
  region size 1024K, 169 young (173056K), 14 survivors (14336K)
 Metaspace       used 40538K, committed 40896K, reserved 1089536K
  class space    used 5201K, committed 5376K, reserved 1048576K
}
Event: 4.561 GC heap after
{Heap after GC invocations=26 (full 0):
 garbage-first heap   total 317440K, used 100222K [0x000000008a200000, 0x0000000100000000)
  region size 1024K, 15 young (15360K), 15 survivors (15360K)
 Metaspace       used 40538K, committed 40896K, reserved 1089536K
  class space    used 5201K, committed 5376K, reserved 1048576K
}
Event: 4.615 GC heap before
{Heap before GC invocations=26 (full 0):
 garbage-first heap   total 317440K, used 256894K [0x000000008a200000, 0x0000000100000000)
  region size 1024K, 168 young (172032K), 15 survivors (15360K)
 Metaspace       used 40555K, committed 40896K, reserved 1089536K
  class space    used 5206K, committed 5376K, reserved 1048576K
}

Dll operation events (8 events):
Event: 0.014 Loaded shared library c:\Users\yassi\.vscode\extensions\redhat.java-1.14.0-win32-x64\jre\17.0.5-win32-x86_64\bin\java.dll
Event: 0.230 Loaded shared library C:\Users\yassi\.vscode\extensions\redhat.java-1.14.0-win32-x64\jre\17.0.5-win32-x86_64\bin\net.dll
Event: 0.233 Loaded shared library C:\Users\yassi\.vscode\extensions\redhat.java-1.14.0-win32-x64\jre\17.0.5-win32-x86_64\bin\nio.dll
Event: 0.245 Loaded shared library C:\Users\yassi\.vscode\extensions\redhat.java-1.14.0-win32-x64\jre\17.0.5-win32-x86_64\bin\zip.dll
Event: 0.465 Loaded shared library C:\Users\yassi\.vscode\extensions\redhat.java-1.14.0-win32-x64\jre\17.0.5-win32-x86_64\bin\jimage.dll
Event: 0.591 Loaded shared library c:\Users\yassi\.vscode\extensions\redhat.java-1.14.0-win32-x64\jre\17.0.5-win32-x86_64\bin\verify.dll
Event: 3.046 Loaded shared library C:\Users\yassi\.vscode\extensions\redhat.java-1.14.0-win32-x64\jre\17.0.5-win32-x86_64\bin\management.dll
Event: 3.049 Loaded shared library C:\Users\yassi\.vscode\extensions\redhat.java-1.14.0-win32-x64\jre\17.0.5-win32-x86_64\bin\management_ext.dll

Deoptimization events (10 events):
Event: 1.679 Thread 0x0000027e59acb690 DEOPT PACKING pc=0x0000027e5e43a299 sp=0x000000cebf4fd610
Event: 1.679 Thread 0x0000027e59acb690 DEOPT UNPACKING pc=0x0000027e5df82b43 sp=0x000000cebf4fcaf0 mode 3
Event: 3.283 Thread 0x0000027e6af1f8e0 DEOPT PACKING pc=0x0000027e5e649b35 sp=0x000000cec17fd360
Event: 3.283 Thread 0x0000027e6af1f8e0 DEOPT UNPACKING pc=0x0000027e5df82b43 sp=0x000000cec17fc888 mode 3
Event: 3.425 Thread 0x0000027e6b093150 DEOPT PACKING pc=0x0000027e5e66ecab sp=0x000000cec20fe400
Event: 3.425 Thread 0x0000027e6b093150 DEOPT UNPACKING pc=0x0000027e5df82b43 sp=0x000000cec20fd948 mode 3
Event: 3.578 Thread 0x0000027e6b1e71b0 DEOPT PACKING pc=0x0000027e5e440481 sp=0x000000cec27fee90
Event: 3.578 Thread 0x0000027e6b1e71b0 DEOPT UNPACKING pc=0x0000027e5df82b43 sp=0x000000cec27fe320 mode 3
Event: 3.695 Thread 0x0000027e6b1eb510 DEOPT PACKING pc=0x0000027e5e439017 sp=0x000000cec28fedb0
Event: 3.695 Thread 0x0000027e6b1eb510 DEOPT UNPACKING pc=0x0000027e5df82b43 sp=0x000000cec28fe208 mode 3

Classes unloaded (0 events):
No events

Classes redefined (0 events):
No events

Internal exceptions (20 events):
Event: 3.462 Thread 0x0000027e6b091940 Exception <a 'sun/nio/fs/WindowsException'{0x000000008d525df0}> (0x000000008d525df0) 
thrown [s\src\hotspot\share\prims\jni.cpp, line 516]
Event: 3.462 Thread 0x0000027e6b091940 Exception <a 'sun/nio/fs/WindowsException'{0x000000008d526840}> (0x000000008d526840) 
thrown [s\src\hotspot\share\prims\jni.cpp, line 516]
Event: 3.462 Thread 0x0000027e6b091940 Exception <a 'sun/nio/fs/WindowsException'{0x000000008d526c50}> (0x000000008d526c50) 
thrown [s\src\hotspot\share\prims\jni.cpp, line 516]
Event: 3.462 Thread 0x0000027e6b091940 Exception <a 'sun/nio/fs/WindowsException'{0x000000008d527678}> (0x000000008d527678) 
thrown [s\src\hotspot\share\prims\jni.cpp, line 516]
Event: 3.462 Thread 0x0000027e6b091940 Exception <a 'sun/nio/fs/WindowsException'{0x000000008d527a58}> (0x000000008d527a58) 
thrown [s\src\hotspot\share\prims\jni.cpp, line 516]
Event: 3.462 Thread 0x0000027e6b091940 Exception <a 'sun/nio/fs/WindowsException'{0x000000008d528448}> (0x000000008d528448) 
thrown [s\src\hotspot\share\prims\jni.cpp, line 516]
Event: 3.462 Thread 0x0000027e6b091940 Exception <a 'sun/nio/fs/WindowsException'{0x000000008d5287f0}> (0x000000008d5287f0) 
thrown [s\src\hotspot\share\prims\jni.cpp, line 516]
Event: 3.463 Thread 0x0000027e6b091940 Exception <a 'sun/nio/fs/WindowsException'{0x000000008d431308}> (0x000000008d431308) 
thrown [s\src\hotspot\share\prims\jni.cpp, line 516]
Event: 3.463 Thread 0x0000027e6b091940 Exception <a 'sun/nio/fs/WindowsException'{0x000000008d4316c8}> (0x000000008d4316c8) 
thrown [s\src\hotspot\share\prims\jni.cpp, line 516]
Event: 3.463 Thread 0x0000027e6b091940 Exception <a 'sun/nio/fs/WindowsException'{0x000000008d4320c8}> (0x000000008d4320c8) 
thrown [s\src\hotspot\share\prims\jni.cpp, line 516]
Event: 3.463 Thread 0x0000027e6b091940 Exception <a 'sun/nio/fs/WindowsException'{0x000000008d432478}> (0x000000008d432478) 
thrown [s\src\hotspot\share\prims\jni.cpp, line 516]
Event: 3.463 Thread 0x0000027e6b091940 Exception <a 'sun/nio/fs/WindowsException'{0x000000008d432e78}> (0x000000008d432e78) 
thrown [s\src\hotspot\share\prims\jni.cpp, line 516]
Event: 3.463 Thread 0x0000027e6b091940 Exception <a 'sun/nio/fs/WindowsException'{0x000000008d433238}> (0x000000008d433238) 
thrown [s\src\hotspot\share\prims\jni.cpp, line 516]
Event: 3.464 Thread 0x0000027e6b091940 Exception <a 'sun/nio/fs/WindowsException'{0x000000008d433c60}> (0x000000008d433c60) 
thrown [s\src\hotspot\share\prims\jni.cpp, line 516]
Event: 3.464 Thread 0x0000027e6b091940 Exception <a 'sun/nio/fs/WindowsException'{0x000000008d434040}> (0x000000008d434040) 
thrown [s\src\hotspot\share\prims\jni.cpp, line 516]
Event: 3.464 Thread 0x0000027e6b091940 Exception <a 'sun/nio/fs/WindowsException'{0x000000008d434a78}> (0x000000008d434a78) 
thrown [s\src\hotspot\share\prims\jni.cpp, line 516]
Event: 3.464 Thread 0x0000027e6b091940 Exception <a 'sun/nio/fs/WindowsException'{0x000000008d434e68}> (0x000000008d434e68) 
thrown [s\src\hotspot\share\prims\jni.cpp, line 516]
Event: 3.464 Thread 0x0000027e6b091940 Exception <a 'sun/nio/fs/WindowsException'{0x000000008d435890}> (0x000000008d435890) 
thrown [s\src\hotspot\share\prims\jni.cpp, line 516]
Event: 3.464 Thread 0x0000027e6b091940 Exception <a 'sun/nio/fs/WindowsException'{0x000000008d435c80}> (0x000000008d435c80) 
thrown [s\src\hotspot\share\prims\jni.cpp, line 516]
Event: 4.404 Thread 0x0000027e6af1f8e0 Exception <a 'java/lang/NoSuchMethodError'{0x00000000949b5820}: 'java.lang.Object java.lang.invoke.Invokers$Holder.invoke_MT(java.lang.Object, java.lang.Object, java.lang.Object)'> (0x00000000949b5820) 
thrown [s\src\hotspot\share\interpreter\linkResolver.cpp, line 759]

VM Operations (20 events):
Event: 4.385 Executing VM operation: HandshakeAllThreads done
Event: 4.387 Executing VM operation: HandshakeAllThreads
Event: 4.390 Executing VM operation: HandshakeAllThreads done
Event: 4.406 Executing VM operation: G1CollectForAllocation
Event: 4.406 Executing VM operation: G1CollectForAllocation done
Event: 4.406 Executing VM operation: G1CollectForAllocation
Event: 4.414 Executing VM operation: G1CollectForAllocation done
Event: 4.468 Executing VM operation: HandshakeAllThreads
Event: 4.471 Executing VM operation: HandshakeAllThreads done
Event: 4.483 Executing VM operation: G1CollectForAllocation
Event: 4.483 Executing VM operation: G1CollectForAllocation done
Event: 4.483 Executing VM operation: G1CollectForAllocation
Event: 4.492 Executing VM operation: G1CollectForAllocation done
Event: 4.552 Executing VM operation: G1CollectForAllocation
Event: 4.552 Executing VM operation: G1CollectForAllocation done
Event: 4.552 Executing VM operation: G1CollectForAllocation
Event: 4.561 Executing VM operation: G1CollectForAllocation done
Event: 4.614 Executing VM operation: G1CollectForAllocation
Event: 4.614 Executing VM operation: G1CollectForAllocation done
Event: 4.615 Executing VM operation: G1CollectForAllocation

Events (20 events):
Event: 4.405 loading class sun/nio/ch/Util$4
Event: 4.406 loading class sun/nio/ch/Util$4 done
Event: 4.406 loading class jdk/internal/access/foreign/MemorySegmentProxy
Event: 4.406 loading class jdk/internal/access/foreign/MemorySegmentProxy done
Event: 4.416 loading class java/io/UTFDataFormatException
Event: 4.417 loading class java/io/UTFDataFormatException done
Event: 4.419 loading class java/nio/file/ClosedDirectoryStreamException
Event: 4.419 loading class java/nio/file/ClosedDirectoryStreamException done
Event: 4.419 loading class jdk/internal/jrtfs/JrtFileSystem
Event: 4.419 loading class jdk/internal/jrtfs/JrtFileSystem done
Event: 4.419 loading class jdk/internal/jrtfs/JrtPath
Event: 4.420 loading class jdk/internal/jrtfs/JrtPath done
Event: 4.471 loading class java/nio/file/Files$3
Event: 4.471 loading class java/nio/file/Files$3 done
Event: 4.471 loading class java/nio/file/FileVisitResult
Event: 4.471 loading class java/nio/file/FileVisitResult done
Event: 4.514 loading class java/nio/channels/Channels$ReadableByteChannelImpl
Event: 4.514 loading class java/nio/channels/Channels$ReadableByteChannelImpl done
Event: 4.514 loading class java/nio/channels/NonWritableChannelException
Event: 4.514 loading class java/nio/channels/NonWritableChannelException done


Dynamic libraries:
0x00007ff7ce470000 - 0x00007ff7ce47e000 	c:\Users\yassi\.vscode\extensions\redhat.java-1.14.0-win32-x64\jre\17.0.5-win32-x86_64\bin\java.exe
0x00007ffcdf820000 - 0x00007ffcdfa29000 	C:\WINDOWS\SYSTEM32\ntdll.dll
0x00007ffcdd7a0000 - 0x00007ffcdd85e000 	C:\WINDOWS\System32\KERNEL32.DLL
0x00007ffcdd180000 - 0x00007ffcdd4fb000 	C:\WINDOWS\System32\KERNELBASE.dll
0x00007ffcdd500000 - 0x00007ffcdd611000 	C:\WINDOWS\System32\ucrtbase.dll
0x00007ffcd44f0000 - 0x00007ffcd4507000 	c:\Users\yassi\.vscode\extensions\redhat.java-1.14.0-win32-x64\jre\17.0.5-win32-x86_64\bin\jli.dll
0x00007ffcd8620000 - 0x00007ffcd8639000 	c:\Users\yassi\.vscode\extensions\redhat.java-1.14.0-win32-x64\jre\17.0.5-win32-x86_64\bin\VCRUNTIME140.dll
0x00007ffcde350000 - 0x00007ffcde4fd000 	C:\WINDOWS\System32\USER32.dll
0x00007ffcdd150000 - 0x00007ffcdd176000 	C:\WINDOWS\System32\win32u.dll
0x00007ffcc7c10000 - 0x00007ffcc7eb5000 	C:\WINDOWS\WinSxS\amd64_microsoft.windows.common-controls_6595b64144ccf1df_6.0.22000.120_none_9d947278b86cc467\COMCTL32.dll
0x00007ffcdedb0000 - 0x00007ffcdedd9000 	C:\WINDOWS\System32\GDI32.dll
0x00007ffcde0a0000 - 0x00007ffcde143000 	C:\WINDOWS\System32\msvcrt.dll
0x00007ffcdccf0000 - 0x00007ffcdce08000 	C:\WINDOWS\System32\gdi32full.dll
0x00007ffcdcf40000 - 0x00007ffcdcfdd000 	C:\WINDOWS\System32\msvcp_win.dll
0x00007ffcde500000 - 0x00007ffcde532000 	C:\WINDOWS\System32\IMM32.DLL
0x00007ffcd86a0000 - 0x00007ffcd86ac000 	c:\Users\yassi\.vscode\extensions\redhat.java-1.14.0-win32-x64\jre\17.0.5-win32-x86_64\bin\vcruntime140_1.dll
0x00007ffcaca10000 - 0x00007ffcacaa1000 	c:\Users\yassi\.vscode\extensions\redhat.java-1.14.0-win32-x64\jre\17.0.5-win32-x86_64\bin\msvcp140.dll
0x00007ffc5c5b0000 - 0x00007ffc5d1f4000 	c:\Users\yassi\.vscode\extensions\redhat.java-1.14.0-win32-x64\jre\17.0.5-win32-x86_64\bin\server\jvm.dll
0x00007ffcded00000 - 0x00007ffcdedae000 	C:\WINDOWS\System32\ADVAPI32.dll
0x00007ffcdd700000 - 0x00007ffcdd79e000 	C:\WINDOWS\System32\sechost.dll
0x00007ffcde150000 - 0x00007ffcde270000 	C:\WINDOWS\System32\RPCRT4.dll
0x00007ffcd8510000 - 0x00007ffcd8543000 	C:\WINDOWS\SYSTEM32\WINMM.dll
0x00007ffcd8010000 - 0x00007ffcd801a000 	C:\WINDOWS\SYSTEM32\VERSION.dll
0x00007ffcbc760000 - 0x00007ffcbc769000 	C:\WINDOWS\SYSTEM32\WSOCK32.dll
0x00007ffcde9c0000 - 0x00007ffcdea2f000 	C:\WINDOWS\System32\WS2_32.dll
0x00007ffcdbd50000 - 0x00007ffcdbd68000 	C:\WINDOWS\SYSTEM32\kernel.appcore.dll
0x00007ffccff00000 - 0x00007ffccff0a000 	c:\Users\yassi\.vscode\extensions\redhat.java-1.14.0-win32-x64\jre\17.0.5-win32-x86_64\bin\jimage.dll
0x00007ffcda9e0000 - 0x00007ffcdac01000 	C:\WINDOWS\SYSTEM32\DBGHELP.DLL
0x00007ffcceb80000 - 0x00007ffccebb1000 	C:\WINDOWS\SYSTEM32\dbgcore.DLL
0x00007ffcdd620000 - 0x00007ffcdd69f000 	C:\WINDOWS\System32\bcryptPrimitives.dll
0x00007ffcbd640000 - 0x00007ffcbd665000 	c:\Users\yassi\.vscode\extensions\redhat.java-1.14.0-win32-x64\jre\17.0.5-win32-x86_64\bin\java.dll
0x00007ffcbe350000 - 0x00007ffcbe368000 	c:\Users\yassi\.vscode\extensions\redhat.java-1.14.0-win32-x64\jre\17.0.5-win32-x86_64\bin\zip.dll
0x00007ffcdeed0000 - 0x00007ffcdf687000 	C:\WINDOWS\System32\SHELL32.dll
0x00007ffcdada0000 - 0x00007ffcdb605000 	C:\WINDOWS\SYSTEM32\windows.storage.dll
0x00007ffcddbf0000 - 0x00007ffcddf68000 	C:\WINDOWS\System32\combase.dll
0x00007ffcdac30000 - 0x00007ffcdad96000 	C:\WINDOWS\SYSTEM32\wintypes.dll
0x00007ffcddfa0000 - 0x00007ffcde08a000 	C:\WINDOWS\System32\SHCORE.dll
0x00007ffcdea60000 - 0x00007ffcdeabd000 	C:\WINDOWS\System32\shlwapi.dll
0x00007ffcdcc20000 - 0x00007ffcdcc41000 	C:\WINDOWS\SYSTEM32\profapi.dll
0x00007ffcad800000 - 0x00007ffcad819000 	C:\Users\yassi\.vscode\extensions\redhat.java-1.14.0-win32-x64\jre\17.0.5-win32-x86_64\bin\net.dll
0x00007ffcd8330000 - 0x00007ffcd8444000 	C:\WINDOWS\SYSTEM32\WINHTTP.dll
0x00007ffcdc210000 - 0x00007ffcdc277000 	C:\WINDOWS\system32\mswsock.dll
0x00007ffcaae20000 - 0x00007ffcaae35000 	C:\Users\yassi\.vscode\extensions\redhat.java-1.14.0-win32-x64\jre\17.0.5-win32-x86_64\bin\nio.dll
0x00007ffcce810000 - 0x00007ffcce820000 	c:\Users\yassi\.vscode\extensions\redhat.java-1.14.0-win32-x64\jre\17.0.5-win32-x86_64\bin\verify.dll
0x00007ffcdc460000 - 0x00007ffcdc478000 	C:\WINDOWS\SYSTEM32\CRYPTSP.dll
0x00007ffcdbca0000 - 0x00007ffcdbcd5000 	C:\WINDOWS\system32\rsaenh.dll
0x00007ffcdc300000 - 0x00007ffcdc329000 	C:\WINDOWS\SYSTEM32\USERENV.dll
0x00007ffcdc650000 - 0x00007ffcdc677000 	C:\WINDOWS\SYSTEM32\bcrypt.dll
0x00007ffcdc450000 - 0x00007ffcdc45c000 	C:\WINDOWS\SYSTEM32\CRYPTBASE.dll
0x00007ffcdb870000 - 0x00007ffcdb89d000 	C:\WINDOWS\SYSTEM32\IPHLPAPI.DLL
0x00007ffcde9b0000 - 0x00007ffcde9b9000 	C:\WINDOWS\System32\NSI.dll
0x00007ffcd8550000 - 0x00007ffcd8569000 	C:\WINDOWS\SYSTEM32\dhcpcsvc6.DLL
0x00007ffcd8920000 - 0x00007ffcd893e000 	C:\WINDOWS\SYSTEM32\dhcpcsvc.DLL
0x00007ffcdb8a0000 - 0x00007ffcdb988000 	C:\WINDOWS\SYSTEM32\DNSAPI.dll
0x00007ffcd8680000 - 0x00007ffcd8689000 	C:\Users\yassi\.vscode\extensions\redhat.java-1.14.0-win32-x64\jre\17.0.5-win32-x86_64\bin\management.dll
0x00007ffcd4570000 - 0x00007ffcd457b000 	C:\Users\yassi\.vscode\extensions\redhat.java-1.14.0-win32-x64\jre\17.0.5-win32-x86_64\bin\management_ext.dll
0x00007ffcddf90000 - 0x00007ffcddf98000 	C:\WINDOWS\System32\PSAPI.DLL

dbghelp: loaded successfully - version: 4.0.5 - missing functions: none
symbol engine: initialized successfully - sym options: 0x614 - pdb path: .;c:\Users\yassi\.vscode\extensions\redhat.java-1.14.0-win32-x64\jre\17.0.5-win32-x86_64\bin;C:\WINDOWS\SYSTEM32;C:\WINDOWS\WinSxS\amd64_microsoft.windows.common-controls_6595b64144ccf1df_6.0.22000.120_none_9d947278b86cc467;c:\Users\yassi\.vscode\extensions\redhat.java-1.14.0-win32-x64\jre\17.0.5-win32-x86_64\bin\server

VM Arguments:
jvm_args: -Dsts.lsp.client=vscode -Dsts.log.file=/dev/null -XX:TieredStopAtLevel=1 -Xlog:jni+resolve=off -Dspring.config.location=file:c:\Users\yassi\.vscode\extensions\pivotal.vscode-spring-boot-1.43.0\language-server\BOOT-INF\classes\application.properties 
java_command: org.springframework.ide.vscode.boot.app.BootLanguageServerBootApp
java_class_path (initial): c:\Users\yassi\.vscode\extensions\pivotal.vscode-spring-boot-1.43.0\language-server\BOOT-INF\classes;c:\Users\yassi\.vscode\extensions\pivotal.vscode-spring-boot-1.43.0\language-server\BOOT-INF\lib\annotations-23.1.0.jar;c:\Users\yassi\.vscode\extensions\pivotal.vscode-spring-boot-1.43.0\language-server\BOOT-INF\lib\ant-1.10.12.jar;c:\Users\yassi\.vscode\extensions\pivotal.vscode-spring-boot-1.43.0\language-server\BOOT-INF\lib\ant-launcher-1.10.12.jar;c:\Users\yassi\.vscode\extensions\pivotal.vscode-spring-boot-1.43.0\language-server\BOOT-INF\lib\antlr-runtime-3.5.2.jar;c:\Users\yassi\.vscode\extensions\pivotal.vscode-spring-boot-1.43.0\language-server\BOOT-INF\lib\antlr4-4.9.3.jar;c:\Users\yassi\.vscode\extensions\pivotal.vscode-spring-boot-1.43.0\language-server\BOOT-INF\lib\antlr4-runtime-4.9.3.jar;c:\Users\yassi\.vscode\extensions\pivotal.vscode-spring-boot-1.43.0\language-server\BOOT-INF\lib\apiguardian-api-1.1.2.jar;c:\Users\yassi\.vscode\extensions\pivotal.vscode-spring-boot-1.43.0\language-server\BOOT-INF\lib\asm-9.4.jar;c:\Users\yassi\.vscode\extensions\pivotal.vscode-spring-boot-1.43.0\language-server\BOOT-INF\lib\asm-analysis-9.4.jar;c:\Users\yassi\.vscode\extensions\pivotal.vscode-spring-boot-1.43.0\language-server\BOOT-INF\lib\asm-tree-9.4.jar;c:\Users\yassi\.vscode\extensions\pivotal.vscode-spring-boot-1.43.0\language-server\BOOT-INF\lib\asm-util-9.4.jar;c:\Users\yassi\.vscode\extensions\pivotal.vscode-spring-boot-1.43.0\language-server\BOOT-INF\lib\caffeine-3.1.2.jar;c:\Users\yassi\.vscode\extensions\pivotal.vscode-spring-boot-1.43.0\language-server\BOOT-INF\lib\checker-qual-3.12.0.jar;c:\Users\yassi\.vscode\extensions\pivotal.vscode-spring-boot-1.43.0\language-server\BOOT-INF\lib\ci-environment-9.1.0.jar;c:\Users\yassi\.vscode\extensions\pivotal.vscode-spring-boot-1.43.0\language-server\BOOT-INF\lib\classgraph-4.8.149.jar;c:\Users\yassi\.vscode\extensions\pivotal.vscode-spring-boot-1.43.0\language-server\BOOT-INF\lib\comm
Launcher Type: SUN_STANDARD

[Global flags]
     intx CICompilerCount                          = 4                                         {product} {ergonomic}
     uint ConcGCThreads                            = 3                                         {product} {ergonomic}
     uint G1ConcRefinementThreads                  = 10                                        {product} {ergonomic}
   size_t G1HeapRegionSize                         = 1048576                                   {product} {ergonomic}
    uintx GCDrainStackTargetSize                   = 64                                        {product} {ergonomic}
   size_t InitialHeapSize                          = 123731968                                 {product} {ergonomic}
   size_t MarkStackSize                            = 4194304                                   {product} {ergonomic}
   size_t MaxHeapSize                              = 1977614336                                {product} {ergonomic}
   size_t MaxNewSize                               = 1185939456                                {product} {ergonomic}
   size_t MinHeapDeltaBytes                        = 1048576                                   {product} {ergonomic}
   size_t MinHeapSize                              = 8388608                                   {product} {ergonomic}
    uintx NonProfiledCodeHeapSize                  = 0                                      {pd product} {ergonomic}
     bool ProfileInterpreter                       = false                                  {pd product} {command line}
    uintx ProfiledCodeHeapSize                     = 0                                      {pd product} {ergonomic}
   size_t SoftMaxHeapSize                          = 1977614336                             {manageable} {ergonomic}
     intx TieredStopAtLevel                        = 1                                         {product} {command line}
     bool UseCompressedClassPointers               = true                           {product lp64_product} {ergonomic}
     bool UseCompressedOops                        = true                           {product lp64_product} {ergonomic}
     bool UseG1GC                                  = true                                      {product} {ergonomic}
     bool UseLargePagesIndividualAllocation        = false                                  {pd product} {ergonomic}

Logging:
Log output configuration:
 #0: stdout all=warning,jni+resolve=off uptime,level,tags
 #1: stderr all=off uptime,level,tags

Environment Variables:
JAVA_HOME=C:\Program Files\Java\jdk-19.0.1
PATH=C:\Program Files\Common Files\Oracle\Java\javapath;C:\ProgramData\Oracle\Java\javapath;C:\Program Files (x86)\VMware\VMware Player\bin\;C:\windows\system32;C:\windows;C:\windows\System32\Wbem;C:\windows\System32\WindowsPowerShell\v1.0\;C:\windows\System32\OpenSSH\;C:\Program Files (x86)\NVIDIA Corporation\PhysX\Common;C:\Program Files\NVIDIA Corporation\NVIDIA NvDLISR;C:\Program Files\apache-maven-3.8.6\bin;C:\Program Files\dotnet\;C:\Program Files\Microsoft SQL Server\130\Tools\Binn\;C:\php;C:\Program Files\Microsoft SQL Server\Client SDK\ODBC\170\Tools\Binn\;C:\Program Files\Azure Data Studio\bin;C:\WINDOWS\system32;C:\WINDOWS;C:\WINDOWS\System32\Wbem;C:\WINDOWS\System32\WindowsPowerShell\v1.0\;C:\WINDOWS\System32\OpenSSH\;C:\wamp64\bin\php\php5.6.40;C:\ProgramData\ComposerSetup\bin;C:\Program Files\Git\cmd;C:\Program Files\nodejs\;C:\ProgramData\chocolatey\bin;C:\Program Files\PuTTY\;C:\Program Files\Java\jdk-19.0.1\bin;C:\Program Files\MySQL\MySQL Shell 8.0\bin\;C:\Users\yassi\AppData\Local\Microsoft\WindowsApps;C:\Users\yassi\.dotnet\tools;C:\Users\yassi\AppData\Local\Programs\Python\Python39;C:\Users\yassi\AppData\Local\Programs\Python\Python39\Scripts\;C:\Users\yassi\AppData\Local\Packages\PythonSoftwareFoundation.Python.3.8_qbz5n2kfra8p0\LocalCache\local-packages\Python38\Scripts;C:\Program Files\Azure Data Studio\bin;C:\Program Files\Microsoft VS Code\bin;C:\Users\yassi\AppData\Roaming\Composer\vendor\bin;C:\php;C:\Windows\Systemp32;;C:\Program Files\JetBrains\PhpStorm 2021.2.1\bin;;C:\Users\yassi\AppData\Roaming\npm;C:\Program Files\JetBrains\IntelliJ IDEA Community Edition 2022.3\bin;
USERNAME=yassi
OS=Windows_NT
PROCESSOR_IDENTIFIER=AMD64 Family 23 Model 96 Stepping 1, AuthenticAMD
TMP=C:\Users\yassi\AppData\Local\Temp
TEMP=C:\Users\yassi\AppData\Local\Temp



---------------  S Y S T E M  ---------------

OS:
 Windows 11 , 64 bit Build 22000 (10.0.22000.1335)
OS uptime: 7 days 14:31 hours
Hyper-V role detected

CPU: total 12 (initial active 12) (12 cores per cpu, 2 threads per core) family 23 model 96 stepping 1 microcode 0x0, cx8, cmov, fxsr, ht, mmx, 3dnowpref, sse, sse2, sse3, ssse3, sse4a, sse4.1, sse4.2, popcnt, lzcnt, tsc, tscinvbit, avx, avx2, aes, clmul, bmi1, bmi2, adx, sha, fma, vzeroupper, clflush, clflushopt, hv

Memory: 4k page, system-wide physical 7541M (51M free)
TotalPageFile size 31093M (AvailPageFile size 286M)
current process WorkingSet (physical memory assigned to process): 440M, peak: 440M
current process commit charge ("private bytes"): 472M, peak: 782M

vm_info: OpenJDK 64-Bit Server VM (17.0.5+8) for windows-amd64 JRE (17.0.5+8), built on Oct 19 2022 04:48:13 by "temurin" with MS VC++ 16.7 (VS2019)

END.
